{"/Users/kqin/dev/sciss-app/sciss/src/api/applicationApi.js": {"path":"/Users/kqin/dev/sciss-app/sciss/src/api/applicationApi.js","statementMap":{"0":{"start":{"line":148,"column":13},"end":{"line":148,"column":27}},"1":{"start":{"line":16,"column":13},"end":{"line":16,"column":30}},"2":{"start":{"line":117,"column":13},"end":{"line":117,"column":26}},"3":{"start":{"line":158,"column":13},"end":{"line":158,"column":35}},"4":{"start":{"line":6,"column":21},"end":{"line":6,"column":52}},"5":{"start":{"line":8,"column":18},"end":{"line":11,"column":null}},"6":{"start":{"line":16,"column":33},"end":{"line":113,"column":null}},"7":{"start":{"line":17,"column":2},"end":{"line":112,"column":null}},"8":{"start":{"line":19,"column":23},"end":{"line":19,"column":null}},"9":{"start":{"line":22,"column":28},"end":{"line":53,"column":null}},"10":{"start":{"line":56,"column":4},"end":{"line":56,"column":null}},"11":{"start":{"line":59,"column":4},"end":{"line":61,"column":null}},"12":{"start":{"line":60,"column":6},"end":{"line":60,"column":null}},"13":{"start":{"line":64,"column":21},"end":{"line":68,"column":null}},"14":{"start":{"line":70,"column":19},"end":{"line":70,"column":null}},"15":{"start":{"line":72,"column":4},"end":{"line":76,"column":null}},"16":{"start":{"line":73,"column":6},"end":{"line":74,"column":null}},"17":{"start":{"line":78,"column":4},"end":{"line":80,"column":null}},"18":{"start":{"line":79,"column":6},"end":{"line":79,"column":null}},"19":{"start":{"line":82,"column":4},"end":{"line":88,"column":null}},"20":{"start":{"line":90,"column":4},"end":{"line":90,"column":null}},"21":{"start":{"line":93,"column":23},"end":{"line":93,"column":null}},"22":{"start":{"line":95,"column":4},"end":{"line":109,"column":null}},"23":{"start":{"line":96,"column":6},"end":{"line":97,"column":null}},"24":{"start":{"line":98,"column":11},"end":{"line":109,"column":null}},"25":{"start":{"line":99,"column":6},"end":{"line":100,"column":null}},"26":{"start":{"line":101,"column":11},"end":{"line":109,"column":null}},"27":{"start":{"line":105,"column":6},"end":{"line":106,"column":null}},"28":{"start":{"line":107,"column":11},"end":{"line":109,"column":null}},"29":{"start":{"line":108,"column":6},"end":{"line":108,"column":null}},"30":{"start":{"line":111,"column":4},"end":{"line":111,"column":null}},"31":{"start":{"line":117,"column":29},"end":{"line":144,"column":null}},"32":{"start":{"line":118,"column":2},"end":{"line":118,"column":null}},"33":{"start":{"line":119,"column":2},"end":{"line":143,"column":null}},"34":{"start":{"line":120,"column":21},"end":{"line":126,"column":null}},"35":{"start":{"line":128,"column":19},"end":{"line":128,"column":null}},"36":{"start":{"line":130,"column":4},"end":{"line":134,"column":null}},"37":{"start":{"line":131,"column":6},"end":{"line":132,"column":null}},"38":{"start":{"line":136,"column":4},"end":{"line":139,"column":null}},"39":{"start":{"line":141,"column":4},"end":{"line":141,"column":null}},"40":{"start":{"line":142,"column":4},"end":{"line":142,"column":null}},"41":{"start":{"line":148,"column":30},"end":{"line":154,"column":null}},"42":{"start":{"line":149,"column":2},"end":{"line":149,"column":null}},"43":{"start":{"line":149,"column":19},"end":{"line":149,"column":null}},"44":{"start":{"line":150,"column":12},"end":{"line":150,"column":null}},"45":{"start":{"line":151,"column":16},"end":{"line":151,"column":null}},"46":{"start":{"line":152,"column":12},"end":{"line":152,"column":null}},"47":{"start":{"line":153,"column":2},"end":{"line":153,"column":null}},"48":{"start":{"line":158,"column":38},"end":{"line":187,"column":null}},"49":{"start":{"line":159,"column":23},"end":{"line":165,"column":null}},"50":{"start":{"line":166,"column":18},"end":{"line":166,"column":35}},"51":{"start":{"line":168,"column":2},"end":{"line":170,"column":null}},"52":{"start":{"line":169,"column":4},"end":{"line":169,"column":28}},"53":{"start":{"line":172,"column":2},"end":{"line":177,"column":null}},"54":{"start":{"line":173,"column":4},"end":{"line":176,"column":null}},"55":{"start":{"line":179,"column":2},"end":{"line":184,"column":null}},"56":{"start":{"line":180,"column":4},"end":{"line":183,"column":null}},"57":{"start":{"line":186,"column":2},"end":{"line":186,"column":null}}},"fnMap":{"0":{"name":"(anonymous_5)","decl":{"start":{"line":16,"column":33},"end":{"line":16,"column":40}},"loc":{"start":{"line":16,"column":40},"end":{"line":113,"column":null}}},"1":{"name":"(anonymous_6)","decl":{"start":{"line":117,"column":29},"end":{"line":117,"column":36}},"loc":{"start":{"line":117,"column":36},"end":{"line":144,"column":null}}},"2":{"name":"(anonymous_7)","decl":{"start":{"line":148,"column":30},"end":{"line":148,"column":31}},"loc":{"start":{"line":148,"column":31},"end":{"line":154,"column":null}}},"3":{"name":"(anonymous_8)","decl":{"start":{"line":158,"column":38},"end":{"line":158,"column":39}},"loc":{"start":{"line":158,"column":39},"end":{"line":187,"column":null}}}},"branchMap":{"0":{"loc":{"start":{"line":59,"column":4},"end":{"line":61,"column":null}},"type":"if","locations":[{"start":{"line":59,"column":4},"end":{"line":61,"column":null}},{"start":{},"end":{}}]},"1":{"loc":{"start":{"line":59,"column":8},"end":{"line":59,"column":68}},"type":"binary-expr","locations":[{"start":{"line":59,"column":8},"end":{"line":59,"column":27}},{"start":{"line":59,"column":31},"end":{"line":59,"column":68}}]},"2":{"loc":{"start":{"line":72,"column":4},"end":{"line":76,"column":null}},"type":"if","locations":[{"start":{"line":72,"column":4},"end":{"line":76,"column":null}},{"start":{},"end":{}}]},"3":{"loc":{"start":{"line":74,"column":8},"end":{"line":74,"column":73}},"type":"binary-expr","locations":[{"start":{"line":74,"column":8},"end":{"line":74,"column":20}},{"start":{"line":74,"column":24},"end":{"line":74,"column":73}}]},"4":{"loc":{"start":{"line":78,"column":4},"end":{"line":80,"column":null}},"type":"if","locations":[{"start":{"line":78,"column":4},"end":{"line":80,"column":null}},{"start":{},"end":{}}]},"5":{"loc":{"start":{"line":79,"column":22},"end":{"line":79,"column":null}},"type":"binary-expr","locations":[{"start":{"line":79,"column":22},"end":{"line":79,"column":34}},{"start":{"line":79,"column":38},"end":{"line":79,"column":null}}]},"6":{"loc":{"start":{"line":95,"column":4},"end":{"line":109,"column":null}},"type":"if","locations":[{"start":{"line":95,"column":4},"end":{"line":109,"column":null}},{"start":{"line":98,"column":11},"end":{"line":109,"column":null}}]},"7":{"loc":{"start":{"line":95,"column":8},"end":{"line":95,"column":78}},"type":"binary-expr","locations":[{"start":{"line":95,"column":8},"end":{"line":95,"column":45}},{"start":{"line":95,"column":45},"end":{"line":95,"column":78}}]},"8":{"loc":{"start":{"line":98,"column":11},"end":{"line":109,"column":null}},"type":"if","locations":[{"start":{"line":98,"column":11},"end":{"line":109,"column":null}},{"start":{"line":101,"column":11},"end":{"line":109,"column":null}}]},"9":{"loc":{"start":{"line":101,"column":11},"end":{"line":109,"column":null}},"type":"if","locations":[{"start":{"line":101,"column":11},"end":{"line":109,"column":null}},{"start":{"line":107,"column":11},"end":{"line":109,"column":null}}]},"10":{"loc":{"start":{"line":102,"column":6},"end":{"line":103,"column":null}},"type":"binary-expr","locations":[{"start":{"line":102,"column":6},"end":{"line":102,"column":null}},{"start":{"line":103,"column":6},"end":{"line":103,"column":null}}]},"11":{"loc":{"start":{"line":107,"column":11},"end":{"line":109,"column":null}},"type":"if","locations":[{"start":{"line":107,"column":11},"end":{"line":109,"column":null}},{"start":{},"end":{}}]},"12":{"loc":{"start":{"line":130,"column":4},"end":{"line":134,"column":null}},"type":"if","locations":[{"start":{"line":130,"column":4},"end":{"line":134,"column":null}},{"start":{},"end":{}}]},"13":{"loc":{"start":{"line":132,"column":8},"end":{"line":132,"column":73}},"type":"binary-expr","locations":[{"start":{"line":132,"column":8},"end":{"line":132,"column":20}},{"start":{"line":132,"column":24},"end":{"line":132,"column":73}}]},"14":{"loc":{"start":{"line":149,"column":2},"end":{"line":149,"column":null}},"type":"if","locations":[{"start":{"line":149,"column":2},"end":{"line":149,"column":null}},{"start":{},"end":{}}]},"15":{"loc":{"start":{"line":168,"column":2},"end":{"line":170,"column":null}},"type":"if","locations":[{"start":{"line":168,"column":2},"end":{"line":170,"column":null}},{"start":{},"end":{}}]},"16":{"loc":{"start":{"line":172,"column":2},"end":{"line":177,"column":null}},"type":"if","locations":[{"start":{"line":172,"column":2},"end":{"line":177,"column":null}},{"start":{},"end":{}}]},"17":{"loc":{"start":{"line":179,"column":2},"end":{"line":184,"column":null}},"type":"if","locations":[{"start":{"line":179,"column":2},"end":{"line":184,"column":null}},{"start":{},"end":{}}]}},"s":{"0":4,"1":4,"2":3,"3":4,"4":1,"5":1,"6":1,"7":4,"8":4,"9":4,"10":4,"11":4,"12":1,"13":4,"14":3,"15":3,"16":1,"17":2,"18":0,"19":2,"20":2,"21":2,"22":2,"23":1,"24":1,"25":0,"26":1,"27":0,"28":1,"29":1,"30":2,"31":1,"32":3,"33":3,"34":3,"35":2,"36":2,"37":1,"38":1,"39":2,"40":2,"41":1,"42":4,"43":1,"44":3,"45":3,"46":3,"47":3,"48":1,"49":4,"50":4,"51":4,"52":1,"53":3,"54":1,"55":2,"56":1,"57":1},"f":{"0":4,"1":3,"2":4,"3":4},"b":{"0":[1,3],"1":[4,1],"2":[1,2],"3":[1,0],"4":[0,2],"5":[0,0],"6":[1,1],"7":[2,1],"8":[0,1],"9":[0,1],"10":[1,1],"11":[1,0],"12":[1,1],"13":[1,0],"14":[1,3],"15":[1,3],"16":[1,2],"17":[1,1]}}
,"/Users/kqin/dev/sciss-app/sciss/src/components/forms/ApplicationForm.js": {"path":"/Users/kqin/dev/sciss-app/sciss/src/components/forms/ApplicationForm.js","statementMap":{"0":{"start":{"line":984,"column":0},"end":{"line":984,"column":15}},"1":{"start":{"line":1,"column":27},"end":{"line":1,"column":null}},"2":{"start":{"line":2,"column":24},"end":{"line":2,"column":null}},"3":{"start":{"line":3,"column":35},"end":{"line":3,"column":null}},"4":{"start":{"line":4,"column":26},"end":{"line":4,"column":null}},"5":{"start":{"line":5,"column":53},"end":{"line":5,"column":null}},"6":{"start":{"line":6,"column":23},"end":{"line":6,"column":null}},"7":{"start":{"line":7,"column":7},"end":{"line":7,"column":null}},"8":{"start":{"line":9,"column":29},"end":{"line":9,"column":null}},"9":{"start":{"line":10,"column":30},"end":{"line":10,"column":null}},"10":{"start":{"line":12,"column":24},"end":{"line":982,"column":null}},"11":{"start":{"line":26,"column":6},"end":{"line":26,"column":null}},"12":{"start":{"line":28,"column":17},"end":{"line":28,"column":null}},"13":{"start":{"line":29,"column":38},"end":{"line":29,"column":null}},"14":{"start":{"line":31,"column":48},"end":{"line":32,"column":null}},"15":{"start":{"line":34,"column":38},"end":{"line":34,"column":null}},"16":{"start":{"line":35,"column":29},"end":{"line":35,"column":null}},"17":{"start":{"line":36,"column":40},"end":{"line":36,"column":null}},"18":{"start":{"line":37,"column":30},"end":{"line":37,"column":null}},"19":{"start":{"line":38,"column":48},"end":{"line":38,"column":66}},"20":{"start":{"line":39,"column":42},"end":{"line":39,"column":null}},"21":{"start":{"line":42,"column":28},"end":{"line":50,"column":null}},"22":{"start":{"line":43,"column":4},"end":{"line":43,"column":null}},"23":{"start":{"line":43,"column":29},"end":{"line":43,"column":null}},"24":{"start":{"line":44,"column":4},"end":{"line":46,"column":null}},"25":{"start":{"line":45,"column":6},"end":{"line":45,"column":null}},"26":{"start":{"line":47,"column":4},"end":{"line":49,"column":null}},"27":{"start":{"line":48,"column":6},"end":{"line":48,"column":null}},"28":{"start":{"line":48,"column":31},"end":{"line":48,"column":null}},"29":{"start":{"line":53,"column":29},"end":{"line":61,"column":null}},"30":{"start":{"line":54,"column":4},"end":{"line":54,"column":null}},"31":{"start":{"line":54,"column":30},"end":{"line":54,"column":null}},"32":{"start":{"line":55,"column":4},"end":{"line":57,"column":null}},"33":{"start":{"line":56,"column":6},"end":{"line":56,"column":null}},"34":{"start":{"line":58,"column":4},"end":{"line":60,"column":null}},"35":{"start":{"line":59,"column":6},"end":{"line":59,"column":null}},"36":{"start":{"line":59,"column":32},"end":{"line":59,"column":null}},"37":{"start":{"line":64,"column":28},"end":{"line":103,"column":null}},"38":{"start":{"line":65,"column":27},"end":{"line":88,"column":null}},"39":{"start":{"line":90,"column":28},"end":{"line":100,"column":13}},"40":{"start":{"line":91,"column":6},"end":{"line":98,"column":null}},"41":{"start":{"line":92,"column":32},"end":{"line":92,"column":null}},"42":{"start":{"line":93,"column":8},"end":{"line":96,"column":null}},"43":{"start":{"line":99,"column":6},"end":{"line":99,"column":null}},"44":{"start":{"line":102,"column":4},"end":{"line":102,"column":null}},"45":{"start":{"line":106,"column":2},"end":{"line":109,"column":null}},"46":{"start":{"line":107,"column":21},"end":{"line":107,"column":null}},"47":{"start":{"line":108,"column":4},"end":{"line":108,"column":null}},"48":{"start":{"line":112,"column":21},"end":{"line":121,"column":null}},"49":{"start":{"line":113,"column":18},"end":{"line":113,"column":31}},"50":{"start":{"line":114,"column":4},"end":{"line":119,"column":null}},"51":{"start":{"line":115,"column":6},"end":{"line":115,"column":null}},"52":{"start":{"line":116,"column":11},"end":{"line":119,"column":null}},"53":{"start":{"line":118,"column":6},"end":{"line":118,"column":null}},"54":{"start":{"line":124,"column":26},"end":{"line":130,"column":null}},"55":{"start":{"line":125,"column":18},"end":{"line":125,"column":31}},"56":{"start":{"line":126,"column":4},"end":{"line":126,"column":null}},"57":{"start":{"line":127,"column":4},"end":{"line":129,"column":null}},"58":{"start":{"line":128,"column":6},"end":{"line":128,"column":null}},"59":{"start":{"line":133,"column":23},"end":{"line":141,"column":null}},"60":{"start":{"line":134,"column":4},"end":{"line":134,"column":null}},"61":{"start":{"line":135,"column":4},"end":{"line":139,"column":null}},"62":{"start":{"line":136,"column":6},"end":{"line":138,"column":null}},"63":{"start":{"line":137,"column":8},"end":{"line":137,"column":null}},"64":{"start":{"line":140,"column":4},"end":{"line":140,"column":null}},"65":{"start":{"line":144,"column":26},"end":{"line":149,"column":null}},"66":{"start":{"line":145,"column":23},"end":{"line":146,"column":null}},"67":{"start":{"line":146,"column":13},"end":{"line":146,"column":null}},"68":{"start":{"line":148,"column":4},"end":{"line":148,"column":null}},"69":{"start":{"line":152,"column":21},"end":{"line":162,"column":null}},"70":{"start":{"line":153,"column":4},"end":{"line":153,"column":null}},"71":{"start":{"line":154,"column":4},"end":{"line":154,"column":null}},"72":{"start":{"line":155,"column":4},"end":{"line":161,"column":null}},"73":{"start":{"line":156,"column":6},"end":{"line":156,"column":null}},"74":{"start":{"line":157,"column":6},"end":{"line":157,"column":null}},"75":{"start":{"line":158,"column":11},"end":{"line":161,"column":null}},"76":{"start":{"line":159,"column":6},"end":{"line":159,"column":null}},"77":{"start":{"line":160,"column":6},"end":{"line":160,"column":null}},"78":{"start":{"line":164,"column":21},"end":{"line":178,"column":null}},"79":{"start":{"line":165,"column":4},"end":{"line":165,"column":null}},"80":{"start":{"line":166,"column":4},"end":{"line":166,"column":null}},"81":{"start":{"line":167,"column":4},"end":{"line":167,"column":null}},"82":{"start":{"line":168,"column":4},"end":{"line":168,"column":null}},"83":{"start":{"line":170,"column":4},"end":{"line":177,"column":null}},"84":{"start":{"line":171,"column":19},"end":{"line":171,"column":42}},"85":{"start":{"line":172,"column":20},"end":{"line":172,"column":null}},"86":{"start":{"line":173,"column":6},"end":{"line":173,"column":null}},"87":{"start":{"line":175,"column":6},"end":{"line":175,"column":null}},"88":{"start":{"line":176,"column":6},"end":{"line":176,"column":null}},"89":{"start":{"line":176,"column":23},"end":{"line":176,"column":51}},"90":{"start":{"line":181,"column":27},"end":{"line":190,"column":null}},"91":{"start":{"line":182,"column":4},"end":{"line":182,"column":null}},"92":{"start":{"line":183,"column":4},"end":{"line":189,"column":null}},"93":{"start":{"line":184,"column":6},"end":{"line":184,"column":null}},"94":{"start":{"line":185,"column":6},"end":{"line":185,"column":null}},"95":{"start":{"line":185,"column":23},"end":{"line":185,"column":51}},"96":{"start":{"line":186,"column":11},"end":{"line":189,"column":null}},"97":{"start":{"line":187,"column":6},"end":{"line":187,"column":null}},"98":{"start":{"line":188,"column":6},"end":{"line":188,"column":null}},"99":{"start":{"line":188,"column":23},"end":{"line":188,"column":51}},"100":{"start":{"line":193,"column":34},"end":{"line":200,"column":null}},"101":{"start":{"line":194,"column":4},"end":{"line":194,"column":null}},"102":{"start":{"line":194,"column":34},"end":{"line":194,"column":null}},"103":{"start":{"line":195,"column":4},"end":{"line":196,"column":null}},"104":{"start":{"line":196,"column":6},"end":{"line":196,"column":null}},"105":{"start":{"line":197,"column":4},"end":{"line":198,"column":null}},"106":{"start":{"line":198,"column":6},"end":{"line":198,"column":null}},"107":{"start":{"line":199,"column":4},"end":{"line":199,"column":null}},"108":{"start":{"line":203,"column":31},"end":{"line":217,"column":null}},"109":{"start":{"line":204,"column":22},"end":{"line":204,"column":null}},"110":{"start":{"line":205,"column":20},"end":{"line":205,"column":null}},"111":{"start":{"line":207,"column":4},"end":{"line":211,"column":null}},"112":{"start":{"line":208,"column":6},"end":{"line":208,"column":null}},"113":{"start":{"line":209,"column":9},"end":{"line":211,"column":null}},"114":{"start":{"line":209,"column":42},"end":{"line":209,"column":null}},"115":{"start":{"line":210,"column":9},"end":{"line":211,"column":null}},"116":{"start":{"line":210,"column":44},"end":{"line":210,"column":null}},"117":{"start":{"line":211,"column":9},"end":{"line":211,"column":null}},"118":{"start":{"line":211,"column":42},"end":{"line":211,"column":null}},"119":{"start":{"line":213,"column":4},"end":{"line":213,"column":null}},"120":{"start":{"line":213,"column":31},"end":{"line":213,"column":null}},"121":{"start":{"line":214,"column":4},"end":{"line":214,"column":null}},"122":{"start":{"line":214,"column":34},"end":{"line":214,"column":null}},"123":{"start":{"line":216,"column":4},"end":{"line":216,"column":null}},"124":{"start":{"line":219,"column":25},"end":{"line":225,"column":null}},"125":{"start":{"line":220,"column":4},"end":{"line":220,"column":null}},"126":{"start":{"line":220,"column":21},"end":{"line":220,"column":null}},"127":{"start":{"line":221,"column":14},"end":{"line":221,"column":null}},"128":{"start":{"line":222,"column":18},"end":{"line":222,"column":null}},"129":{"start":{"line":223,"column":14},"end":{"line":223,"column":null}},"130":{"start":{"line":224,"column":4},"end":{"line":224,"column":null}},"131":{"start":{"line":227,"column":22},"end":{"line":242,"column":null}},"132":{"start":{"line":228,"column":16},"end":{"line":228,"column":null}},"133":{"start":{"line":229,"column":4},"end":{"line":241,"column":null}},"134":{"start":{"line":231,"column":8},"end":{"line":231,"column":null}},"135":{"start":{"line":234,"column":8},"end":{"line":234,"column":null}},"136":{"start":{"line":238,"column":8},"end":{"line":238,"column":null}},"137":{"start":{"line":240,"column":8},"end":{"line":240,"column":null}},"138":{"start":{"line":244,"column":2},"end":{"line":267,"column":null}},"139":{"start":{"line":257,"column":14},"end":{"line":257,"column":null}},"140":{"start":{"line":258,"column":14},"end":{"line":258,"column":null}},"141":{"start":{"line":408,"column":14},"end":{"line":408,"column":null}},"142":{"start":{"line":453,"column":14},"end":{"line":453,"column":41}},"143":{"start":{"line":477,"column":14},"end":{"line":477,"column":41}},"144":{"start":{"line":545,"column":14},"end":{"line":545,"column":41}},"145":{"start":{"line":575,"column":14},"end":{"line":575,"column":42}},"146":{"start":{"line":655,"column":14},"end":{"line":655,"column":40}},"147":{"start":{"line":691,"column":12},"end":{"line":691,"column":null}},"148":{"start":{"line":722,"column":12},"end":{"line":722,"column":38}},"149":{"start":{"line":822,"column":14},"end":{"line":822,"column":null}},"150":{"start":{"line":917,"column":20},"end":{"line":924,"column":null}},"151":{"start":{"line":918,"column":22},"end":{"line":923,"column":null}},"152":{"start":{"line":920,"column":24},"end":{"line":922,"column":null}},"153":{"start":{"line":921,"column":26},"end":{"line":921,"column":null}},"154":{"start":{"line":961,"column":16},"end":{"line":961,"column":null}},"155":{"start":{"line":962,"column":30},"end":{"line":962,"column":null}},"156":{"start":{"line":963,"column":16},"end":{"line":963,"column":null}},"157":{"start":{"line":984,"column":15},"end":{"line":984,"column":null}}},"fnMap":{"0":{"name":"(anonymous_2)","decl":{"start":{"line":12,"column":24},"end":{"line":12,"column":null}},"loc":{"start":{"line":12,"column":24},"end":{"line":982,"column":null}}},"1":{"name":"(anonymous_3)","decl":{"start":{"line":42,"column":28},"end":{"line":42,"column":29}},"loc":{"start":{"line":42,"column":29},"end":{"line":50,"column":null}}},"2":{"name":"(anonymous_4)","decl":{"start":{"line":43,"column":18},"end":{"line":43,"column":19}},"loc":{"start":{"line":43,"column":29},"end":{"line":43,"column":null}}},"3":{"name":"(anonymous_5)","decl":{"start":{"line":47,"column":51},"end":{"line":47,"column":null}},"loc":{"start":{"line":47,"column":51},"end":{"line":49,"column":7}}},"4":{"name":"(anonymous_6)","decl":{"start":{"line":48,"column":20},"end":{"line":48,"column":21}},"loc":{"start":{"line":48,"column":31},"end":{"line":48,"column":null}}},"5":{"name":"(anonymous_7)","decl":{"start":{"line":53,"column":29},"end":{"line":53,"column":30}},"loc":{"start":{"line":53,"column":30},"end":{"line":61,"column":null}}},"6":{"name":"(anonymous_8)","decl":{"start":{"line":54,"column":19},"end":{"line":54,"column":20}},"loc":{"start":{"line":54,"column":30},"end":{"line":54,"column":null}}},"7":{"name":"(anonymous_9)","decl":{"start":{"line":58,"column":52},"end":{"line":58,"column":null}},"loc":{"start":{"line":58,"column":52},"end":{"line":60,"column":7}}},"8":{"name":"(anonymous_10)","decl":{"start":{"line":59,"column":21},"end":{"line":59,"column":22}},"loc":{"start":{"line":59,"column":32},"end":{"line":59,"column":null}}},"9":{"name":"(anonymous_11)","decl":{"start":{"line":64,"column":28},"end":{"line":64,"column":null}},"loc":{"start":{"line":64,"column":28},"end":{"line":103,"column":null}}},"10":{"name":"(anonymous_12)","decl":{"start":{"line":90,"column":50},"end":{"line":90,"column":51}},"loc":{"start":{"line":90,"column":51},"end":{"line":100,"column":7}}},"11":{"name":"(anonymous_13)","decl":{"start":{"line":106,"column":12},"end":{"line":106,"column":null}},"loc":{"start":{"line":106,"column":12},"end":{"line":109,"column":5}}},"12":{"name":"(anonymous_14)","decl":{"start":{"line":112,"column":21},"end":{"line":112,"column":22}},"loc":{"start":{"line":112,"column":22},"end":{"line":121,"column":null}}},"13":{"name":"(anonymous_15)","decl":{"start":{"line":124,"column":26},"end":{"line":124,"column":27}},"loc":{"start":{"line":124,"column":27},"end":{"line":130,"column":null}}},"14":{"name":"(anonymous_16)","decl":{"start":{"line":133,"column":23},"end":{"line":133,"column":24}},"loc":{"start":{"line":133,"column":24},"end":{"line":141,"column":null}}},"15":{"name":"(anonymous_17)","decl":{"start":{"line":135,"column":36},"end":{"line":135,"column":37}},"loc":{"start":{"line":135,"column":37},"end":{"line":139,"column":null}}},"16":{"name":"(anonymous_18)","decl":{"start":{"line":144,"column":34},"end":{"line":144,"column":null}},"loc":{"start":{"line":144,"column":34},"end":{"line":149,"column":5}}},"17":{"name":"(anonymous_19)","decl":{"start":{"line":146,"column":6},"end":{"line":146,"column":7}},"loc":{"start":{"line":146,"column":13},"end":{"line":146,"column":null}}},"18":{"name":"(anonymous_20)","decl":{"start":{"line":152,"column":21},"end":{"line":152,"column":22}},"loc":{"start":{"line":152,"column":22},"end":{"line":162,"column":null}}},"19":{"name":"(anonymous_21)","decl":{"start":{"line":164,"column":21},"end":{"line":164,"column":22}},"loc":{"start":{"line":164,"column":22},"end":{"line":178,"column":null}}},"20":{"name":"(anonymous_22)","decl":{"start":{"line":176,"column":17},"end":{"line":176,"column":23}},"loc":{"start":{"line":176,"column":23},"end":{"line":176,"column":51}}},"21":{"name":"(anonymous_23)","decl":{"start":{"line":181,"column":27},"end":{"line":181,"column":28}},"loc":{"start":{"line":181,"column":28},"end":{"line":190,"column":null}}},"22":{"name":"(anonymous_24)","decl":{"start":{"line":185,"column":17},"end":{"line":185,"column":23}},"loc":{"start":{"line":185,"column":23},"end":{"line":185,"column":51}}},"23":{"name":"(anonymous_25)","decl":{"start":{"line":188,"column":17},"end":{"line":188,"column":23}},"loc":{"start":{"line":188,"column":23},"end":{"line":188,"column":51}}},"24":{"name":"(anonymous_26)","decl":{"start":{"line":193,"column":34},"end":{"line":193,"column":35}},"loc":{"start":{"line":193,"column":35},"end":{"line":200,"column":null}}},"25":{"name":"(anonymous_27)","decl":{"start":{"line":203,"column":31},"end":{"line":203,"column":null}},"loc":{"start":{"line":203,"column":31},"end":{"line":217,"column":null}}},"26":{"name":"(anonymous_28)","decl":{"start":{"line":219,"column":25},"end":{"line":219,"column":26}},"loc":{"start":{"line":219,"column":26},"end":{"line":225,"column":null}}},"27":{"name":"(anonymous_29)","decl":{"start":{"line":227,"column":22},"end":{"line":227,"column":23}},"loc":{"start":{"line":227,"column":23},"end":{"line":242,"column":null}}},"28":{"name":"(anonymous_30)","decl":{"start":{"line":256,"column":21},"end":{"line":256,"column":null}},"loc":{"start":{"line":256,"column":21},"end":{"line":259,"column":null}}},"29":{"name":"(anonymous_31)","decl":{"start":{"line":407,"column":22},"end":{"line":407,"column":23}},"loc":{"start":{"line":407,"column":23},"end":{"line":409,"column":null}}},"30":{"name":"(anonymous_32)","decl":{"start":{"line":452,"column":43},"end":{"line":452,"column":44}},"loc":{"start":{"line":453,"column":14},"end":{"line":453,"column":41}}},"31":{"name":"(anonymous_33)","decl":{"start":{"line":476,"column":48},"end":{"line":476,"column":49}},"loc":{"start":{"line":477,"column":14},"end":{"line":477,"column":41}}},"32":{"name":"(anonymous_34)","decl":{"start":{"line":544,"column":47},"end":{"line":544,"column":48}},"loc":{"start":{"line":545,"column":14},"end":{"line":545,"column":41}}},"33":{"name":"(anonymous_35)","decl":{"start":{"line":574,"column":42},"end":{"line":574,"column":43}},"loc":{"start":{"line":575,"column":14},"end":{"line":575,"column":42}}},"34":{"name":"(anonymous_36)","decl":{"start":{"line":654,"column":33},"end":{"line":654,"column":34}},"loc":{"start":{"line":655,"column":14},"end":{"line":655,"column":40}}},"35":{"name":"(anonymous_37)","decl":{"start":{"line":690,"column":41},"end":{"line":690,"column":42}},"loc":{"start":{"line":691,"column":12},"end":{"line":691,"column":null}}},"36":{"name":"(anonymous_38)","decl":{"start":{"line":721,"column":41},"end":{"line":721,"column":42}},"loc":{"start":{"line":722,"column":12},"end":{"line":722,"column":38}}},"37":{"name":"(anonymous_39)","decl":{"start":{"line":821,"column":22},"end":{"line":821,"column":23}},"loc":{"start":{"line":821,"column":23},"end":{"line":823,"column":null}}},"38":{"name":"(anonymous_40)","decl":{"start":{"line":915,"column":23},"end":{"line":915,"column":24}},"loc":{"start":{"line":915,"column":24},"end":{"line":925,"column":null}}},"39":{"name":"(anonymous_41)","decl":{"start":{"line":960,"column":23},"end":{"line":960,"column":24}},"loc":{"start":{"line":960,"column":24},"end":{"line":964,"column":null}}}},"branchMap":{"0":{"loc":{"start":{"line":32,"column":4},"end":{"line":32,"column":null}},"type":"binary-expr","locations":[{"start":{"line":32,"column":4},"end":{"line":32,"column":30}},{"start":{"line":32,"column":34},"end":{"line":32,"column":null}}]},"1":{"loc":{"start":{"line":44,"column":4},"end":{"line":46,"column":null}},"type":"if","locations":[{"start":{"line":44,"column":4},"end":{"line":46,"column":null}},{"start":{},"end":{}}]},"2":{"loc":{"start":{"line":55,"column":4},"end":{"line":57,"column":null}},"type":"if","locations":[{"start":{"line":55,"column":4},"end":{"line":57,"column":null}},{"start":{},"end":{}}]},"3":{"loc":{"start":{"line":91,"column":6},"end":{"line":98,"column":null}},"type":"if","locations":[{"start":{"line":91,"column":6},"end":{"line":98,"column":null}},{"start":{},"end":{}}]},"4":{"loc":{"start":{"line":94,"column":10},"end":{"line":96,"column":null}},"type":"binary-expr","locations":[{"start":{"line":94,"column":10},"end":{"line":94,"column":28}},{"start":{"line":95,"column":10},"end":{"line":95,"column":35}},{"start":{"line":96,"column":10},"end":{"line":96,"column":null}}]},"5":{"loc":{"start":{"line":99,"column":13},"end":{"line":99,"column":null}},"type":"binary-expr","locations":[{"start":{"line":99,"column":13},"end":{"line":99,"column":30}},{"start":{"line":99,"column":34},"end":{"line":99,"column":null}}]},"6":{"loc":{"start":{"line":114,"column":4},"end":{"line":119,"column":null}},"type":"if","locations":[{"start":{"line":114,"column":4},"end":{"line":119,"column":null}},{"start":{"line":116,"column":11},"end":{"line":119,"column":null}}]},"7":{"loc":{"start":{"line":116,"column":11},"end":{"line":119,"column":null}},"type":"if","locations":[{"start":{"line":116,"column":11},"end":{"line":119,"column":null}},{"start":{},"end":{}}]},"8":{"loc":{"start":{"line":116,"column":15},"end":{"line":116,"column":63}},"type":"binary-expr","locations":[{"start":{"line":116,"column":15},"end":{"line":116,"column":29}},{"start":{"line":116,"column":33},"end":{"line":116,"column":63}}]},"9":{"loc":{"start":{"line":127,"column":4},"end":{"line":129,"column":null}},"type":"if","locations":[{"start":{"line":127,"column":4},"end":{"line":129,"column":null}},{"start":{},"end":{}}]},"10":{"loc":{"start":{"line":136,"column":6},"end":{"line":138,"column":null}},"type":"if","locations":[{"start":{"line":136,"column":6},"end":{"line":138,"column":null}},{"start":{},"end":{}}]},"11":{"loc":{"start":{"line":148,"column":11},"end":{"line":148,"column":46}},"type":"cond-expr","locations":[{"start":{"line":148,"column":24},"end":{"line":148,"column":41}},{"start":{"line":148,"column":44},"end":{"line":148,"column":46}}]},"12":{"loc":{"start":{"line":155,"column":4},"end":{"line":161,"column":null}},"type":"if","locations":[{"start":{"line":155,"column":4},"end":{"line":161,"column":null}},{"start":{"line":158,"column":11},"end":{"line":161,"column":null}}]},"13":{"loc":{"start":{"line":155,"column":8},"end":{"line":155,"column":57}},"type":"binary-expr","locations":[{"start":{"line":155,"column":8},"end":{"line":155,"column":34}},{"start":{"line":155,"column":34},"end":{"line":155,"column":57}}]},"14":{"loc":{"start":{"line":158,"column":11},"end":{"line":161,"column":null}},"type":"if","locations":[{"start":{"line":158,"column":11},"end":{"line":161,"column":null}},{"start":{},"end":{}}]},"15":{"loc":{"start":{"line":170,"column":4},"end":{"line":177,"column":null}},"type":"if","locations":[{"start":{"line":170,"column":4},"end":{"line":177,"column":null}},{"start":{},"end":{}}]},"16":{"loc":{"start":{"line":170,"column":8},"end":{"line":170,"column":55}},"type":"binary-expr","locations":[{"start":{"line":170,"column":8},"end":{"line":170,"column":28}},{"start":{"line":170,"column":32},"end":{"line":170,"column":55}}]},"17":{"loc":{"start":{"line":183,"column":4},"end":{"line":189,"column":null}},"type":"if","locations":[{"start":{"line":183,"column":4},"end":{"line":189,"column":null}},{"start":{"line":186,"column":11},"end":{"line":189,"column":null}}]},"18":{"loc":{"start":{"line":183,"column":8},"end":{"line":183,"column":43}},"type":"binary-expr","locations":[{"start":{"line":183,"column":8},"end":{"line":183,"column":22}},{"start":{"line":183,"column":26},"end":{"line":183,"column":43}}]},"19":{"loc":{"start":{"line":186,"column":11},"end":{"line":189,"column":null}},"type":"if","locations":[{"start":{"line":186,"column":11},"end":{"line":189,"column":null}},{"start":{},"end":{}}]},"20":{"loc":{"start":{"line":194,"column":4},"end":{"line":194,"column":null}},"type":"if","locations":[{"start":{"line":194,"column":4},"end":{"line":194,"column":null}},{"start":{},"end":{}}]},"21":{"loc":{"start":{"line":195,"column":4},"end":{"line":196,"column":null}},"type":"if","locations":[{"start":{"line":195,"column":4},"end":{"line":196,"column":null}},{"start":{},"end":{}}]},"22":{"loc":{"start":{"line":195,"column":8},"end":{"line":195,"column":52}},"type":"binary-expr","locations":[{"start":{"line":195,"column":8},"end":{"line":195,"column":27}},{"start":{"line":195,"column":27},"end":{"line":195,"column":52}}]},"23":{"loc":{"start":{"line":197,"column":4},"end":{"line":198,"column":null}},"type":"if","locations":[{"start":{"line":197,"column":4},"end":{"line":198,"column":null}},{"start":{},"end":{}}]},"24":{"loc":{"start":{"line":197,"column":8},"end":{"line":197,"column":53}},"type":"binary-expr","locations":[{"start":{"line":197,"column":8},"end":{"line":197,"column":27}},{"start":{"line":197,"column":27},"end":{"line":197,"column":53}}]},"25":{"loc":{"start":{"line":207,"column":4},"end":{"line":211,"column":null}},"type":"if","locations":[{"start":{"line":207,"column":4},"end":{"line":211,"column":null}},{"start":{"line":209,"column":9},"end":{"line":211,"column":null}}]},"26":{"loc":{"start":{"line":207,"column":8},"end":{"line":207,"column":null}},"type":"binary-expr","locations":[{"start":{"line":207,"column":8},"end":{"line":207,"column":22}},{"start":{"line":207,"column":22},"end":{"line":207,"column":null}}]},"27":{"loc":{"start":{"line":209,"column":9},"end":{"line":211,"column":null}},"type":"if","locations":[{"start":{"line":209,"column":9},"end":{"line":211,"column":null}},{"start":{"line":210,"column":9},"end":{"line":211,"column":null}}]},"28":{"loc":{"start":{"line":210,"column":9},"end":{"line":211,"column":null}},"type":"if","locations":[{"start":{"line":210,"column":9},"end":{"line":211,"column":null}},{"start":{"line":211,"column":9},"end":{"line":211,"column":null}}]},"29":{"loc":{"start":{"line":211,"column":9},"end":{"line":211,"column":null}},"type":"if","locations":[{"start":{"line":211,"column":9},"end":{"line":211,"column":null}},{"start":{},"end":{}}]},"30":{"loc":{"start":{"line":213,"column":4},"end":{"line":213,"column":null}},"type":"if","locations":[{"start":{"line":213,"column":4},"end":{"line":213,"column":null}},{"start":{},"end":{}}]},"31":{"loc":{"start":{"line":214,"column":4},"end":{"line":214,"column":null}},"type":"if","locations":[{"start":{"line":214,"column":4},"end":{"line":214,"column":null}},{"start":{},"end":{}}]},"32":{"loc":{"start":{"line":220,"column":4},"end":{"line":220,"column":null}},"type":"if","locations":[{"start":{"line":220,"column":4},"end":{"line":220,"column":null}},{"start":{},"end":{}}]},"33":{"loc":{"start":{"line":229,"column":4},"end":{"line":241,"column":null}},"type":"switch","locations":[{"start":{"line":230,"column":6},"end":{"line":231,"column":null}},{"start":{"line":232,"column":6},"end":{"line":232,"column":null}},{"start":{"line":233,"column":6},"end":{"line":234,"column":null}},{"start":{"line":235,"column":6},"end":{"line":235,"column":null}},{"start":{"line":236,"column":6},"end":{"line":236,"column":null}},{"start":{"line":237,"column":6},"end":{"line":238,"column":null}},{"start":{"line":239,"column":6},"end":{"line":240,"column":null}}]},"34":{"loc":{"start":{"line":244,"column":2},"end":{"line":267,"column":null}},"type":"if","locations":[{"start":{"line":244,"column":2},"end":{"line":267,"column":null}},{"start":{},"end":{}}]},"35":{"loc":{"start":{"line":282,"column":7},"end":{"line":282,"column":null}},"type":"binary-expr","locations":[{"start":{"line":282,"column":7},"end":{"line":282,"column":null}}]},"36":{"loc":{"start":{"line":305,"column":13},"end":{"line":305,"column":null}},"type":"binary-expr","locations":[{"start":{"line":305,"column":13},"end":{"line":305,"column":null}}]},"37":{"loc":{"start":{"line":317,"column":16},"end":{"line":317,"column":null}},"type":"cond-expr","locations":[{"start":{"line":317,"column":50},"end":{"line":317,"column":72}},{"start":{"line":317,"column":72},"end":{"line":317,"column":null}}]},"38":{"loc":{"start":{"line":319,"column":16},"end":{"line":319,"column":null}},"type":"cond-expr","locations":[{"start":{"line":319,"column":51},"end":{"line":319,"column":74}},{"start":{"line":319,"column":74},"end":{"line":319,"column":null}}]},"39":{"loc":{"start":{"line":325,"column":13},"end":{"line":325,"column":null}},"type":"binary-expr","locations":[{"start":{"line":325,"column":13},"end":{"line":325,"column":null}}]},"40":{"loc":{"start":{"line":339,"column":16},"end":{"line":341,"column":null}},"type":"cond-expr","locations":[{"start":{"line":340,"column":20},"end":{"line":340,"column":null}},{"start":{"line":341,"column":20},"end":{"line":341,"column":null}}]},"41":{"loc":{"start":{"line":349,"column":13},"end":{"line":349,"column":null}},"type":"binary-expr","locations":[{"start":{"line":349,"column":13},"end":{"line":349,"column":null}}]},"42":{"loc":{"start":{"line":361,"column":16},"end":{"line":361,"column":null}},"type":"cond-expr","locations":[{"start":{"line":361,"column":49},"end":{"line":361,"column":71}},{"start":{"line":361,"column":71},"end":{"line":361,"column":null}}]},"43":{"loc":{"start":{"line":370,"column":11},"end":{"line":378,"column":null}},"type":"cond-expr","locations":[{"start":{"line":371,"column":12},"end":{"line":372,"column":32}},{"start":{"line":372,"column":14},"end":{"line":378,"column":null}}]},"44":{"loc":{"start":{"line":372,"column":14},"end":{"line":378,"column":null}},"type":"cond-expr","locations":[{"start":{"line":373,"column":12},"end":{"line":374,"column":null}},{"start":{"line":374,"column":14},"end":{"line":378,"column":null}}]},"45":{"loc":{"start":{"line":374,"column":14},"end":{"line":378,"column":null}},"type":"cond-expr","locations":[{"start":{"line":377,"column":12},"end":{"line":378,"column":null}},{"start":{"line":378,"column":14},"end":{"line":378,"column":null}}]},"46":{"loc":{"start":{"line":374,"column":14},"end":{"line":376,"column":38}},"type":"binary-expr","locations":[{"start":{"line":374,"column":14},"end":{"line":374,"column":null}},{"start":{"line":375,"column":12},"end":{"line":375,"column":35}},{"start":{"line":376,"column":12},"end":{"line":376,"column":38}}]},"47":{"loc":{"start":{"line":388,"column":14},"end":{"line":388,"column":null}},"type":"cond-expr","locations":[{"start":{"line":388,"column":43},"end":{"line":388,"column":65}},{"start":{"line":388,"column":65},"end":{"line":388,"column":null}}]},"48":{"loc":{"start":{"line":390,"column":14},"end":{"line":390,"column":null}},"type":"cond-expr","locations":[{"start":{"line":390,"column":44},"end":{"line":390,"column":67}},{"start":{"line":390,"column":67},"end":{"line":390,"column":null}}]},"49":{"loc":{"start":{"line":398,"column":11},"end":{"line":398,"column":null}},"type":"binary-expr","locations":[{"start":{"line":398,"column":11},"end":{"line":398,"column":null}}]},"50":{"loc":{"start":{"line":408,"column":63},"end":{"line":408,"column":75}},"type":"binary-expr","locations":[{"start":{"line":408,"column":63},"end":{"line":408,"column":72}},{"start":{"line":408,"column":72},"end":{"line":408,"column":75}}]},"51":{"loc":{"start":{"line":413,"column":14},"end":{"line":413,"column":null}},"type":"cond-expr","locations":[{"start":{"line":413,"column":42},"end":{"line":413,"column":64}},{"start":{"line":413,"column":64},"end":{"line":413,"column":null}}]},"52":{"loc":{"start":{"line":421,"column":11},"end":{"line":421,"column":null}},"type":"binary-expr","locations":[{"start":{"line":421,"column":11},"end":{"line":421,"column":null}}]},"53":{"loc":{"start":{"line":431,"column":14},"end":{"line":431,"column":null}},"type":"cond-expr","locations":[{"start":{"line":431,"column":40},"end":{"line":431,"column":62}},{"start":{"line":431,"column":62},"end":{"line":431,"column":null}}]},"54":{"loc":{"start":{"line":439,"column":11},"end":{"line":439,"column":null}},"type":"binary-expr","locations":[{"start":{"line":439,"column":11},"end":{"line":439,"column":null}}]},"55":{"loc":{"start":{"line":448,"column":14},"end":{"line":448,"column":null}},"type":"cond-expr","locations":[{"start":{"line":448,"column":37},"end":{"line":448,"column":59}},{"start":{"line":448,"column":59},"end":{"line":448,"column":null}}]},"56":{"loc":{"start":{"line":463,"column":11},"end":{"line":463,"column":null}},"type":"binary-expr","locations":[{"start":{"line":463,"column":11},"end":{"line":463,"column":null}}]},"57":{"loc":{"start":{"line":472,"column":14},"end":{"line":472,"column":null}},"type":"cond-expr","locations":[{"start":{"line":472,"column":42},"end":{"line":472,"column":64}},{"start":{"line":472,"column":64},"end":{"line":472,"column":null}}]},"58":{"loc":{"start":{"line":488,"column":11},"end":{"line":488,"column":null}},"type":"binary-expr","locations":[{"start":{"line":488,"column":11},"end":{"line":488,"column":null}}]},"59":{"loc":{"start":{"line":494,"column":19},"end":{"line":494,"column":null}},"type":"binary-expr","locations":[{"start":{"line":494,"column":19},"end":{"line":494,"column":47}},{"start":{"line":494,"column":51},"end":{"line":494,"column":null}}]},"60":{"loc":{"start":{"line":499,"column":14},"end":{"line":499,"column":null}},"type":"cond-expr","locations":[{"start":{"line":499,"column":48},"end":{"line":499,"column":70}},{"start":{"line":499,"column":70},"end":{"line":499,"column":null}}]},"61":{"loc":{"start":{"line":508,"column":11},"end":{"line":508,"column":null}},"type":"binary-expr","locations":[{"start":{"line":508,"column":11},"end":{"line":508,"column":null}}]},"62":{"loc":{"start":{"line":513,"column":19},"end":{"line":513,"column":null}},"type":"binary-expr","locations":[{"start":{"line":513,"column":19},"end":{"line":513,"column":45}},{"start":{"line":513,"column":49},"end":{"line":513,"column":null}}]},"63":{"loc":{"start":{"line":517,"column":14},"end":{"line":517,"column":null}},"type":"cond-expr","locations":[{"start":{"line":517,"column":46},"end":{"line":517,"column":68}},{"start":{"line":517,"column":68},"end":{"line":517,"column":null}}]},"64":{"loc":{"start":{"line":531,"column":11},"end":{"line":531,"column":null}},"type":"binary-expr","locations":[{"start":{"line":531,"column":11},"end":{"line":531,"column":null}}]},"65":{"loc":{"start":{"line":540,"column":14},"end":{"line":540,"column":null}},"type":"cond-expr","locations":[{"start":{"line":540,"column":41},"end":{"line":540,"column":63}},{"start":{"line":540,"column":63},"end":{"line":540,"column":null}}]},"66":{"loc":{"start":{"line":560,"column":11},"end":{"line":560,"column":null}},"type":"binary-expr","locations":[{"start":{"line":560,"column":11},"end":{"line":560,"column":null}}]},"67":{"loc":{"start":{"line":570,"column":14},"end":{"line":570,"column":null}},"type":"cond-expr","locations":[{"start":{"line":570,"column":46},"end":{"line":570,"column":68}},{"start":{"line":570,"column":68},"end":{"line":570,"column":null}}]},"68":{"loc":{"start":{"line":585,"column":11},"end":{"line":585,"column":null}},"type":"binary-expr","locations":[{"start":{"line":585,"column":11},"end":{"line":585,"column":null}}]},"69":{"loc":{"start":{"line":596,"column":14},"end":{"line":596,"column":null}},"type":"cond-expr","locations":[{"start":{"line":596,"column":47},"end":{"line":596,"column":69}},{"start":{"line":596,"column":69},"end":{"line":596,"column":null}}]},"70":{"loc":{"start":{"line":602,"column":11},"end":{"line":602,"column":null}},"type":"binary-expr","locations":[{"start":{"line":602,"column":11},"end":{"line":602,"column":null}}]},"71":{"loc":{"start":{"line":613,"column":14},"end":{"line":613,"column":null}},"type":"cond-expr","locations":[{"start":{"line":613,"column":47},"end":{"line":613,"column":69}},{"start":{"line":613,"column":69},"end":{"line":613,"column":null}}]},"72":{"loc":{"start":{"line":621,"column":11},"end":{"line":621,"column":null}},"type":"binary-expr","locations":[{"start":{"line":621,"column":11},"end":{"line":621,"column":null}}]},"73":{"loc":{"start":{"line":632,"column":14},"end":{"line":632,"column":null}},"type":"cond-expr","locations":[{"start":{"line":632,"column":43},"end":{"line":632,"column":65}},{"start":{"line":632,"column":65},"end":{"line":632,"column":null}}]},"74":{"loc":{"start":{"line":640,"column":11},"end":{"line":640,"column":null}},"type":"binary-expr","locations":[{"start":{"line":640,"column":11},"end":{"line":640,"column":null}}]},"75":{"loc":{"start":{"line":650,"column":14},"end":{"line":650,"column":null}},"type":"cond-expr","locations":[{"start":{"line":650,"column":44},"end":{"line":650,"column":66}},{"start":{"line":650,"column":66},"end":{"line":650,"column":null}}]},"76":{"loc":{"start":{"line":665,"column":11},"end":{"line":665,"column":null}},"type":"binary-expr","locations":[{"start":{"line":665,"column":11},"end":{"line":665,"column":null}}]},"77":{"loc":{"start":{"line":676,"column":14},"end":{"line":676,"column":null}},"type":"cond-expr","locations":[{"start":{"line":676,"column":42},"end":{"line":676,"column":64}},{"start":{"line":676,"column":64},"end":{"line":676,"column":null}}]},"78":{"loc":{"start":{"line":702,"column":18},"end":{"line":702,"column":null}},"type":"cond-expr","locations":[{"start":{"line":702,"column":41},"end":{"line":702,"column":63}},{"start":{"line":702,"column":63},"end":{"line":702,"column":null}}]},"79":{"loc":{"start":{"line":712,"column":9},"end":{"line":712,"column":null}},"type":"binary-expr","locations":[{"start":{"line":712,"column":9},"end":{"line":712,"column":null}}]},"80":{"loc":{"start":{"line":731,"column":18},"end":{"line":731,"column":null}},"type":"cond-expr","locations":[{"start":{"line":731,"column":41},"end":{"line":731,"column":63}},{"start":{"line":731,"column":63},"end":{"line":731,"column":null}}]},"81":{"loc":{"start":{"line":738,"column":9},"end":{"line":738,"column":null}},"type":"binary-expr","locations":[{"start":{"line":738,"column":9},"end":{"line":738,"column":null}}]},"82":{"loc":{"start":{"line":751,"column":13},"end":{"line":751,"column":null}},"type":"binary-expr","locations":[{"start":{"line":751,"column":13},"end":{"line":751,"column":null}}]},"83":{"loc":{"start":{"line":763,"column":16},"end":{"line":763,"column":null}},"type":"cond-expr","locations":[{"start":{"line":763,"column":49},"end":{"line":763,"column":71}},{"start":{"line":763,"column":71},"end":{"line":763,"column":null}}]},"84":{"loc":{"start":{"line":771,"column":13},"end":{"line":771,"column":null}},"type":"binary-expr","locations":[{"start":{"line":771,"column":13},"end":{"line":771,"column":null}}]},"85":{"loc":{"start":{"line":783,"column":16},"end":{"line":783,"column":null}},"type":"cond-expr","locations":[{"start":{"line":783,"column":48},"end":{"line":783,"column":70}},{"start":{"line":783,"column":70},"end":{"line":783,"column":null}}]},"86":{"loc":{"start":{"line":792,"column":11},"end":{"line":792,"column":null}},"type":"binary-expr","locations":[{"start":{"line":792,"column":11},"end":{"line":792,"column":null}}]},"87":{"loc":{"start":{"line":804,"column":14},"end":{"line":804,"column":null}},"type":"cond-expr","locations":[{"start":{"line":804,"column":42},"end":{"line":804,"column":64}},{"start":{"line":804,"column":64},"end":{"line":804,"column":null}}]},"88":{"loc":{"start":{"line":812,"column":11},"end":{"line":812,"column":null}},"type":"binary-expr","locations":[{"start":{"line":812,"column":11},"end":{"line":812,"column":null}}]},"89":{"loc":{"start":{"line":822,"column":63},"end":{"line":822,"column":75}},"type":"binary-expr","locations":[{"start":{"line":822,"column":63},"end":{"line":822,"column":72}},{"start":{"line":822,"column":72},"end":{"line":822,"column":75}}]},"90":{"loc":{"start":{"line":827,"column":14},"end":{"line":827,"column":null}},"type":"cond-expr","locations":[{"start":{"line":827,"column":42},"end":{"line":827,"column":64}},{"start":{"line":827,"column":64},"end":{"line":827,"column":null}}]},"91":{"loc":{"start":{"line":838,"column":9},"end":{"line":838,"column":null}},"type":"binary-expr","locations":[{"start":{"line":838,"column":9},"end":{"line":838,"column":null}}]},"92":{"loc":{"start":{"line":855,"column":16},"end":{"line":855,"column":null}},"type":"cond-expr","locations":[{"start":{"line":855,"column":53},"end":{"line":855,"column":75}},{"start":{"line":855,"column":75},"end":{"line":855,"column":null}}]},"93":{"loc":{"start":{"line":874,"column":16},"end":{"line":874,"column":null}},"type":"cond-expr","locations":[{"start":{"line":874,"column":53},"end":{"line":874,"column":75}},{"start":{"line":874,"column":75},"end":{"line":874,"column":null}}]},"94":{"loc":{"start":{"line":893,"column":13},"end":{"line":893,"column":null}},"type":"binary-expr","locations":[{"start":{"line":893,"column":13},"end":{"line":893,"column":null}}]},"95":{"loc":{"start":{"line":897,"column":11},"end":{"line":897,"column":null}},"type":"binary-expr","locations":[{"start":{"line":897,"column":11},"end":{"line":897,"column":null}}]},"96":{"loc":{"start":{"line":910,"column":14},"end":{"line":943,"column":15}},"type":"cond-expr","locations":[{"start":{"line":910,"column":14},"end":{"line":943,"column":15}}]},"97":{"loc":{"start":{"line":917,"column":20},"end":{"line":924,"column":null}},"type":"if","locations":[{"start":{"line":917,"column":20},"end":{"line":924,"column":null}},{"start":{},"end":{}}]},"98":{"loc":{"start":{"line":918,"column":22},"end":{"line":923,"column":null}},"type":"if","locations":[{"start":{"line":918,"column":22},"end":{"line":923,"column":null}},{"start":{},"end":{}}]},"99":{"loc":{"start":{"line":918,"column":26},"end":{"line":918,"column":73}},"type":"binary-expr","locations":[{"start":{"line":918,"column":26},"end":{"line":918,"column":63}},{"start":{"line":918,"column":63},"end":{"line":918,"column":73}}]},"100":{"loc":{"start":{"line":920,"column":24},"end":{"line":922,"column":null}},"type":"if","locations":[{"start":{"line":920,"column":24},"end":{"line":922,"column":null}},{"start":{},"end":{}}]},"101":{"loc":{"start":{"line":956,"column":11},"end":{"line":956,"column":32}},"type":"binary-expr","locations":[{"start":{"line":956,"column":11},"end":{"line":956,"column":32}}]},"102":{"loc":{"start":{"line":976,"column":33},"end":{"line":976,"column":75}},"type":"cond-expr","locations":[{"start":{"line":976,"column":48},"end":{"line":976,"column":71}},{"start":{"line":976,"column":71},"end":{"line":976,"column":75}}]},"103":{"loc":{"start":{"line":978,"column":9},"end":{"line":978,"column":null}},"type":"cond-expr","locations":[{"start":{"line":978,"column":24},"end":{"line":978,"column":42}},{"start":{"line":978,"column":42},"end":{"line":978,"column":null}}]}},"s":{"0":10,"1":1,"2":1,"3":1,"4":1,"5":1,"6":1,"7":1,"8":1,"9":1,"10":1,"11":25,"12":25,"13":25,"14":25,"15":25,"16":25,"17":25,"18":25,"19":25,"20":25,"21":25,"22":18,"23":18,"24":18,"25":0,"26":18,"27":18,"28":2,"29":25,"30":1,"31":1,"32":1,"33":0,"34":1,"35":1,"36":1,"37":25,"38":10,"39":10,"40":220,"41":90,"42":90,"43":130,"44":10,"45":25,"46":10,"47":10,"48":25,"49":2,"50":2,"51":1,"52":1,"53":1,"54":25,"55":0,"56":0,"57":0,"58":0,"59":25,"60":1,"61":1,"62":17,"63":17,"64":1,"65":25,"66":10,"67":10,"68":10,"69":25,"70":0,"71":0,"72":0,"73":0,"74":0,"75":0,"76":0,"77":0,"78":25,"79":0,"80":0,"81":0,"82":0,"83":0,"84":0,"85":0,"86":0,"87":0,"88":0,"89":0,"90":25,"91":0,"92":0,"93":0,"94":0,"95":0,"96":0,"97":0,"98":0,"99":0,"100":25,"101":25,"102":2,"103":23,"104":2,"105":21,"106":2,"107":19,"108":25,"109":25,"110":25,"111":25,"112":0,"113":25,"114":0,"115":25,"116":0,"117":25,"118":0,"119":25,"120":0,"121":25,"122":2,"123":25,"124":25,"125":0,"126":0,"127":0,"128":0,"129":0,"130":0,"131":25,"132":0,"133":0,"134":0,"135":0,"136":0,"137":0,"138":25,"139":0,"140":0,"141":0,"142":50,"143":150,"144":200,"145":200,"146":1250,"147":150,"148":175,"149":0,"150":46,"151":23,"152":23,"153":0,"154":0,"155":0,"156":0,"157":1},"f":{"0":25,"1":18,"2":18,"3":18,"4":2,"5":1,"6":1,"7":1,"8":1,"9":10,"10":220,"11":10,"12":2,"13":0,"14":1,"15":17,"16":10,"17":10,"18":0,"19":0,"20":0,"21":0,"22":0,"23":0,"24":25,"25":25,"26":0,"27":0,"28":0,"29":0,"30":50,"31":150,"32":200,"33":200,"34":1250,"35":150,"36":175,"37":0,"38":46,"39":0},"b":{"0":[25,25],"1":[0,18],"2":[0,1],"3":[90,130],"4":[90,90,3],"5":[130,11],"6":[1,1],"7":[1,0],"8":[1,1],"9":[0,0],"10":[17,0],"11":[10,0],"12":[0,0],"13":[0,0],"14":[0,0],"15":[0,0],"16":[0,0],"17":[0,0],"18":[0,0],"19":[0,0],"20":[2,23],"21":[2,21],"22":[23,4],"23":[2,19],"24":[21,2],"25":[0,25],"26":[25,25],"27":[0,25],"28":[0,25],"29":[0,25],"30":[0,25],"31":[2,23],"32":[0,0],"33":[0,0,0,0,0,0,0],"34":[0,25],"35":[25],"36":[25],"37":[2,23],"38":[1,24],"39":[25],"40":[0,25],"41":[25],"42":[0,25],"43":[7,18],"44":[2,16],"45":[2,14],"46":[16,4,4],"47":[2,23],"48":[0,25],"49":[25],"50":[0,0],"51":[2,23],"52":[25],"53":[2,23],"54":[25],"55":[2,23],"56":[25],"57":[2,23],"58":[25],"59":[25,25],"60":[2,23],"61":[25],"62":[25,25],"63":[2,23],"64":[25],"65":[2,23],"66":[25],"67":[0,25],"68":[25],"69":[0,25],"70":[25],"71":[0,25],"72":[25],"73":[0,25],"74":[25],"75":[0,25],"76":[25],"77":[0,25],"78":[12,138],"79":[25],"80":[14,161],"81":[25],"82":[25],"83":[0,25],"84":[25],"85":[0,25],"86":[25],"87":[2,23],"88":[25],"89":[0,0],"90":[2,23],"91":[25],"92":[2,23],"93":[2,23],"94":[25],"95":[25],"96":[25],"97":[23,23],"98":[23,0],"99":[23,23],"100":[0,23],"101":[25],"102":[2,23],"103":[2,23]}}
,"/Users/kqin/dev/sciss-app/sciss/src/components/layouts/Layout.js": {"path":"/Users/kqin/dev/sciss-app/sciss/src/components/layouts/Layout.js","statementMap":{"0":{"start":{"line":40,"column":0},"end":{"line":40,"column":15}},"1":{"start":{"line":1,"column":19},"end":{"line":1,"column":null}},"2":{"start":{"line":2,"column":23},"end":{"line":2,"column":null}},"3":{"start":{"line":3,"column":22},"end":{"line":3,"column":null}},"4":{"start":{"line":4,"column":17},"end":{"line":4,"column":null}},"5":{"start":{"line":6,"column":14},"end":{"line":10,"column":null}},"6":{"start":{"line":12,"column":15},"end":{"line":38,"column":null}},"7":{"start":{"line":40,"column":15},"end":{"line":40,"column":null}}},"fnMap":{"0":{"name":"(anonymous_2)","decl":{"start":{"line":12,"column":15},"end":{"line":12,"column":16}},"loc":{"start":{"line":21,"column":1},"end":{"line":38,"column":null}}}},"branchMap":{"0":{"loc":{"start":{"line":14,"column":2},"end":{"line":14,"column":72}},"type":"default-arg","locations":[{"start":{"line":14,"column":10},"end":{"line":14,"column":72}}]},"1":{"loc":{"start":{"line":15,"column":2},"end":{"line":15,"column":154}},"type":"default-arg","locations":[{"start":{"line":15,"column":16},"end":{"line":15,"column":154}}]},"2":{"loc":{"start":{"line":16,"column":2},"end":{"line":16,"column":34}},"type":"default-arg","locations":[{"start":{"line":16,"column":23},"end":{"line":16,"column":34}}]},"3":{"loc":{"start":{"line":17,"column":2},"end":{"line":17,"column":30}},"type":"default-arg","locations":[{"start":{"line":17,"column":18},"end":{"line":17,"column":30}}]},"4":{"loc":{"start":{"line":18,"column":2},"end":{"line":18,"column":18}},"type":"default-arg","locations":[{"start":{"line":18,"column":16},"end":{"line":18,"column":18}}]},"5":{"loc":{"start":{"line":19,"column":2},"end":{"line":19,"column":24}},"type":"default-arg","locations":[{"start":{"line":19,"column":19},"end":{"line":19,"column":24}}]},"6":{"loc":{"start":{"line":20,"column":2},"end":{"line":20,"column":16}},"type":"default-arg","locations":[{"start":{"line":20,"column":14},"end":{"line":20,"column":16}}]}},"s":{"0":0,"1":0,"2":0,"3":0,"4":0,"5":0,"6":0,"7":0},"f":{"0":0},"b":{"0":[0],"1":[0],"2":[0],"3":[0],"4":[0],"5":[0],"6":[0]}}
,"/Users/kqin/dev/sciss-app/sciss/src/components/sections/CampSchedule.js": {"path":"/Users/kqin/dev/sciss-app/sciss/src/components/sections/CampSchedule.js","statementMap":{"0":{"start":{"line":83,"column":0},"end":{"line":83,"column":15}},"1":{"start":{"line":1,"column":30},"end":{"line":1,"column":null}},"2":{"start":{"line":2,"column":25},"end":{"line":2,"column":null}},"3":{"start":{"line":4,"column":21},"end":{"line":72,"column":null}},"4":{"start":{"line":5,"column":48},"end":{"line":5,"column":null}},"5":{"start":{"line":6,"column":42},"end":{"line":6,"column":null}},"6":{"start":{"line":7,"column":18},"end":{"line":7,"column":48}},"7":{"start":{"line":8,"column":15},"end":{"line":8,"column":36}},"8":{"start":{"line":17,"column":25},"end":{"line":17,"column":null}},"9":{"start":{"line":26,"column":10},"end":{"line":27,"column":null}},"10":{"start":{"line":29,"column":27},"end":{"line":29,"column":null}},"11":{"start":{"line":42,"column":16},"end":{"line":42,"column":null}},"12":{"start":{"line":54,"column":14},"end":{"line":54,"column":null}},"13":{"start":{"line":57,"column":18},"end":{"line":57,"column":36}},"14":{"start":{"line":75,"column":0},"end":{"line":81,"column":null}},"15":{"start":{"line":76,"column":2},"end":{"line":80,"column":null}},"16":{"start":{"line":77,"column":4},"end":{"line":78,"column":null}},"17":{"start":{"line":78,"column":6},"end":{"line":78,"column":null}},"18":{"start":{"line":78,"column":25},"end":{"line":78,"column":null}},"19":{"start":{"line":83,"column":15},"end":{"line":83,"column":null}}},"fnMap":{"0":{"name":"(anonymous_1)","decl":{"start":{"line":4,"column":21},"end":{"line":4,"column":null}},"loc":{"start":{"line":4,"column":21},"end":{"line":72,"column":null}}},"1":{"name":"(anonymous_2)","decl":{"start":{"line":17,"column":19},"end":{"line":17,"column":25}},"loc":{"start":{"line":17,"column":25},"end":{"line":17,"column":null}}},"2":{"name":"(anonymous_3)","decl":{"start":{"line":25,"column":21},"end":{"line":25,"column":22}},"loc":{"start":{"line":26,"column":10},"end":{"line":27,"column":null}}},"3":{"name":"(anonymous_4)","decl":{"start":{"line":29,"column":21},"end":{"line":29,"column":27}},"loc":{"start":{"line":29,"column":27},"end":{"line":29,"column":null}}},"4":{"name":"(anonymous_5)","decl":{"start":{"line":41,"column":29},"end":{"line":41,"column":30}},"loc":{"start":{"line":42,"column":16},"end":{"line":42,"column":null}}},"5":{"name":"(anonymous_6)","decl":{"start":{"line":53,"column":28},"end":{"line":53,"column":29}},"loc":{"start":{"line":54,"column":14},"end":{"line":54,"column":null}}},"6":{"name":"(anonymous_7)","decl":{"start":{"line":56,"column":43},"end":{"line":56,"column":44}},"loc":{"start":{"line":57,"column":18},"end":{"line":57,"column":36}}},"7":{"name":"(anonymous_8)","decl":{"start":{"line":75,"column":37},"end":{"line":75,"column":38}},"loc":{"start":{"line":75,"column":38},"end":{"line":81,"column":null}}},"8":{"name":"(anonymous_9)","decl":{"start":{"line":76,"column":18},"end":{"line":76,"column":19}},"loc":{"start":{"line":76,"column":19},"end":{"line":80,"column":null}}},"9":{"name":"(anonymous_10)","decl":{"start":{"line":77,"column":38},"end":{"line":77,"column":39}},"loc":{"start":{"line":78,"column":6},"end":{"line":78,"column":null}}},"10":{"name":"(anonymous_11)","decl":{"start":{"line":78,"column":14},"end":{"line":78,"column":15}},"loc":{"start":{"line":78,"column":25},"end":{"line":78,"column":null}}}},"branchMap":{"0":{"loc":{"start":{"line":16,"column":21},"end":{"line":16,"column":null}},"type":"cond-expr","locations":[{"start":{"line":16,"column":54},"end":{"line":16,"column":65}},{"start":{"line":16,"column":65},"end":{"line":16,"column":null}}]},"1":{"loc":{"start":{"line":28,"column":23},"end":{"line":28,"column":null}},"type":"cond-expr","locations":[{"start":{"line":28,"column":46},"end":{"line":28,"column":57}},{"start":{"line":28,"column":57},"end":{"line":28,"column":null}}]},"2":{"loc":{"start":{"line":57,"column":36},"end":{"line":57,"column":null}},"type":"binary-expr","locations":[{"start":{"line":57,"column":36},"end":{"line":57,"column":44}},{"start":{"line":57,"column":44},"end":{"line":57,"column":null}}]},"3":{"loc":{"start":{"line":78,"column":25},"end":{"line":78,"column":null}},"type":"cond-expr","locations":[{"start":{"line":78,"column":39},"end":{"line":78,"column":45}},{"start":{"line":78,"column":45},"end":{"line":78,"column":null}}]}},"s":{"0":0,"1":0,"2":0,"3":0,"4":0,"5":0,"6":0,"7":0,"8":0,"9":0,"10":0,"11":0,"12":0,"13":0,"14":0,"15":0,"16":0,"17":0,"18":0,"19":0},"f":{"0":0,"1":0,"2":0,"3":0,"4":0,"5":0,"6":0,"7":0,"8":0,"9":0,"10":0},"b":{"0":[0,0],"1":[0,0],"2":[0,0],"3":[0,0]}}
,"/Users/kqin/dev/sciss-app/sciss/src/components/sections/ContentSlider.js": {"path":"/Users/kqin/dev/sciss-app/sciss/src/components/sections/ContentSlider.js","statementMap":{"0":{"start":{"line":49,"column":0},"end":{"line":49,"column":15}},"1":{"start":{"line":1,"column":24},"end":{"line":1,"column":null}},"2":{"start":{"line":3,"column":22},"end":{"line":47,"column":null}},"3":{"start":{"line":18,"column":18},"end":{"line":19,"column":null}},"4":{"start":{"line":49,"column":15},"end":{"line":49,"column":null}}},"fnMap":{"0":{"name":"(anonymous_2)","decl":{"start":{"line":3,"column":22},"end":{"line":3,"column":23}},"loc":{"start":{"line":3,"column":65},"end":{"line":47,"column":null}}},"1":{"name":"(anonymous_3)","decl":{"start":{"line":17,"column":27},"end":{"line":17,"column":28}},"loc":{"start":{"line":18,"column":18},"end":{"line":19,"column":null}}}},"branchMap":{"0":{"loc":{"start":{"line":3,"column":40},"end":{"line":3,"column":50}},"type":"default-arg","locations":[{"start":{"line":3,"column":48},"end":{"line":3,"column":50}}]},"1":{"loc":{"start":{"line":3,"column":52},"end":{"line":3,"column":63}},"type":"default-arg","locations":[{"start":{"line":3,"column":61},"end":{"line":3,"column":63}}]},"2":{"loc":{"start":{"line":9,"column":13},"end":{"line":9,"column":24}},"type":"binary-expr","locations":[{"start":{"line":9,"column":13},"end":{"line":9,"column":24}}]},"3":{"loc":{"start":{"line":10,"column":13},"end":{"line":10,"column":null}},"type":"binary-expr","locations":[{"start":{"line":10,"column":13},"end":{"line":10,"column":null}}]},"4":{"loc":{"start":{"line":15,"column":13},"end":{"line":15,"column":null}},"type":"binary-expr","locations":[{"start":{"line":15,"column":13},"end":{"line":15,"column":null}}]},"5":{"loc":{"start":{"line":22,"column":22},"end":{"line":22,"column":null}},"type":"cond-expr","locations":[{"start":{"line":22,"column":36},"end":{"line":22,"column":64}},{"start":{"line":22,"column":64},"end":{"line":22,"column":null}}]},"6":{"loc":{"start":{"line":24,"column":28},"end":{"line":24,"column":null}},"type":"binary-expr","locations":[{"start":{"line":24,"column":28},"end":{"line":24,"column":39}},{"start":{"line":24,"column":43},"end":{"line":24,"column":null}}]},"7":{"loc":{"start":{"line":26,"column":22},"end":{"line":28,"column":null}},"type":"cond-expr","locations":[{"start":{"line":27,"column":26},"end":{"line":27,"column":null}},{"start":{"line":28,"column":26},"end":{"line":28,"column":null}}]},"8":{"loc":{"start":{"line":31,"column":21},"end":{"line":31,"column":30}},"type":"binary-expr","locations":[{"start":{"line":31,"column":21},"end":{"line":31,"column":30}}]}},"s":{"0":0,"1":0,"2":0,"3":0,"4":0},"f":{"0":0,"1":0},"b":{"0":[0],"1":[0],"2":[0],"3":[0],"4":[0],"5":[0,0],"6":[0,0],"7":[0,0],"8":[0]}}
,"/Users/kqin/dev/sciss-app/sciss/src/components/sections/FeatureSection.js": {"path":"/Users/kqin/dev/sciss-app/sciss/src/components/sections/FeatureSection.js","statementMap":{"0":{"start":{"line":79,"column":0},"end":{"line":79,"column":15}},"1":{"start":{"line":1,"column":24},"end":{"line":1,"column":null}},"2":{"start":{"line":3,"column":23},"end":{"line":77,"column":null}},"3":{"start":{"line":11,"column":2},"end":{"line":23,"column":null}},"4":{"start":{"line":17,"column":14},"end":{"line":17,"column":40}},"5":{"start":{"line":43,"column":24},"end":{"line":44,"column":null}},"6":{"start":{"line":66,"column":18},"end":{"line":66,"column":null}},"7":{"start":{"line":79,"column":15},"end":{"line":79,"column":null}}},"fnMap":{"0":{"name":"(anonymous_2)","decl":{"start":{"line":3,"column":23},"end":{"line":3,"column":24}},"loc":{"start":{"line":9,"column":1},"end":{"line":77,"column":null}}},"1":{"name":"(anonymous_3)","decl":{"start":{"line":16,"column":26},"end":{"line":16,"column":27}},"loc":{"start":{"line":17,"column":14},"end":{"line":17,"column":40}}},"2":{"name":"(anonymous_4)","decl":{"start":{"line":42,"column":40},"end":{"line":42,"column":41}},"loc":{"start":{"line":43,"column":24},"end":{"line":44,"column":null}}},"3":{"name":"(anonymous_5)","decl":{"start":{"line":65,"column":32},"end":{"line":65,"column":33}},"loc":{"start":{"line":66,"column":18},"end":{"line":66,"column":null}}}},"branchMap":{"0":{"loc":{"start":{"line":11,"column":2},"end":{"line":23,"column":null}},"type":"if","locations":[{"start":{"line":11,"column":2},"end":{"line":23,"column":null}},{"start":{},"end":{}}]},"1":{"loc":{"start":{"line":11,"column":6},"end":{"line":11,"column":43}},"type":"binary-expr","locations":[{"start":{"line":11,"column":6},"end":{"line":11,"column":18}},{"start":{"line":11,"column":18},"end":{"line":11,"column":43}}]},"2":{"loc":{"start":{"line":29,"column":9},"end":{"line":29,"column":null}},"type":"binary-expr","locations":[{"start":{"line":29,"column":9},"end":{"line":29,"column":null}}]},"3":{"loc":{"start":{"line":37,"column":13},"end":{"line":37,"column":null}},"type":"binary-expr","locations":[{"start":{"line":37,"column":13},"end":{"line":37,"column":null}}]},"4":{"loc":{"start":{"line":41,"column":21},"end":{"line":44,"column":null}},"type":"binary-expr","locations":[{"start":{"line":41,"column":21},"end":{"line":41,"column":34}},{"start":{"line":42,"column":22},"end":{"line":44,"column":null}}]},"5":{"loc":{"start":{"line":55,"column":31},"end":{"line":55,"column":null}},"type":"binary-expr","locations":[{"start":{"line":55,"column":31},"end":{"line":55,"column":45}},{"start":{"line":55,"column":45},"end":{"line":55,"column":null}}]},"6":{"loc":{"start":{"line":63,"column":13},"end":{"line":63,"column":27}},"type":"binary-expr","locations":[{"start":{"line":63,"column":13},"end":{"line":63,"column":27}},{"start":{"line":63,"column":27},"end":{"line":63,"column":null}}]}},"s":{"0":0,"1":0,"2":0,"3":0,"4":0,"5":0,"6":0,"7":0},"f":{"0":0,"1":0,"2":0,"3":0},"b":{"0":[0,0],"1":[0,0],"2":[0],"3":[0],"4":[0,0],"5":[0,0],"6":[0,0]}}
,"/Users/kqin/dev/sciss-app/sciss/src/components/sections/HeroSection.js": {"path":"/Users/kqin/dev/sciss-app/sciss/src/components/sections/HeroSection.js","statementMap":{"0":{"start":{"line":62,"column":0},"end":{"line":62,"column":15}},"1":{"start":{"line":1,"column":17},"end":{"line":1,"column":null}},"2":{"start":{"line":3,"column":20},"end":{"line":60,"column":null}},"3":{"start":{"line":62,"column":15},"end":{"line":62,"column":null}}},"fnMap":{"0":{"name":"(anonymous_2)","decl":{"start":{"line":3,"column":20},"end":{"line":3,"column":21}},"loc":{"start":{"line":12,"column":1},"end":{"line":60,"column":null}}}},"branchMap":{"0":{"loc":{"start":{"line":15,"column":7},"end":{"line":15,"column":null}},"type":"binary-expr","locations":[{"start":{"line":15,"column":7},"end":{"line":15,"column":null}}]},"1":{"loc":{"start":{"line":37,"column":11},"end":{"line":37,"column":23}},"type":"binary-expr","locations":[{"start":{"line":37,"column":11},"end":{"line":37,"column":23}}]},"2":{"loc":{"start":{"line":39,"column":11},"end":{"line":39,"column":26}},"type":"binary-expr","locations":[{"start":{"line":39,"column":11},"end":{"line":39,"column":26}}]},"3":{"loc":{"start":{"line":42,"column":13},"end":{"line":42,"column":24}},"type":"binary-expr","locations":[{"start":{"line":42,"column":13},"end":{"line":42,"column":24}},{"start":{"line":42,"column":24},"end":{"line":42,"column":null}}]},"4":{"loc":{"start":{"line":47,"column":13},"end":{"line":47,"column":33}},"type":"binary-expr","locations":[{"start":{"line":47,"column":13},"end":{"line":47,"column":33}},{"start":{"line":47,"column":33},"end":{"line":47,"column":null}}]}},"s":{"0":0,"1":0,"2":0,"3":0},"f":{"0":0},"b":{"0":[0],"1":[0],"2":[0],"3":[0,0],"4":[0,0]}}
,"/Users/kqin/dev/sciss-app/sciss/src/components/sections/Highlights.js": {"path":"/Users/kqin/dev/sciss-app/sciss/src/components/sections/Highlights.js","statementMap":{"0":{"start":{"line":32,"column":0},"end":{"line":32,"column":15}},"1":{"start":{"line":1,"column":19},"end":{"line":30,"column":null}},"2":{"start":{"line":3,"column":2},"end":{"line":5,"column":null}},"3":{"start":{"line":4,"column":4},"end":{"line":4,"column":null}},"4":{"start":{"line":16,"column":12},"end":{"line":16,"column":29}},"5":{"start":{"line":32,"column":15},"end":{"line":32,"column":null}}},"fnMap":{"0":{"name":"(anonymous_1)","decl":{"start":{"line":1,"column":19},"end":{"line":1,"column":20}},"loc":{"start":{"line":1,"column":47},"end":{"line":30,"column":null}}},"1":{"name":"(anonymous_2)","decl":{"start":{"line":15,"column":26},"end":{"line":15,"column":27}},"loc":{"start":{"line":16,"column":12},"end":{"line":16,"column":29}}}},"branchMap":{"0":{"loc":{"start":{"line":3,"column":2},"end":{"line":5,"column":null}},"type":"if","locations":[{"start":{"line":3,"column":2},"end":{"line":5,"column":null}},{"start":{},"end":{}}]},"1":{"loc":{"start":{"line":3,"column":6},"end":{"line":3,"column":49}},"type":"binary-expr","locations":[{"start":{"line":3,"column":6},"end":{"line":3,"column":21}},{"start":{"line":3,"column":21},"end":{"line":3,"column":49}}]},"2":{"loc":{"start":{"line":11,"column":11},"end":{"line":11,"column":20}},"type":"binary-expr","locations":[{"start":{"line":11,"column":11},"end":{"line":11,"column":20}}]},"3":{"loc":{"start":{"line":12,"column":11},"end":{"line":12,"column":19}},"type":"binary-expr","locations":[{"start":{"line":12,"column":11},"end":{"line":12,"column":19}}]}},"s":{"0":0,"1":0,"2":0,"3":0,"4":0,"5":0},"f":{"0":0,"1":0},"b":{"0":[0,0],"1":[0,0],"2":[0],"3":[0]}}
,"/Users/kqin/dev/sciss-app/sciss/src/components/sections/Testimonials.js": {"path":"/Users/kqin/dev/sciss-app/sciss/src/components/sections/Testimonials.js","statementMap":{"0":{"start":{"line":31,"column":0},"end":{"line":31,"column":15}},"1":{"start":{"line":1,"column":21},"end":{"line":29,"column":null}},"2":{"start":{"line":3,"column":2},"end":{"line":5,"column":null}},"3":{"start":{"line":4,"column":4},"end":{"line":4,"column":null}},"4":{"start":{"line":16,"column":12},"end":{"line":16,"column":29}},"5":{"start":{"line":31,"column":15},"end":{"line":31,"column":null}}},"fnMap":{"0":{"name":"(anonymous_1)","decl":{"start":{"line":1,"column":21},"end":{"line":1,"column":22}},"loc":{"start":{"line":1,"column":51},"end":{"line":29,"column":null}}},"1":{"name":"(anonymous_2)","decl":{"start":{"line":15,"column":28},"end":{"line":15,"column":29}},"loc":{"start":{"line":16,"column":12},"end":{"line":16,"column":29}}}},"branchMap":{"0":{"loc":{"start":{"line":3,"column":2},"end":{"line":5,"column":null}},"type":"if","locations":[{"start":{"line":3,"column":2},"end":{"line":5,"column":null}},{"start":{},"end":{}}]},"1":{"loc":{"start":{"line":3,"column":6},"end":{"line":3,"column":53}},"type":"binary-expr","locations":[{"start":{"line":3,"column":6},"end":{"line":3,"column":23}},{"start":{"line":3,"column":23},"end":{"line":3,"column":53}}]},"2":{"loc":{"start":{"line":11,"column":11},"end":{"line":11,"column":20}},"type":"binary-expr","locations":[{"start":{"line":11,"column":11},"end":{"line":11,"column":20}}]},"3":{"loc":{"start":{"line":12,"column":11},"end":{"line":12,"column":19}},"type":"binary-expr","locations":[{"start":{"line":12,"column":11},"end":{"line":12,"column":19}}]}},"s":{"0":0,"1":0,"2":0,"3":0,"4":0,"5":0},"f":{"0":0,"1":0},"b":{"0":[0,0],"1":[0,0],"2":[0],"3":[0]}}
,"/Users/kqin/dev/sciss-app/sciss/src/components/ui/Badge.js": {"path":"/Users/kqin/dev/sciss-app/sciss/src/components/ui/Badge.js","statementMap":{"0":{"start":{"line":87,"column":9},"end":{"line":87,"column":14}},"1":{"start":{"line":87,"column":16},"end":{"line":87,"column":26}},"2":{"start":{"line":88,"column":0},"end":{"line":88,"column":15}},"3":{"start":{"line":5,"column":14},"end":{"line":46,"column":null}},"4":{"start":{"line":13,"column":22},"end":{"line":13,"column":null}},"5":{"start":{"line":14,"column":25},"end":{"line":22,"column":null}},"6":{"start":{"line":24,"column":22},"end":{"line":28,"column":null}},"7":{"start":{"line":30,"column":23},"end":{"line":30,"column":null}},"8":{"start":{"line":31,"column":23},"end":{"line":31,"column":null}},"9":{"start":{"line":34,"column":4},"end":{"line":34,"column":null}},"10":{"start":{"line":52,"column":19},"end":{"line":85,"column":null}},"11":{"start":{"line":60,"column":23},"end":{"line":60,"column":null}},"12":{"start":{"line":63,"column":2},"end":{"line":81,"column":null}},"13":{"start":{"line":67,"column":10},"end":{"line":68,"column":null}},"14":{"start":{"line":72,"column":35},"end":{"line":72,"column":64}},"15":{"start":{"line":88,"column":15},"end":{"line":88,"column":21}}},"fnMap":{"0":{"name":"(anonymous_4)","decl":{"start":{"line":5,"column":14},"end":{"line":5,"column":15}},"loc":{"start":{"line":12,"column":1},"end":{"line":46,"column":null}}},"1":{"name":"(anonymous_5)","decl":{"start":{"line":52,"column":19},"end":{"line":52,"column":20}},"loc":{"start":{"line":59,"column":1},"end":{"line":85,"column":null}}},"2":{"name":"(anonymous_6)","decl":{"start":{"line":66,"column":20},"end":{"line":66,"column":21}},"loc":{"start":{"line":67,"column":10},"end":{"line":68,"column":null}}},"3":{"name":"(anonymous_7)","decl":{"start":{"line":72,"column":29},"end":{"line":72,"column":35}},"loc":{"start":{"line":72,"column":35},"end":{"line":72,"column":64}}}},"branchMap":{"0":{"loc":{"start":{"line":7,"column":2},"end":{"line":7,"column":21}},"type":"default-arg","locations":[{"start":{"line":7,"column":12},"end":{"line":7,"column":21}}]},"1":{"loc":{"start":{"line":8,"column":2},"end":{"line":8,"column":17}},"type":"default-arg","locations":[{"start":{"line":8,"column":9},"end":{"line":8,"column":17}}]},"2":{"loc":{"start":{"line":9,"column":2},"end":{"line":9,"column":16}},"type":"default-arg","locations":[{"start":{"line":9,"column":14},"end":{"line":9,"column":16}}]},"3":{"loc":{"start":{"line":11,"column":2},"end":{"line":11,"column":18}},"type":"default-arg","locations":[{"start":{"line":11,"column":13},"end":{"line":11,"column":18}}]},"4":{"loc":{"start":{"line":30,"column":23},"end":{"line":30,"column":null}},"type":"cond-expr","locations":[{"start":{"line":30,"column":34},"end":{"line":30,"column":54}},{"start":{"line":30,"column":54},"end":{"line":30,"column":null}}]},"5":{"loc":{"start":{"line":31,"column":23},"end":{"line":31,"column":null}},"type":"cond-expr","locations":[{"start":{"line":31,"column":46},"end":{"line":31,"column":67}},{"start":{"line":31,"column":67},"end":{"line":31,"column":null}}]},"6":{"loc":{"start":{"line":31,"column":23},"end":{"line":31,"column":46}},"type":"binary-expr","locations":[{"start":{"line":31,"column":23},"end":{"line":31,"column":34}},{"start":{"line":31,"column":34},"end":{"line":31,"column":46}}]},"7":{"loc":{"start":{"line":39,"column":15},"end":{"line":39,"column":null}},"type":"cond-expr","locations":[{"start":{"line":39,"column":38},"end":{"line":39,"column":48}},{"start":{"line":39,"column":48},"end":{"line":39,"column":null}}]},"8":{"loc":{"start":{"line":39,"column":15},"end":{"line":39,"column":38}},"type":"binary-expr","locations":[{"start":{"line":39,"column":15},"end":{"line":39,"column":26}},{"start":{"line":39,"column":26},"end":{"line":39,"column":38}}]},"9":{"loc":{"start":{"line":40,"column":12},"end":{"line":40,"column":null}},"type":"cond-expr","locations":[{"start":{"line":40,"column":35},"end":{"line":40,"column":46}},{"start":{"line":40,"column":46},"end":{"line":40,"column":null}}]},"10":{"loc":{"start":{"line":40,"column":12},"end":{"line":40,"column":35}},"type":"binary-expr","locations":[{"start":{"line":40,"column":12},"end":{"line":40,"column":23}},{"start":{"line":40,"column":23},"end":{"line":40,"column":35}}]},"11":{"loc":{"start":{"line":41,"column":16},"end":{"line":41,"column":null}},"type":"cond-expr","locations":[{"start":{"line":41,"column":39},"end":{"line":41,"column":43}},{"start":{"line":41,"column":43},"end":{"line":41,"column":null}}]},"12":{"loc":{"start":{"line":41,"column":16},"end":{"line":41,"column":39}},"type":"binary-expr","locations":[{"start":{"line":41,"column":16},"end":{"line":41,"column":27}},{"start":{"line":41,"column":27},"end":{"line":41,"column":39}}]},"13":{"loc":{"start":{"line":55,"column":2},"end":{"line":55,"column":16}},"type":"default-arg","locations":[{"start":{"line":55,"column":14},"end":{"line":55,"column":16}}]},"14":{"loc":{"start":{"line":56,"column":2},"end":{"line":56,"column":21}},"type":"default-arg","locations":[{"start":{"line":56,"column":12},"end":{"line":56,"column":21}}]},"15":{"loc":{"start":{"line":57,"column":2},"end":{"line":57,"column":17}},"type":"default-arg","locations":[{"start":{"line":57,"column":9},"end":{"line":57,"column":17}}]},"16":{"loc":{"start":{"line":63,"column":2},"end":{"line":81,"column":null}},"type":"if","locations":[{"start":{"line":63,"column":2},"end":{"line":81,"column":null}},{"start":{},"end":{}}]},"17":{"loc":{"start":{"line":63,"column":6},"end":{"line":63,"column":39}},"type":"binary-expr","locations":[{"start":{"line":63,"column":6},"end":{"line":63,"column":16}},{"start":{"line":63,"column":16},"end":{"line":63,"column":39}}]},"18":{"loc":{"start":{"line":69,"column":21},"end":{"line":69,"column":null}},"type":"binary-expr","locations":[{"start":{"line":69,"column":21},"end":{"line":69,"column":34}},{"start":{"line":69,"column":38},"end":{"line":69,"column":null}}]},"19":{"loc":{"start":{"line":70,"column":18},"end":{"line":70,"column":null}},"type":"binary-expr","locations":[{"start":{"line":70,"column":18},"end":{"line":70,"column":28}},{"start":{"line":70,"column":32},"end":{"line":70,"column":null}}]},"20":{"loc":{"start":{"line":72,"column":14},"end":{"line":72,"column":77}},"type":"cond-expr","locations":[{"start":{"line":72,"column":29},"end":{"line":72,"column":64}},{"start":{"line":72,"column":64},"end":{"line":72,"column":77}}]},"21":{"loc":{"start":{"line":76,"column":13},"end":{"line":76,"column":null}},"type":"binary-expr","locations":[{"start":{"line":76,"column":13},"end":{"line":76,"column":27}},{"start":{"line":76,"column":31},"end":{"line":76,"column":41}},{"start":{"line":76,"column":45},"end":{"line":76,"column":null}}]}},"s":{"0":0,"1":0,"2":0,"3":1,"4":0,"5":0,"6":0,"7":0,"8":0,"9":0,"10":1,"11":0,"12":0,"13":0,"14":0,"15":1},"f":{"0":0,"1":0,"2":0,"3":0},"b":{"0":[0],"1":[0],"2":[0],"3":[0],"4":[0,0],"5":[0,0],"6":[0,0],"7":[0,0],"8":[0,0],"9":[0,0],"10":[0,0],"11":[0,0],"12":[0,0],"13":[0],"14":[0],"15":[0],"16":[0,0],"17":[0,0],"18":[0,0],"19":[0,0],"20":[0,0],"21":[0,0,0]}}
[...]
,"/Users/kqin/dev/sciss-app/sciss/src/lib/utils/navigation.js": {"path":"/Users/kqin/dev/sciss-app/sciss/src/lib/utils/navigation.js","statementMap":{"0":{"start":{"line":202,"column":16},"end":{"line":202,"column":36}},"1":{"start":{"line":23,"column":16},"end":{"line":23,"column":39}},"2":{"start":{"line":9,"column":16},"end":{"line":9,"column":35}},"3":{"start":{"line":223,"column":16},"end":{"line":223,"column":38}},"4":{"start":{"line":186,"column":16},"end":{"line":186,"column":38}},"5":{"start":{"line":10,"column":2},"end":{"line":13,"column":null}},"6":{"start":{"line":10,"column":37},"end":{"line":13,"column":null}},"7":{"start":{"line":34,"column":6},"end":{"line":34,"column":null}},"8":{"start":{"line":37,"column":22},"end":{"line":41,"column":null}},"9":{"start":{"line":44,"column":23},"end":{"line":44,"column":null}},"10":{"start":{"line":44,"column":54},"end":{"line":44,"column":76}},"11":{"start":{"line":46,"column":4},"end":{"line":51,"column":null}},"12":{"start":{"line":54,"column":4},"end":{"line":59,"column":null}},"13":{"start":{"line":62,"column":16},"end":{"line":62,"column":18}},"14":{"start":{"line":63,"column":2},"end":{"line":65,"column":null}},"15":{"start":{"line":64,"column":4},"end":{"line":64,"column":null}},"16":{"start":{"line":67,"column":2},"end":{"line":72,"column":null}},"17":{"start":{"line":84,"column":18},"end":{"line":89,"column":null}},"18":{"start":{"line":86,"column":6},"end":{"line":89,"column":null}},"19":{"start":{"line":89,"column":46},"end":{"line":89,"column":73}},"20":{"start":{"line":93,"column":2},"end":{"line":120,"column":null}},"21":{"start":{"line":94,"column":17},"end":{"line":94,"column":null}},"22":{"start":{"line":95,"column":17},"end":{"line":95,"column":null}},"23":{"start":{"line":98,"column":4},"end":{"line":98,"column":null}},"24":{"start":{"line":98,"column":41},"end":{"line":98,"column":null}},"25":{"start":{"line":99,"column":4},"end":{"line":99,"column":null}},"26":{"start":{"line":99,"column":41},"end":{"line":99,"column":null}},"27":{"start":{"line":102,"column":4},"end":{"line":102,"column":null}},"28":{"start":{"line":102,"column":35},"end":{"line":102,"column":null}},"29":{"start":{"line":103,"column":4},"end":{"line":103,"column":null}},"30":{"start":{"line":103,"column":35},"end":{"line":103,"column":null}},"31":{"start":{"line":106,"column":4},"end":{"line":111,"column":null}},"32":{"start":{"line":107,"column":26},"end":{"line":109,"column":14}},"33":{"start":{"line":108,"column":8},"end":{"line":108,"column":null}},"34":{"start":{"line":110,"column":6},"end":{"line":110,"column":null}},"35":{"start":{"line":112,"column":4},"end":{"line":117,"column":null}},"36":{"start":{"line":113,"column":26},"end":{"line":115,"column":14}},"37":{"start":{"line":114,"column":8},"end":{"line":114,"column":null}},"38":{"start":{"line":116,"column":6},"end":{"line":116,"column":null}},"39":{"start":{"line":119,"column":4},"end":{"line":119,"column":null}},"40":{"start":{"line":122,"column":2},"end":{"line":129,"column":null}},"41":{"start":{"line":122,"column":51},"end":{"line":129,"column":null}},"42":{"start":{"line":139,"column":2},"end":{"line":141,"column":null}},"43":{"start":{"line":140,"column":4},"end":{"line":140,"column":null}},"44":{"start":{"line":142,"column":2},"end":{"line":144,"column":null}},"45":{"start":{"line":143,"column":4},"end":{"line":143,"column":null}},"46":{"start":{"line":145,"column":2},"end":{"line":147,"column":null}},"47":{"start":{"line":146,"column":4},"end":{"line":146,"column":null}},"48":{"start":{"line":148,"column":2},"end":{"line":148,"column":null}},"49":{"start":{"line":157,"column":2},"end":{"line":157,"column":null}},"50":{"start":{"line":157,"column":26},"end":{"line":157,"column":null}},"51":{"start":{"line":158,"column":2},"end":{"line":158,"column":null}},"52":{"start":{"line":158,"column":25},"end":{"line":158,"column":null}},"53":{"start":{"line":159,"column":2},"end":{"line":159,"column":null}},"54":{"start":{"line":159,"column":25},"end":{"line":159,"column":null}},"55":{"start":{"line":160,"column":2},"end":{"line":160,"column":null}},"56":{"start":{"line":160,"column":24},"end":{"line":160,"column":null}},"57":{"start":{"line":161,"column":2},"end":{"line":161,"column":null}},"58":{"start":{"line":170,"column":17},"end":{"line":175,"column":null}},"59":{"start":{"line":176,"column":2},"end":{"line":176,"column":null}},"60":{"start":{"line":187,"column":2},"end":{"line":194,"column":null}},"61":{"start":{"line":188,"column":22},"end":{"line":188,"column":36}},"62":{"start":{"line":189,"column":20},"end":{"line":194,"column":null}},"63":{"start":{"line":203,"column":21},"end":{"line":205,"column":null}},"64":{"start":{"line":204,"column":37},"end":{"line":204,"column":50}},"65":{"start":{"line":206,"column":17},"end":{"line":208,"column":null}},"66":{"start":{"line":207,"column":37},"end":{"line":207,"column":47}},"67":{"start":{"line":209,"column":15},"end":{"line":209,"column":null}},"68":{"start":{"line":209,"column":53},"end":{"line":209,"column":68}},"69":{"start":{"line":211,"column":2},"end":{"line":215,"column":null}},"70":{"start":{"line":224,"column":20},"end":{"line":224,"column":null}},"71":{"start":{"line":224,"column":45},"end":{"line":224,"column":59}},"72":{"start":{"line":226,"column":2},"end":{"line":240,"column":null}},"73":{"start":{"line":230,"column":8},"end":{"line":232,"column":null}},"74":{"start":{"line":231,"column":20},"end":{"line":231,"column":null}},"75":{"start":{"line":233,"column":8},"end":{"line":233,"column":null}},"76":{"start":{"line":238,"column":33},"end":{"line":238,"column":null}}},"fnMap":{"0":{"name":"generateBreadcrumbs","decl":{"start":{"line":9,"column":16},"end":{"line":9,"column":35}},"loc":{"start":{"line":9,"column":41},"end":{"line":14,"column":null}}},"1":{"name":"(anonymous_7)","decl":{"start":{"line":10,"column":19},"end":{"line":10,"column":20}},"loc":{"start":{"line":10,"column":37},"end":{"line":13,"column":null}}},"2":{"name":"createContentNavigation","decl":{"start":{"line":23,"column":16},"end":{"line":23,"column":39}},"loc":{"start":{"line":26,"column":14},"end":{"line":73,"column":null}}},"3":{"name":"(anonymous_9)","decl":{"start":{"line":44,"column":44},"end":{"line":44,"column":45}},"loc":{"start":{"line":44,"column":54},"end":{"line":44,"column":76}}},"4":{"name":"findRelatedContent","decl":{"start":{"line":83,"column":9},"end":{"line":83,"column":28}},"loc":{"start":{"line":83,"column":76},"end":{"line":130,"column":null}}},"5":{"name":"(anonymous_11)","decl":{"start":{"line":85,"column":4},"end":{"line":85,"column":5}},"loc":{"start":{"line":86,"column":6},"end":{"line":89,"column":null}}},"6":{"name":"(anonymous_12)","decl":{"start":{"line":89,"column":37},"end":{"line":89,"column":38}},"loc":{"start":{"line":89,"column":46},"end":{"line":89,"column":73}}},"7":{"name":"(anonymous_13)","decl":{"start":{"line":93,"column":15},"end":{"line":93,"column":16}},"loc":{"start":{"line":93,"column":19},"end":{"line":120,"column":null}}},"8":{"name":"(anonymous_14)","decl":{"start":{"line":107,"column":40},"end":{"line":107,"column":41}},"loc":{"start":{"line":108,"column":8},"end":{"line":108,"column":null}}},"9":{"name":"(anonymous_15)","decl":{"start":{"line":113,"column":40},"end":{"line":113,"column":41}},"loc":{"start":{"line":114,"column":8},"end":{"line":114,"column":null}}},"10":{"name":"(anonymous_16)","decl":{"start":{"line":122,"column":40},"end":{"line":122,"column":41}},"loc":{"start":{"line":122,"column":51},"end":{"line":129,"column":null}}},"11":{"name":"getRelatedType","decl":{"start":{"line":138,"column":9},"end":{"line":138,"column":24}},"loc":{"start":{"line":138,"column":38},"end":{"line":149,"column":null}}},"12":{"name":"getContentType","decl":{"start":{"line":156,"column":9},"end":{"line":156,"column":24}},"loc":{"start":{"line":156,"column":31},"end":{"line":162,"column":null}}},"13":{"name":"getBreadcrumbLabel","decl":{"start":{"line":169,"column":9},"end":{"line":169,"column":28}},"loc":{"start":{"line":169,"column":39},"end":{"line":177,"column":null}}},"14":{"name":"generateSitemapEntries","decl":{"start":{"line":186,"column":16},"end":{"line":186,"column":38}},"loc":{"start":{"line":186,"column":68},"end":{"line":195,"column":null}}},"15":{"name":"(anonymous_21)","decl":{"start":{"line":188,"column":12},"end":{"line":188,"column":13}},"loc":{"start":{"line":188,"column":22},"end":{"line":188,"column":36}}},"16":{"name":"(anonymous_22)","decl":{"start":{"line":189,"column":9},"end":{"line":189,"column":10}},"loc":{"start":{"line":189,"column":20},"end":{"line":194,"column":null}}},"17":{"name":"createContentFilters","decl":{"start":{"line":202,"column":16},"end":{"line":202,"column":36}},"loc":{"start":{"line":202,"column":44},"end":{"line":216,"column":null}}},"18":{"name":"(anonymous_24)","decl":{"start":{"line":204,"column":27},"end":{"line":204,"column":28}},"loc":{"start":{"line":204,"column":37},"end":{"line":204,"column":50}}},"19":{"name":"(anonymous_25)","decl":{"start":{"line":207,"column":27},"end":{"line":207,"column":28}},"loc":{"start":{"line":207,"column":37},"end":{"line":207,"column":47}}},"20":{"name":"(anonymous_26)","decl":{"start":{"line":209,"column":43},"end":{"line":209,"column":44}},"loc":{"start":{"line":209,"column":53},"end":{"line":209,"column":68}}},"21":{"name":"generateContentSummary","decl":{"start":{"line":223,"column":16},"end":{"line":223,"column":38}},"loc":{"start":{"line":223,"column":46},"end":{"line":241,"column":null}}},"22":{"name":"(anonymous_28)","decl":{"start":{"line":224,"column":35},"end":{"line":224,"column":36}},"loc":{"start":{"line":224,"column":45},"end":{"line":224,"column":59}}},"23":{"name":"(anonymous_29)","decl":{"start":{"line":229,"column":6},"end":{"line":229,"column":7}},"loc":{"start":{"line":229,"column":12},"end":{"line":234,"column":null}}},"24":{"name":"(anonymous_30)","decl":{"start":{"line":231,"column":10},"end":{"line":231,"column":11}},"loc":{"start":{"line":231,"column":20},"end":{"line":231,"column":null}}},"25":{"name":"(anonymous_31)","decl":{"start":{"line":238,"column":23},"end":{"line":238,"column":24}},"loc":{"start":{"line":238,"column":33},"end":{"line":238,"column":null}}}},"branchMap":{"0":{"loc":{"start":{"line":12,"column":12},"end":{"line":12,"column":null}},"type":"binary-expr","locations":[{"start":{"line":12,"column":12},"end":{"line":12,"column":23}},{"start":{"line":12,"column":27},"end":{"line":12,"column":null}}]},"1":{"loc":{"start":{"line":25,"column":2},"end":{"line":25,"column":17}},"type":"default-arg","locations":[{"start":{"line":25,"column":15},"end":{"line":25,"column":17}}]},"2":{"loc":{"start":{"line":26,"column":2},"end":{"line":26,"column":14}},"type":"default-arg","locations":[{"start":{"line":26,"column":12},"end":{"line":26,"column":14}}]},"3":{"loc":{"start":{"line":29,"column":4},"end":{"line":29,"column":26}},"type":"default-arg","locations":[{"start":{"line":29,"column":18},"end":{"line":29,"column":26}}]},"4":{"loc":{"start":{"line":30,"column":4},"end":{"line":30,"column":17}},"type":"default-arg","locations":[{"start":{"line":30,"column":14},"end":{"line":30,"column":17}}]},"5":{"loc":{"start":{"line":31,"column":4},"end":{"line":31,"column":30}},"type":"default-arg","locations":[{"start":{"line":31,"column":18},"end":{"line":31,"column":30}}]},"6":{"loc":{"start":{"line":32,"column":4},"end":{"line":32,"column":22}},"type":"default-arg","locations":[{"start":{"line":32,"column":18},"end":{"line":32,"column":22}}]},"7":{"loc":{"start":{"line":33,"column":4},"end":{"line":33,"column":18}},"type":"default-arg","locations":[{"start":{"line":33,"column":17},"end":{"line":33,"column":18}}]},"8":{"loc":{"start":{"line":46,"column":4},"end":{"line":51,"column":null}},"type":"cond-expr","locations":[{"start":{"line":47,"column":8},"end":{"line":50,"column":null}},{"start":{"line":51,"column":8},"end":{"line":51,"column":null}}]},"9":{"loc":{"start":{"line":54,"column":4},"end":{"line":59,"column":null}},"type":"cond-expr","locations":[{"start":{"line":55,"column":8},"end":{"line":58,"column":null}},{"start":{"line":59,"column":8},"end":{"line":59,"column":null}}]},"10":{"loc":{"start":{"line":63,"column":2},"end":{"line":65,"column":null}},"type":"if","locations":[{"start":{"line":63,"column":2},"end":{"line":65,"column":null}},{"start":{},"end":{}}]},"11":{"loc":{"start":{"line":63,"column":6},"end":{"line":63,"column":33}},"type":"binary-expr","locations":[{"start":{"line":63,"column":6},"end":{"line":63,"column":21}},{"start":{"line":63,"column":21},"end":{"line":63,"column":33}}]},"12":{"loc":{"start":{"line":83,"column":49},"end":{"line":83,"column":61}},"type":"default-arg","locations":[{"start":{"line":83,"column":60},"end":{"line":83,"column":61}}]},"13":{"loc":{"start":{"line":83,"column":63},"end":{"line":83,"column":76}},"type":"default-arg","locations":[{"start":{"line":83,"column":73},"end":{"line":83,"column":76}}]},"14":{"loc":{"start":{"line":86,"column":6},"end":{"line":89,"column":null}},"type":"binary-expr","locations":[{"start":{"line":86,"column":6},"end":{"line":86,"column":28}},{"start":{"line":87,"column":7},"end":{"line":87,"column":21}},{"start":{"line":87,"column":25},"end":{"line":87,"column":59}},{"start":{"line":88,"column":9},"end":{"line":88,"column":19}},{"start":{"line":88,"column":23},"end":{"line":88,"column":51}},{"start":{"line":89,"column":9},"end":{"line":89,"column":18}},{"start":{"line":89,"column":22},"end":{"line":89,"column":73}}]},"15":{"loc":{"start":{"line":98,"column":4},"end":{"line":98,"column":null}},"type":"if","locations":[{"start":{"line":98,"column":4},"end":{"line":98,"column":null}},{"start":{},"end":{}}]},"16":{"loc":{"start":{"line":99,"column":4},"end":{"line":99,"column":null}},"type":"if","locations":[{"start":{"line":99,"column":4},"end":{"line":99,"column":null}},{"start":{},"end":{}}]},"17":{"loc":{"start":{"line":102,"column":4},"end":{"line":102,"column":null}},"type":"if","locations":[{"start":{"line":102,"column":4},"end":{"line":102,"column":null}},{"start":{},"end":{}}]},"18":{"loc":{"start":{"line":103,"column":4},"end":{"line":103,"column":null}},"type":"if","locations":[{"start":{"line":103,"column":4},"end":{"line":103,"column":null}},{"start":{},"end":{}}]},"19":{"loc":{"start":{"line":106,"column":4},"end":{"line":111,"column":null}},"type":"if","locations":[{"start":{"line":106,"column":4},"end":{"line":111,"column":null}},{"start":{},"end":{}}]},"20":{"loc":{"start":{"line":106,"column":8},"end":{"line":106,"column":30}},"type":"binary-expr","locations":[{"start":{"line":106,"column":8},"end":{"line":106,"column":14}},{"start":{"line":106,"column":18},"end":{"line":106,"column":30}}]},"21":{"loc":{"start":{"line":112,"column":4},"end":{"line":117,"column":null}},"type":"if","locations":[{"start":{"line":112,"column":4},"end":{"line":117,"column":null}},{"start":{},"end":{}}]},"22":{"loc":{"start":{"line":112,"column":8},"end":{"line":112,"column":30}},"type":"binary-expr","locations":[{"start":{"line":112,"column":8},"end":{"line":112,"column":14}},{"start":{"line":112,"column":18},"end":{"line":112,"column":30}}]},"23":{"loc":{"start":{"line":139,"column":2},"end":{"line":141,"column":null}},"type":"if","locations":[{"start":{"line":139,"column":2},"end":{"line":141,"column":null}},{"start":{},"end":{}}]},"24":{"loc":{"start":{"line":139,"column":6},"end":{"line":139,"column":74}},"type":"binary-expr","locations":[{"start":{"line":139,"column":6},"end":{"line":139,"column":41}},{"start":{"line":139,"column":45},"end":{"line":139,"column":74}}]},"25":{"loc":{"start":{"line":142,"column":2},"end":{"line":144,"column":null}},"type":"if","locations":[{"start":{"line":142,"column":2},"end":{"line":144,"column":null}},{"start":{},"end":{}}]},"26":{"loc":{"start":{"line":145,"column":2},"end":{"line":147,"column":null}},"type":"if","locations":[{"start":{"line":145,"column":2},"end":{"line":147,"column":null}},{"start":{},"end":{}}]},"27":{"loc":{"start":{"line":157,"column":2},"end":{"line":157,"column":null}},"type":"if","locations":[{"start":{"line":157,"column":2},"end":{"line":157,"column":null}},{"start":{},"end":{}}]},"28":{"loc":{"start":{"line":158,"column":2},"end":{"line":158,"column":null}},"type":"if","locations":[{"start":{"line":158,"column":2},"end":{"line":158,"column":null}},{"start":{},"end":{}}]},"29":{"loc":{"start":{"line":159,"column":2},"end":{"line":159,"column":null}},"type":"if","locations":[{"start":{"line":159,"column":2},"end":{"line":159,"column":null}},{"start":{},"end":{}}]},"30":{"loc":{"start":{"line":160,"column":2},"end":{"line":160,"column":null}},"type":"if","locations":[{"start":{"line":160,"column":2},"end":{"line":160,"column":null}},{"start":{},"end":{}}]},"31":{"loc":{"start":{"line":176,"column":9},"end":{"line":176,"column":null}},"type":"binary-expr","locations":[{"start":{"line":176,"column":9},"end":{"line":176,"column":28}},{"start":{"line":176,"column":32},"end":{"line":176,"column":null}}]},"32":{"loc":{"start":{"line":209,"column":53},"end":{"line":209,"column":68}},"type":"binary-expr","locations":[{"start":{"line":209,"column":53},"end":{"line":209,"column":62}},{"start":{"line":209,"column":66},"end":{"line":209,"column":68}}]}},"s":{"0":0,"1":0,"2":0,"3":0,"4":0,"5":0,"6":0,"7":0,"8":0,"9":0,"10":0,"11":0,"12":0,"13":0,"14":0,"15":0,"16":0,"17":0,"18":0,"19":0,"20":0,"21":0,"22":0,"23":0,"24":0,"25":0,"26":0,"27":0,"28":0,"29":0,"30":0,"31":0,"32":0,"33":0,"34":0,"35":0,"36":0,"37":0,"38":0,"39":0,"40":0,"41":0,"42":0,"43":0,"44":0,"45":0,"46":0,"47":0,"48":0,"49":0,"50":0,"51":0,"52":0,"53":0,"54":0,"55":0,"56":0,"57":0,"58":0,"59":0,"60":0,"61":0,"62":0,"63":0,"64":0,"65":0,"66":0,"67":0,"68":0,"69":0,"70":0,"71":0,"72":0,"73":0,"74":0,"75":0,"76":0},"f":{"0":0,"1":0,"2":0,"3":0,"4":0,"5":0,"6":0,"7":0,"8":0,"9":0,"10":0,"11":0,"12":0,"13":0,"14":0,"15":0,"16":0,"17":0,"18":0,"19":0,"20":0,"21":0,"22":0,"23":0,"24":0,"25":0},"b":{"0":[0,0],"1":[0],"2":[0],"3":[0],"4":[0],"5":[0],"6":[0],"7":[0],"8":[0,0],"9":[0,0],"10":[0,0],"11":[0,0],"12":[0],"13":[0],"14":[0,0,0,0,0,0,0],"15":[0,0],"16":[0,0],"17":[0,0],"18":[0,0],"19":[0,0],"20":[0,0],"21":[0,0],"22":[0,0],"23":[0,0],"24":[0,0],"25":[0,0],"26":[0,0],"27":[0,0],"28":[0,0],"29":[0,0],"30":[0,0],"31":[0,0],"32":[0,0]}}
}
