TN:
SF:src/api/applicationApi.js
FN:16,(anonymous_5)
FN:117,(anonymous_6)
FN:148,(anonymous_7)
FN:158,(anonymous_8)
FNF:4
FNH:4
FNDA:4,(anonymous_5)
FNDA:3,(anonymous_6)
FNDA:4,(anonymous_7)
FNDA:4,(anonymous_8)
DA:6,1
DA:8,1
DA:16,4
DA:17,4
DA:19,4
DA:22,4
DA:56,4
DA:59,4
DA:60,1
DA:64,4
DA:70,3
DA:72,3
DA:73,1
DA:78,2
DA:79,0
DA:82,2
DA:90,2
DA:93,2
DA:95,2
DA:96,1
DA:98,1
DA:99,0
DA:101,1
DA:105,0
DA:107,1
DA:108,1
DA:111,2
DA:117,3
DA:118,3
DA:119,3
DA:120,3
DA:128,2
DA:130,2
DA:131,1
DA:136,1
DA:141,2
DA:142,2
DA:148,4
DA:149,4
DA:150,3
DA:151,3
DA:152,3
DA:153,3
DA:158,4
DA:159,4
DA:166,4
DA:168,4
DA:169,1
DA:172,3
DA:173,1
DA:179,2
DA:180,1
DA:186,1
LF:53
LH:50
BRDA:59,0,0,1
BRDA:59,0,1,3
BRDA:59,1,0,4
BRDA:59,1,1,1
BRDA:72,2,0,1
BRDA:72,2,1,2
BRDA:74,3,0,1
BRDA:74,3,1,0
BRDA:78,4,0,0
BRDA:78,4,1,2
BRDA:79,5,0,0
BRDA:79,5,1,0
BRDA:95,6,0,1
BRDA:95,6,1,1
BRDA:95,7,0,2
BRDA:95,7,1,1
BRDA:98,8,0,0
BRDA:98,8,1,1
BRDA:101,9,0,0
BRDA:101,9,1,1
BRDA:102,10,0,1
BRDA:102,10,1,1
BRDA:107,11,0,1
BRDA:107,11,1,0
BRDA:130,12,0,1
BRDA:130,12,1,1
BRDA:132,13,0,1
BRDA:132,13,1,0
BRDA:149,14,0,1
BRDA:149,14,1,3
BRDA:168,15,0,1
BRDA:168,15,1,3
BRDA:172,16,0,1
BRDA:172,16,1,2
BRDA:179,17,0,1
BRDA:179,17,1,1
BRF:36
BRH:28
end_of_record
TN:
SF:src/components/forms/ApplicationForm.js
FN:12,(anonymous_2)
FN:42,(anonymous_3)
FN:43,(anonymous_4)
FN:47,(anonymous_5)
FN:48,(anonymous_6)
FN:53,(anonymous_7)
FN:54,(anonymous_8)
FN:58,(anonymous_9)
FN:59,(anonymous_10)
FN:64,(anonymous_11)
FN:90,(anonymous_12)
FN:106,(anonymous_13)
FN:112,(anonymous_14)
FN:124,(anonymous_15)
FN:133,(anonymous_16)
FN:135,(anonymous_17)
FN:144,(anonymous_18)
FN:146,(anonymous_19)
FN:152,(anonymous_20)
FN:164,(anonymous_21)
FN:176,(anonymous_22)
FN:181,(anonymous_23)
FN:185,(anonymous_24)
FN:188,(anonymous_25)
FN:193,(anonymous_26)
FN:203,(anonymous_27)
FN:219,(anonymous_28)
FN:227,(anonymous_29)
FN:256,(anonymous_30)
FN:407,(anonymous_31)
FN:452,(anonymous_32)
FN:476,(anonymous_33)
FN:544,(anonymous_34)
FN:574,(anonymous_35)
FN:654,(anonymous_36)
FN:690,(anonymous_37)
FN:721,(anonymous_38)
FN:821,(anonymous_39)
FN:915,(anonymous_40)
FN:960,(anonymous_41)
FNF:40
FNH:27
FNDA:25,(anonymous_2)
FNDA:18,(anonymous_3)
FNDA:18,(anonymous_4)
FNDA:18,(anonymous_5)
FNDA:2,(anonymous_6)
FNDA:1,(anonymous_7)
FNDA:1,(anonymous_8)
FNDA:1,(anonymous_9)
FNDA:1,(anonymous_10)
FNDA:10,(anonymous_11)
FNDA:220,(anonymous_12)
FNDA:10,(anonymous_13)
FNDA:2,(anonymous_14)
FNDA:0,(anonymous_15)
FNDA:1,(anonymous_16)
FNDA:17,(anonymous_17)
FNDA:10,(anonymous_18)
FNDA:10,(anonymous_19)
FNDA:0,(anonymous_20)
FNDA:0,(anonymous_21)
FNDA:0,(anonymous_22)
FNDA:0,(anonymous_23)
FNDA:0,(anonymous_24)
FNDA:0,(anonymous_25)
FNDA:25,(anonymous_26)
FNDA:25,(anonymous_27)
FNDA:0,(anonymous_28)
FNDA:0,(anonymous_29)
FNDA:0,(anonymous_30)
FNDA:0,(anonymous_31)
FNDA:50,(anonymous_32)
FNDA:150,(anonymous_33)
FNDA:200,(anonymous_34)
FNDA:200,(anonymous_35)
FNDA:1250,(anonymous_36)
FNDA:150,(anonymous_37)
FNDA:175,(anonymous_38)
FNDA:0,(anonymous_39)
FNDA:46,(anonymous_40)
FNDA:0,(anonymous_41)
DA:1,1
DA:2,1
DA:3,1
DA:4,1
DA:5,1
DA:6,1
DA:7,1
DA:9,1
DA:10,1
DA:12,1
DA:26,25
DA:28,25
DA:29,25
DA:31,25
DA:34,25
DA:35,25
DA:36,25
DA:37,25
DA:38,25
DA:39,25
DA:42,25
DA:43,18
DA:44,18
DA:45,0
DA:47,18
DA:48,18
DA:53,25
DA:54,1
DA:55,1
DA:56,0
DA:58,1
DA:59,1
DA:64,25
DA:65,10
DA:90,10
DA:91,220
DA:92,90
DA:93,90
DA:99,130
DA:102,10
DA:106,25
DA:107,10
DA:108,10
DA:112,25
DA:113,2
DA:114,2
DA:115,1
DA:116,1
DA:118,1
DA:124,25
DA:125,0
DA:126,0
DA:127,0
DA:128,0
DA:133,25
DA:134,1
DA:135,1
DA:136,17
DA:137,17
DA:140,1
DA:144,25
DA:145,10
DA:146,10
DA:148,10
DA:152,25
DA:153,0
DA:154,0
DA:155,0
DA:156,0
DA:157,0
DA:158,0
DA:159,0
DA:160,0
DA:164,25
DA:165,0
DA:166,0
DA:167,0
DA:168,0
DA:170,0
DA:171,0
DA:172,0
DA:173,0
DA:175,0
DA:176,0
DA:181,25
DA:182,0
DA:183,0
DA:184,0
DA:185,0
DA:186,0
DA:187,0
DA:188,0
DA:193,25
DA:194,25
DA:195,23
DA:196,2
DA:197,21
DA:198,2
DA:199,19
DA:203,25
DA:204,25
DA:205,25
DA:207,25
DA:208,0
DA:209,25
DA:210,25
DA:211,25
DA:213,25
DA:214,25
DA:216,25
DA:219,25
DA:220,0
DA:221,0
DA:222,0
DA:223,0
DA:224,0
DA:227,25
DA:228,0
DA:229,0
DA:231,0
DA:234,0
DA:238,0
DA:240,0
DA:244,25
DA:257,0
DA:258,0
DA:408,0
DA:453,50
DA:477,150
DA:545,200
DA:575,200
DA:655,1250
DA:691,150
DA:722,175
DA:822,0
DA:917,46
DA:918,23
DA:920,23
DA:921,0
DA:961,0
DA:962,0
DA:963,0
DA:984,10
LF:143
LH:92
BRDA:32,0,0,25
BRDA:32,0,1,25
BRDA:44,1,0,0
BRDA:44,1,1,18
BRDA:55,2,0,0
BRDA:55,2,1,1
BRDA:91,3,0,90
BRDA:91,3,1,130
BRDA:94,4,0,90
BRDA:94,4,1,90
BRDA:94,4,2,3
BRDA:99,5,0,130
BRDA:99,5,1,11
BRDA:114,6,0,1
BRDA:114,6,1,1
BRDA:116,7,0,1
BRDA:116,7,1,0
BRDA:116,8,0,1
BRDA:116,8,1,1
BRDA:127,9,0,0
BRDA:127,9,1,0
BRDA:136,10,0,17
BRDA:136,10,1,0
BRDA:148,11,0,10
BRDA:148,11,1,0
BRDA:155,12,0,0
BRDA:155,12,1,0
BRDA:155,13,0,0
BRDA:155,13,1,0
BRDA:158,14,0,0
BRDA:158,14,1,0
BRDA:170,15,0,0
BRDA:170,15,1,0
BRDA:170,16,0,0
BRDA:170,16,1,0
BRDA:183,17,0,0
BRDA:183,17,1,0
BRDA:183,18,0,0
BRDA:183,18,1,0
BRDA:186,19,0,0
BRDA:186,19,1,0
BRDA:194,20,0,2
BRDA:194,20,1,23
BRDA:195,21,0,2
BRDA:195,21,1,21
BRDA:195,22,0,23
BRDA:195,22,1,4
BRDA:197,23,0,2
BRDA:197,23,1,19
BRDA:197,24,0,21
BRDA:197,24,1,2
BRDA:207,25,0,0
BRDA:207,25,1,25
BRDA:207,26,0,25
BRDA:207,26,1,25
BRDA:209,27,0,0
BRDA:209,27,1,25
BRDA:210,28,0,0
BRDA:210,28,1,25
BRDA:211,29,0,0
BRDA:211,29,1,25
BRDA:213,30,0,0
BRDA:213,30,1,25
BRDA:214,31,0,2
BRDA:214,31,1,23
BRDA:220,32,0,0
BRDA:220,32,1,0
BRDA:229,33,0,0
BRDA:229,33,1,0
BRDA:229,33,2,0
BRDA:229,33,3,0
BRDA:229,33,4,0
BRDA:229,33,5,0
BRDA:229,33,6,0
BRDA:244,34,0,0
BRDA:244,34,1,25
BRDA:282,35,0,25
BRDA:305,36,0,25
BRDA:317,37,0,2
BRDA:317,37,1,23
BRDA:319,38,0,1
BRDA:319,38,1,24
BRDA:325,39,0,25
BRDA:339,40,0,0
BRDA:339,40,1,25
BRDA:349,41,0,25
BRDA:361,42,0,0
BRDA:361,42,1,25
BRDA:370,43,0,7
BRDA:370,43,1,18
BRDA:372,44,0,2
BRDA:372,44,1,16
BRDA:374,45,0,2
BRDA:374,45,1,14
BRDA:374,46,0,16
BRDA:374,46,1,4
BRDA:374,46,2,4
BRDA:388,47,0,2
BRDA:388,47,1,23
BRDA:390,48,0,0
BRDA:390,48,1,25
BRDA:398,49,0,25
BRDA:408,50,0,0
BRDA:408,50,1,0
BRDA:413,51,0,2
BRDA:413,51,1,23
BRDA:421,52,0,25
BRDA:431,53,0,2
BRDA:431,53,1,23
BRDA:439,54,0,25
BRDA:448,55,0,2
BRDA:448,55,1,23
BRDA:463,56,0,25
BRDA:472,57,0,2
BRDA:472,57,1,23
BRDA:488,58,0,25
BRDA:494,59,0,25
BRDA:494,59,1,25
BRDA:499,60,0,2
BRDA:499,60,1,23
BRDA:508,61,0,25
BRDA:513,62,0,25
BRDA:513,62,1,25
BRDA:517,63,0,2
BRDA:517,63,1,23
BRDA:531,64,0,25
BRDA:540,65,0,2
BRDA:540,65,1,23
BRDA:560,66,0,25
BRDA:570,67,0,0
BRDA:570,67,1,25
BRDA:585,68,0,25
BRDA:596,69,0,0
BRDA:596,69,1,25
BRDA:602,70,0,25
BRDA:613,71,0,0
BRDA:613,71,1,25
BRDA:621,72,0,25
BRDA:632,73,0,0
BRDA:632,73,1,25
BRDA:640,74,0,25
BRDA:650,75,0,0
BRDA:650,75,1,25
BRDA:665,76,0,25
BRDA:676,77,0,0
BRDA:676,77,1,25
BRDA:702,78,0,12
BRDA:702,78,1,138
BRDA:712,79,0,25
BRDA:731,80,0,14
BRDA:731,80,1,161
BRDA:738,81,0,25
BRDA:751,82,0,25
BRDA:763,83,0,0
BRDA:763,83,1,25
BRDA:771,84,0,25
BRDA:783,85,0,0
BRDA:783,85,1,25
BRDA:792,86,0,25
BRDA:804,87,0,2
BRDA:804,87,1,23
BRDA:812,88,0,25
BRDA:822,89,0,0
BRDA:822,89,1,0
BRDA:827,90,0,2
BRDA:827,90,1,23
BRDA:838,91,0,25
BRDA:855,92,0,2
BRDA:855,92,1,23
BRDA:874,93,0,2
BRDA:874,93,1,23
BRDA:893,94,0,25
BRDA:897,95,0,25
BRDA:910,96,0,25
BRDA:917,97,0,23
BRDA:917,97,1,23
BRDA:918,98,0,23
BRDA:918,98,1,0
BRDA:918,99,0,23
BRDA:918,99,1,23
BRDA:920,100,0,0
BRDA:920,100,1,23
BRDA:956,101,0,25
BRDA:976,102,0,2
BRDA:976,102,1,23
BRDA:978,103,0,2
BRDA:978,103,1,23
BRF:187
BRH:132
end_of_record
TN:
SF:src/components/layouts/Layout.js
FN:12,(anonymous_2)
FNF:1
FNH:0
FNDA:0,(anonymous_2)
DA:1,0
DA:2,0
DA:3,0
DA:4,0
DA:6,0
DA:12,0
DA:40,0
LF:7
LH:0
BRDA:14,0,0,0
BRDA:15,1,0,0
BRDA:16,2,0,0
BRDA:17,3,0,0
BRDA:18,4,0,0
BRDA:19,5,0,0
BRDA:20,6,0,0
BRF:7
BRH:0
end_of_record
TN:
SF:src/components/sections/CampSchedule.js
FN:4,(anonymous_1)
FN:17,(anonymous_2)
FN:25,(anonymous_3)
FN:29,(anonymous_4)
FN:41,(anonymous_5)
FN:53,(anonymous_6)
FN:56,(anonymous_7)
FN:75,(anonymous_8)
FN:76,(anonymous_9)
FN:77,(anonymous_10)
FN:78,(anonymous_11)
FNF:11
FNH:0
FNDA:0,(anonymous_1)
FNDA:0,(anonymous_2)
FNDA:0,(anonymous_3)
FNDA:0,(anonymous_4)
FNDA:0,(anonymous_5)
FNDA:0,(anonymous_6)
FNDA:0,(anonymous_7)
FNDA:0,(anonymous_8)
FNDA:0,(anonymous_9)
FNDA:0,(anonymous_10)
FNDA:0,(anonymous_11)
DA:1,0
DA:2,0
DA:4,0
DA:5,0
DA:6,0
DA:7,0
DA:8,0
DA:17,0
DA:26,0
DA:29,0
DA:42,0
DA:54,0
DA:57,0
DA:75,0
DA:76,0
DA:77,0
DA:78,0
DA:83,0
LF:18
LH:0
BRDA:16,0,0,0
BRDA:16,0,1,0
BRDA:28,1,0,0
BRDA:28,1,1,0
BRDA:57,2,0,0
BRDA:57,2,1,0
BRDA:78,3,0,0
BRDA:78,3,1,0
BRF:8
BRH:0
end_of_record
TN:
SF:src/components/sections/ContentSlider.js
FN:3,(anonymous_2)
FN:17,(anonymous_3)
FNF:2
FNH:0
FNDA:0,(anonymous_2)
FNDA:0,(anonymous_3)
DA:1,0
DA:3,0
DA:18,0
DA:49,0
LF:4
LH:0
BRDA:3,0,0,0
BRDA:3,1,0,0
BRDA:9,2,0,0
BRDA:10,3,0,0
BRDA:15,4,0,0
BRDA:22,5,0,0
BRDA:22,5,1,0
BRDA:24,6,0,0
BRDA:24,6,1,0
BRDA:26,7,0,0
BRDA:26,7,1,0
BRDA:31,8,0,0
BRF:12
BRH:0
end_of_record
TN:
SF:src/components/sections/FeatureSection.js
FN:3,(anonymous_2)
FN:16,(anonymous_3)
FN:42,(anonymous_4)
FN:65,(anonymous_5)
FNF:4
FNH:0
FNDA:0,(anonymous_2)
FNDA:0,(anonymous_3)
FNDA:0,(anonymous_4)
FNDA:0,(anonymous_5)
DA:1,0
DA:3,0
DA:11,0
DA:17,0
DA:43,0
DA:66,0
DA:79,0
LF:7
LH:0
BRDA:11,0,0,0
BRDA:11,0,1,0
BRDA:11,1,0,0
BRDA:11,1,1,0
BRDA:29,2,0,0
BRDA:37,3,0,0
BRDA:41,4,0,0
BRDA:41,4,1,0
BRDA:55,5,0,0
BRDA:55,5,1,0
BRDA:63,6,0,0
BRDA:63,6,1,0
BRF:12
BRH:0
end_of_record
TN:
SF:src/components/sections/HeroSection.js
FN:3,(anonymous_2)
FNF:1
FNH:0
FNDA:0,(anonymous_2)
DA:1,0
DA:3,0
DA:62,0
LF:3
LH:0
BRDA:15,0,0,0
BRDA:37,1,0,0
BRDA:39,2,0,0
BRDA:42,3,0,0
BRDA:42,3,1,0
BRDA:47,4,0,0
BRDA:47,4,1,0
BRF:7
BRH:0
end_of_record
TN:
SF:src/components/sections/Highlights.js
FN:1,(anonymous_1)
FN:15,(anonymous_2)
FNF:2
FNH:0
FNDA:0,(anonymous_1)
FNDA:0,(anonymous_2)
DA:1,0
DA:3,0
DA:4,0
DA:16,0
DA:32,0
LF:5
LH:0
BRDA:3,0,0,0
BRDA:3,0,1,0
BRDA:3,1,0,0
BRDA:3,1,1,0
BRDA:11,2,0,0
BRDA:12,3,0,0
BRF:6
BRH:0
end_of_record
TN:
SF:src/components/sections/Testimonials.js
FN:1,(anonymous_1)
FN:15,(anonymous_2)
FNF:2
FNH:0
FNDA:0,(anonymous_1)
FNDA:0,(anonymous_2)
DA:1,0
DA:3,0
DA:4,0
DA:16,0
DA:31,0
LF:5
LH:0
BRDA:3,0,0,0
BRDA:3,0,1,0
BRDA:3,1,0,0
BRDA:3,1,1,0
BRDA:11,2,0,0
BRDA:12,3,0,0
BRF:6
BRH:0
end_of_record
TN:
SF:src/components/ui/Badge.js
FN:5,(anonymous_4)
FN:52,(anonymous_5)
FN:66,(anonymous_6)
FN:72,(anonymous_7)
FNF:4
FNH:0
FNDA:0,(anonymous_4)
FNDA:0,(anonymous_5)
FNDA:0,(anonymous_6)
FNDA:0,(anonymous_7)
DA:5,1
DA:13,0
DA:14,0
DA:24,0
DA:30,0
DA:31,0
DA:34,0
DA:52,1
DA:60,0
DA:63,0
DA:67,0
DA:72,0
DA:87,0
DA:88,1
LF:14
LH:3
BRDA:7,0,0,0
BRDA:8,1,0,0
BRDA:9,2,0,0
BRDA:11,3,0,0
BRDA:30,4,0,0
BRDA:30,4,1,0
BRDA:31,5,0,0
BRDA:31,5,1,0
BRDA:31,6,0,0
BRDA:31,6,1,0
BRDA:39,7,0,0
BRDA:39,7,1,0
BRDA:39,8,0,0
BRDA:39,8,1,0
BRDA:40,9,0,0
BRDA:40,9,1,0
BRDA:40,10,0,0
BRDA:40,10,1,0
BRDA:41,11,0,0
BRDA:41,11,1,0
BRDA:41,12,0,0
BRDA:41,12,1,0
BRDA:55,13,0,0
BRDA:56,14,0,0
BRDA:57,15,0,0
BRDA:63,16,0,0
BRDA:63,16,1,0
BRDA:63,17,0,0
BRDA:63,17,1,0
BRDA:69,18,0,0
BRDA:69,18,1,0
BRDA:70,19,0,0
BRDA:70,19,1,0
BRDA:72,20,0,0
BRDA:72,20,1,0
BRDA:76,21,0,0
BRDA:76,21,1,0
BRDA:76,21,2,0
BRF:38
BRH:0
end_of_record
TN:
SF:src/components/ui/Carousel.js
FN:5,(anonymous_2)
FN:9,(anonymous_3)
FN:22,(anonymous_4)
FN:39,(anonymous_5)
FN:47,(anonymous_6)
FN:55,(anonymous_7)
FNF:6
FNH:0
FNDA:0,(anonymous_2)
FNDA:0,(anonymous_3)
FNDA:0,(anonymous_4)
FNDA:0,(anonymous_5)
FNDA:0,(anonymous_6)
FNDA:0,(anonymous_7)
DA:1,1
DA:2,1
DA:3,1
DA:5,1
DA:6,0
DA:7,0
DA:9,0
DA:10,0
DA:11,0
DA:13,0
DA:14,0
DA:16,0
DA:22,0
DA:23,0
DA:24,0
DA:26,0
DA:27,0
DA:31,0
DA:39,0
DA:47,0
DA:56,0
DA:63,1
LF:22
LH:5
BRDA:5,0,0,0
BRDA:11,1,0,0
BRDA:11,1,1,0
BRDA:14,2,0,0
BRDA:14,2,1,0
BRDA:24,3,0,0
BRDA:24,3,1,0
BRF:7
BRH:0
end_of_record
TN:
SF:src/components/ui/CarouselCard.js
FN:3,(anonymous_1)
FN:6,(anonymous_2)
FN:19,(anonymous_3)
FNF:3
FNH:0
FNDA:0,(anonymous_1)
FNDA:0,(anonymous_2)
FNDA:0,(anonymous_3)
DA:1,1
DA:3,1
DA:4,0
DA:6,0
DA:7,0
DA:8,0
DA:12,0
DA:20,0
DA:34,1
LF:9
LH:3
BRDA:7,0,0,0
BRDA:7,0,1,0
BRDA:20,1,0,0
BRDA:20,1,1,0
BRDA:20,2,0,0
BRDA:20,2,1,0
BRDA:27,3,0,0
BRF:7
BRH:0
end_of_record
TN:
SF:src/components/ui/ChevronDown.js
FNF:0
FNH:0
DA:21,1
LF:1
LH:1
BRDA:8,0,0,0
BRDA:8,0,1,0
BRF:2
BRH:0
end_of_record
TN:
SF:src/components/ui/DesktopNav.js
FN:5,(anonymous_2)
FN:16,(anonymous_3)
FN:21,(anonymous_4)
FN:22,(anonymous_5)
FN:23,(anonymous_6)
FN:24,(anonymous_7)
FN:32,(anonymous_8)
FN:44,(anonymous_9)
FN:49,(anonymous_10)
FNF:9
FNH:0
FNDA:0,(anonymous_2)
FNDA:0,(anonymous_3)
FNDA:0,(anonymous_4)
FNDA:0,(anonymous_5)
FNDA:0,(anonymous_6)
FNDA:0,(anonymous_7)
FNDA:0,(anonymous_8)
FNDA:0,(anonymous_9)
FNDA:0,(anonymous_10)
DA:1,1
DA:2,1
DA:3,1
DA:5,1
DA:12,0
DA:17,0
DA:21,0
DA:22,0
DA:23,0
DA:24,0
DA:32,0
DA:45,0
DA:50,0
DA:52,0
DA:53,0
DA:78,1
LF:16
LH:5
BRDA:17,0,0,0
BRDA:17,0,1,0
BRDA:28,1,0,0
BRDA:28,1,1,0
BRDA:41,2,0,0
BRDA:41,2,1,0
BRDA:52,3,0,0
BRDA:52,3,1,0
BRDA:67,4,0,0
BRDA:67,4,1,0
BRF:10
BRH:0
end_of_record
TN:
SF:src/components/ui/DirectoryCard.js
FN:8,(anonymous_2)
FN:19,(anonymous_3)
FN:30,(anonymous_4)
FN:42,(anonymous_5)
FN:50,(anonymous_6)
FN:66,(anonymous_7)
FN:81,(anonymous_8)
FN:121,(anonymous_9)
FN:126,(anonymous_10)
FN:152,(anonymous_11)
FN:196,(anonymous_12)
FN:210,(anonymous_13)
FN:280,(anonymous_14)
FNF:13
FNH:0
FNDA:0,(anonymous_2)
FNDA:0,(anonymous_3)
FNDA:0,(anonymous_4)
FNDA:0,(anonymous_5)
FNDA:0,(anonymous_6)
FNDA:0,(anonymous_7)
FNDA:0,(anonymous_8)
FNDA:0,(anonymous_9)
FNDA:0,(anonymous_10)
FNDA:0,(anonymous_11)
FNDA:0,(anonymous_12)
FNDA:0,(anonymous_13)
FNDA:0,(anonymous_14)
DA:1,1
DA:8,1
DA:16,0
DA:19,0
DA:20,0
DA:26,0
DA:30,0
DA:31,0
DA:32,0
DA:38,0
DA:42,0
DA:43,0
DA:44,0
DA:46,0
DA:50,0
DA:51,0
DA:52,0
DA:58,0
DA:66,0
DA:67,0
DA:76,0
DA:82,0
DA:99,0
DA:108,0
DA:117,0
DA:121,0
DA:122,0
DA:127,0
DA:146,0
DA:153,0
DA:180,0
DA:197,0
DA:206,0
DA:211,0
DA:233,0
DA:280,1
DA:281,0
DA:299,0
DA:302,1
LF:39
LH:4
BRDA:13,0,0,0
BRDA:26,1,0,0
BRDA:26,1,1,0
BRDA:31,2,0,0
BRDA:31,2,1,0
BRDA:33,3,0,0
BRDA:33,3,1,0
BRDA:33,3,2,0
BRDA:33,4,0,0
BRDA:33,4,1,0
BRDA:33,5,0,0
BRDA:33,5,1,0
BRDA:38,6,0,0
BRDA:38,6,1,0
BRDA:38,6,2,0
BRDA:43,7,0,0
BRDA:43,7,1,0
BRDA:44,8,0,0
BRDA:44,8,1,0
BRDA:51,9,0,0
BRDA:51,9,1,0
BRDA:52,10,0,0
BRDA:52,10,1,0
BRDA:53,11,0,0
BRDA:53,11,1,0
BRDA:58,12,0,0
BRDA:58,12,1,0
BRDA:59,13,0,0
BRDA:59,13,1,0
BRDA:67,14,0,0
BRDA:67,14,1,0
BRDA:76,15,0,0
BRDA:76,15,1,0
BRDA:80,16,0,0
BRDA:79,17,0,0
BRDA:79,17,1,0
BRDA:86,18,0,0
BRDA:99,19,0,0
BRDA:99,19,1,0
BRDA:108,20,0,0
BRDA:108,20,1,0
BRDA:122,21,0,0
BRDA:122,21,1,0
BRDA:131,22,0,0
BRDA:146,23,0,0
BRDA:146,23,1,0
BRDA:151,24,0,0
BRDA:150,25,0,0
BRDA:150,25,1,0
BRDA:157,26,0,0
BRDA:168,27,0,0
BRDA:168,27,1,0
BRDA:172,28,0,0
BRDA:172,28,1,0
BRDA:180,29,0,0
BRDA:180,29,1,0
BRDA:192,30,0,0
BRDA:192,30,1,0
BRDA:206,31,0,0
BRDA:206,31,1,0
BRDA:215,32,0,0
BRDA:240,33,0,0
BRDA:240,33,1,0
BRDA:242,34,0,0
BRDA:242,34,1,0
BRDA:244,35,0,0
BRDA:244,35,1,0
BRDA:246,36,0,0
BRDA:246,36,1,0
BRDA:253,37,0,0
BRDA:263,38,0,0
BRDA:263,38,1,0
BRDA:299,39,0,0
BRDA:299,39,1,0
BRF:74
BRH:0
end_of_record
TN:
SF:src/components/ui/DirectoryCategories.js
FN:8,(anonymous_1)
FN:15,(anonymous_2)
FN:26,(anonymous_3)
FN:41,(anonymous_4)
FN:52,(anonymous_5)
FN:63,(anonymous_6)
FN:86,(anonymous_7)
FN:93,(anonymous_8)
FN:104,(anonymous_9)
FNF:9
FNH:0
FNDA:0,(anonymous_1)
FNDA:0,(anonymous_2)
FNDA:0,(anonymous_3)
FNDA:0,(anonymous_4)
FNDA:0,(anonymous_5)
FNDA:0,(anonymous_6)
FNDA:0,(anonymous_7)
FNDA:0,(anonymous_8)
FNDA:0,(anonymous_9)
DA:1,1
DA:8,1
DA:15,0
DA:16,0
DA:22,0
DA:26,0
DA:27,0
DA:37,0
DA:41,0
DA:42,0
DA:48,0
DA:52,0
DA:53,0
DA:59,0
DA:63,0
DA:64,0
DA:65,0
DA:71,0
DA:87,0
DA:94,0
DA:104,0
DA:116,1
LF:22
LH:3
BRDA:12,0,0,0
BRDA:22,1,0,0
BRDA:22,1,1,0
BRDA:37,2,0,0
BRDA:37,2,1,0
BRDA:43,3,0,0
BRDA:43,3,1,0
BRDA:44,4,0,0
BRDA:44,4,1,0
BRDA:45,5,0,0
BRDA:45,5,1,0
BRDA:46,6,0,0
BRDA:46,6,1,0
BRDA:48,7,0,0
BRDA:48,7,1,0
BRDA:59,8,0,0
BRDA:59,8,1,0
BRDA:64,9,0,0
BRDA:64,9,1,0
BRDA:66,10,0,0
BRDA:66,10,1,0
BRDA:66,10,2,0
BRDA:66,11,0,0
BRDA:66,11,1,0
BRDA:66,12,0,0
BRDA:66,12,1,0
BRDA:71,13,0,0
BRDA:71,13,1,0
BRDA:71,13,2,0
BRDA:98,14,0,0
BRF:30
BRH:0
end_of_record
TN:
SF:src/components/ui/DirectoryFilters.js
FN:6,(anonymous_1)
FN:21,(anonymous_2)
FN:32,(anonymous_3)
FN:53,(anonymous_4)
FN:62,(anonymous_5)
FN:67,(anonymous_6)
FNF:6
FNH:0
FNDA:0,(anonymous_1)
FNDA:0,(anonymous_2)
FNDA:0,(anonymous_3)
FNDA:0,(anonymous_4)
FNDA:0,(anonymous_5)
FNDA:0,(anonymous_6)
DA:6,1
DA:18,0
DA:21,0
DA:22,0
DA:28,0
DA:32,0
DA:33,0
DA:39,0
DA:53,0
DA:62,0
DA:68,0
DA:96,1
LF:12
LH:2
BRDA:9,0,0,0
BRDA:16,1,0,0
BRDA:18,2,0,0
BRDA:18,2,1,0
BRDA:28,3,0,0
BRDA:28,3,1,0
BRDA:39,4,0,0
BRDA:39,4,1,0
BRDA:75,5,0,0
BRDA:88,6,0,0
BRDA:88,6,1,0
BRDA:89,7,0,0
BRDA:89,7,1,0
BRF:13
BRH:0
end_of_record
TN:
SF:src/components/ui/DirectoryPage.js
FN:14,(anonymous_2)
FN:33,(anonymous_3)
FN:34,(anonymous_4)
FN:51,(anonymous_5)
FN:55,(anonymous_6)
FN:66,(anonymous_7)
FN:116,(anonymous_8)
FN:160,(anonymous_9)
FN:185,(anonymous_10)
FN:260,(anonymous_11)
FNF:10
FNH:0
FNDA:0,(anonymous_2)
FNDA:0,(anonymous_3)
FNDA:0,(anonymous_4)
FNDA:0,(anonymous_5)
FNDA:0,(anonymous_6)
FNDA:0,(anonymous_7)
FNDA:0,(anonymous_8)
FNDA:0,(anonymous_9)
FNDA:0,(anonymous_10)
FNDA:0,(anonymous_11)
DA:1,1
DA:2,1
DA:3,1
DA:4,1
DA:5,1
DA:6,1
DA:7,1
DA:14,1
DA:29,0
DA:30,0
DA:33,0
DA:34,0
DA:36,0
DA:42,0
DA:46,0
DA:51,0
DA:52,0
DA:54,0
DA:55,0
DA:56,0
DA:57,0
DA:58,0
DA:60,0
DA:62,0
DA:66,0
DA:67,0
DA:81,0
DA:82,0
DA:89,0
DA:90,0
DA:97,0
DA:98,0
DA:105,0
DA:106,0
DA:113,0
DA:116,0
DA:117,0
DA:118,0
DA:161,0
DA:186,0
DA:260,1
DA:261,0
DA:267,0
DA:270,1
LF:44
LH:10
BRDA:18,0,0,0
BRDA:19,1,0,0
BRDA:20,2,0,0
BRDA:21,3,0,0
BRDA:22,4,0,0
BRDA:26,5,0,0
BRDA:27,6,0,0
BRDA:36,7,0,0
BRDA:36,7,1,0
BRDA:36,7,2,0
BRDA:36,7,3,0
BRDA:42,8,0,0
BRDA:42,8,1,0
BRDA:42,8,2,0
BRDA:46,9,0,0
BRDA:46,9,1,0
BRDA:52,10,0,0
BRDA:52,10,1,0
BRDA:57,11,0,0
BRDA:57,11,1,0
BRDA:81,12,0,0
BRDA:81,12,1,0
BRDA:89,13,0,0
BRDA:89,13,1,0
BRDA:97,14,0,0
BRDA:97,14,1,0
BRDA:105,15,0,0
BRDA:105,15,1,0
BRDA:124,16,0,0
BRDA:124,16,1,0
BRDA:127,17,0,0
BRDA:127,17,1,0
BRDA:131,18,0,0
BRDA:131,18,1,0
BRDA:133,19,0,0
BRDA:136,20,0,0
BRDA:139,21,0,0
BRDA:184,22,0,0
BRDA:187,23,0,0
BRDA:187,23,1,0
BRDA:187,23,2,0
BRDA:205,24,0,0
BRDA:214,25,0,0
BRDA:218,26,0,0
BRDA:218,26,1,0
BRDA:220,27,0,0
BRDA:220,27,1,0
BRDA:226,28,0,0
BRDA:234,29,0,0
BRDA:249,30,0,0
BRDA:267,31,0,0
BRDA:267,31,1,0
BRF:52
BRH:0
end_of_record
TN:
SF:src/components/ui/EnhancedButton.js
FN:3,(anonymous_2)
FN:38,(anonymous_3)
FNF:2
FNH:2
FNDA:13,(anonymous_2)
FNDA:1,(anonymous_3)
DA:1,2
DA:3,2
DA:15,13
DA:16,13
DA:22,13
DA:28,13
DA:38,13
DA:39,1
DA:40,1
DA:65,13
LF:10
LH:10
BRDA:5,0,0,11
BRDA:6,1,0,11
BRDA:7,2,0,11
BRDA:8,3,0,11
BRDA:9,4,0,12
BRDA:11,5,0,12
BRDA:32,6,0,2
BRDA:32,6,1,11
BRDA:39,7,0,1
BRDA:39,7,1,0
BRDA:39,8,0,1
BRDA:39,8,1,1
BRDA:39,8,2,1
BRDA:48,9,0,13
BRDA:48,9,1,11
BRDA:54,10,0,13
BRF:16
BRH:15
end_of_record
TN:
SF:src/components/ui/FeatureCard.js
FN:5,(anonymous_4)
FN:47,(anonymous_5)
FN:59,(anonymous_6)
FN:68,(anonymous_7)
FN:76,(anonymous_8)
FN:81,(anonymous_9)
FNF:6
FNH:0
FNDA:0,(anonymous_4)
FNDA:0,(anonymous_5)
FNDA:0,(anonymous_6)
FNDA:0,(anonymous_7)
FNDA:0,(anonymous_8)
FNDA:0,(anonymous_9)
DA:5,1
DA:14,0
DA:15,0
DA:22,0
DA:23,0
DA:26,0
DA:47,1
DA:55,0
DA:60,0
DA:68,0
DA:76,1
DA:77,0
DA:82,0
DA:88,0
DA:89,1
LF:15
LH:4
BRDA:9,0,0,0
BRDA:10,1,0,0
BRDA:12,2,0,0
BRDA:22,3,0,0
BRDA:22,3,1,0
BRDA:23,4,0,0
BRDA:23,4,1,0
BRDA:32,5,0,0
BRDA:32,5,1,0
BRDA:33,6,0,0
BRDA:33,6,1,0
BRDA:35,7,0,0
BRDA:38,8,0,0
BRDA:49,9,0,0
BRDA:50,10,0,0
BRDA:51,11,0,0
BRDA:52,12,0,0
BRDA:68,13,0,0
BRDA:68,13,1,0
BRDA:76,14,0,0
BRF:20
BRH:0
end_of_record
TN:
SF:src/components/ui/FeatureVideo.js
FN:4,(anonymous_2)
FNF:1
FNH:0
FNDA:0,(anonymous_2)
DA:1,1
DA:2,1
DA:4,1
DA:11,0
DA:12,0
DA:32,1
LF:6
LH:4
BRF:0
BRH:0
end_of_record
TN:
SF:src/components/ui/Footer.js
FN:4,(anonymous_2)
FN:99,(anonymous_3)
FNF:2
FNH:0
FNDA:0,(anonymous_2)
FNDA:0,(anonymous_3)
DA:1,1
DA:2,1
DA:4,1
DA:5,0
DA:100,0
DA:127,1
LF:6
LH:4
BRF:0
BRH:0
end_of_record
TN:
SF:src/components/ui/FooterCTA.js
FN:3,(anonymous_2)
FNF:1
FNH:0
FNDA:0,(anonymous_2)
DA:1,1
DA:3,1
DA:27,1
LF:3
LH:3
BRDA:6,0,0,0
BRDA:7,1,0,0
BRF:2
BRH:0
end_of_record
TN:
SF:src/components/ui/GalleryCard.js
FN:1,(anonymous_1)
FN:2,(anonymous_2)
FN:18,(anonymous_3)
FNF:3
FNH:0
FNDA:0,(anonymous_1)
FNDA:0,(anonymous_2)
FNDA:0,(anonymous_3)
DA:1,0
DA:2,0
DA:3,0
DA:4,0
DA:5,0
DA:6,0
DA:11,0
DA:19,0
DA:33,0
LF:9
LH:0
BRDA:3,0,0,0
BRDA:3,0,1,0
BRDA:5,1,0,0
BRDA:5,1,1,0
BRDA:19,2,0,0
BRDA:19,2,1,0
BRDA:19,3,0,0
BRDA:19,3,1,0
BRDA:26,4,0,0
BRF:9
BRH:0
end_of_record
TN:
SF:src/components/ui/ImageSlider.js
FN:7,(anonymous_2)
FN:17,(anonymous_3)
FN:21,(anonymous_4)
FNF:3
FNH:0
FNDA:0,(anonymous_2)
FNDA:0,(anonymous_3)
FNDA:0,(anonymous_4)
DA:1,0
DA:2,0
DA:3,0
DA:4,0
DA:5,0
DA:7,0
DA:18,0
DA:22,0
DA:43,0
DA:58,0
LF:10
LH:0
BRDA:20,0,0,0
BRDA:20,0,1,0
BRDA:30,1,0,0
BRDA:30,1,1,0
BRF:4
BRH:0
end_of_record
TN:
SF:src/components/ui/LoadingSpinner.js
FN:3,(anonymous_1)
FNF:1
FNH:1
FNDA:2,(anonymous_1)
DA:1,2
DA:3,2
DA:9,2
DA:29,2
LF:4
LH:4
BRDA:4,0,0,0
BRDA:5,1,0,2
BRDA:6,2,0,0
BRDA:7,3,0,0
BRF:4
BRH:1
end_of_record
TN:
SF:src/components/ui/MobileNav.js
FN:12,(anonymous_3)
FN:20,(anonymous_4)
FN:22,(anonymous_5)
FN:35,(anonymous_6)
FN:40,(anonymous_7)
FN:56,(anonymous_8)
FN:67,(anonymous_9)
FNF:7
FNH:0
FNDA:0,(anonymous_3)
FNDA:0,(anonymous_4)
FNDA:0,(anonymous_5)
FNDA:0,(anonymous_6)
FNDA:0,(anonymous_7)
FNDA:0,(anonymous_8)
FNDA:0,(anonymous_9)
DA:1,1
DA:2,1
DA:13,0
DA:21,0
DA:22,0
DA:36,0
DA:40,0
DA:56,0
DA:67,0
DA:75,1
LF:10
LH:3
BRDA:13,0,0,0
BRDA:13,0,1,0
BRDA:33,1,0,0
BRDA:54,2,0,0
BRDA:54,2,1,0
BRF:5
BRH:0
end_of_record
TN:
SF:src/components/ui/Navigation.js
FN:66,(anonymous_2)
FN:92,(anonymous_3)
FN:120,(anonymous_4)
FN:173,(anonymous_5)
FNF:4
FNH:0
FNDA:0,(anonymous_2)
FNDA:0,(anonymous_3)
FNDA:0,(anonymous_4)
FNDA:0,(anonymous_5)
DA:1,1
DA:2,1
DA:3,1
DA:4,1
DA:10,1
DA:11,1
DA:12,1
DA:14,1
DA:66,1
DA:67,0
DA:79,0
DA:92,0
DA:121,0
DA:173,0
DA:193,1
LF:15
LH:10
BRDA:66,0,0,0
BRDA:66,1,0,0
BRDA:83,2,0,0
BRDA:83,2,1,0
BRDA:89,3,0,0
BRDA:116,4,0,0
BRDA:116,4,1,0
BRDA:123,5,0,0
BRDA:124,6,0,0
BRDA:139,7,0,0
BRDA:150,8,0,0
BRDA:164,9,0,0
BRDA:164,9,1,0
BRF:13
BRH:0
end_of_record
TN:
SF:src/components/ui/SectionHeader.js
FN:5,(anonymous_4)
FN:48,(anonymous_5)
FNF:2
FNH:0
FNDA:0,(anonymous_4)
FNDA:0,(anonymous_5)
DA:5,1
DA:15,0
DA:16,0
DA:24,0
DA:30,0
DA:33,0
DA:48,1
DA:57,0
DA:58,0
DA:65,0
DA:84,0
DA:85,1
LF:12
LH:3
BRDA:9,0,0,0
BRDA:10,1,0,0
BRDA:11,2,0,0
BRDA:12,3,0,0
BRDA:30,4,0,0
BRDA:30,4,1,0
BRDA:37,5,0,0
BRDA:38,6,0,0
BRDA:39,7,0,0
BRDA:52,8,0,0
BRDA:53,9,0,0
BRDA:71,10,0,0
BRDA:71,10,1,0
BRDA:75,11,0,0
BRDA:76,12,0,0
BRDA:77,13,0,0
BRF:16
BRH:0
end_of_record
TN:
SF:src/components/ui/SocialLink.js
FN:3,(anonymous_2)
FNF:1
FNH:0
FNDA:0,(anonymous_2)
DA:1,1
DA:3,1
DA:18,1
DA:25,1
LF:4
LH:4
BRDA:3,0,0,0
BRDA:13,1,0,0
BRF:2
BRH:0
end_of_record
TN:
SF:src/components/ui/StatsCard.js
FN:5,(anonymous_4)
FN:47,(anonymous_5)
FN:59,(anonymous_6)
FN:67,(anonymous_7)
FNF:4
FNH:0
FNDA:0,(anonymous_4)
FNDA:0,(anonymous_5)
FNDA:0,(anonymous_6)
FNDA:0,(anonymous_7)
DA:5,1
DA:14,0
DA:15,0
DA:22,0
DA:23,0
DA:26,0
DA:47,1
DA:55,0
DA:60,0
DA:67,0
DA:74,0
DA:75,1
LF:12
LH:3
BRDA:9,0,0,0
BRDA:10,1,0,0
BRDA:12,2,0,0
BRDA:22,3,0,0
BRDA:22,3,1,0
BRDA:23,4,0,0
BRDA:23,4,1,0
BRDA:32,5,0,0
BRDA:32,5,1,0
BRDA:33,6,0,0
BRDA:33,6,1,0
BRDA:35,7,0,0
BRDA:49,8,0,0
BRDA:50,9,0,0
BRDA:51,10,0,0
BRDA:52,11,0,0
BRDA:67,12,0,0
BRDA:67,12,1,0
BRF:18
BRH:0
end_of_record
TN:
SF:src/components/ui/WeeklySchedule.js
FN:1,(anonymous_1)
FN:264,(anonymous_2)
FN:293,(anonymous_3)
FN:319,(anonymous_4)
FNF:4
FNH:0
FNDA:0,(anonymous_1)
FNDA:0,(anonymous_2)
FNDA:0,(anonymous_3)
FNDA:0,(anonymous_4)
DA:1,1
DA:2,0
DA:250,0
DA:264,0
DA:265,0
DA:266,0
DA:268,0
DA:294,0
DA:320,0
DA:396,1
LF:10
LH:2
BRDA:269,0,0,0
BRDA:269,0,1,0
BRDA:270,1,0,0
BRDA:270,1,1,0
BRF:4
BRH:0
end_of_record
TN:
SF:src/constants/CampScheduleData.js
FNF:0
FNH:0
DA:2,0
LF:1
LH:0
BRF:0
BRH:0
end_of_record
TN:
SF:src/constants/aDayAtScissContent.js
FNF:0
FNH:0
DA:1,0
DA:108,0
DA:146,0
DA:170,0
DA:188,0
DA:189,0
DA:190,0
DA:191,0
LF:8
LH:0
BRF:0
BRH:0
end_of_record
TN:
SF:src/constants/aboutUsContent.js
FNF:0
FNH:0
DA:1,0
DA:15,0
DA:54,0
DA:61,0
LF:4
LH:0
BRF:0
BRH:0
end_of_record
TN:
SF:src/constants/academicsContent.js
FNF:0
FNH:0
DA:1,0
DA:88,0
DA:127,0
DA:264,0
DA:335,0
DA:336,0
DA:337,0
DA:338,0
LF:8
LH:0
BRF:0
BRH:0
end_of_record
TN:
SF:src/constants/dayTripsContent.js
FNF:0
FNH:0
DA:1,0
DA:37,0
DA:106,0
DA:173,0
DA:210,0
DA:235,0
DA:236,0
DA:237,0
DA:238,0
DA:239,0
LF:10
LH:0
BRF:0
BRH:0
end_of_record
TN:
SF:src/constants/homeContent.js
FNF:0
FNH:0
DA:1,0
DA:22,0
DA:43,0
DA:51,0
DA:61,0
DA:62,0
DA:63,0
DA:64,0
LF:8
LH:0
BRF:0
BRH:0
end_of_record
TN:
SF:src/constants/images.js
FNF:0
FNH:0
DA:1,1
DA:2,1
DA:3,1
DA:4,1
DA:5,1
DA:7,1
DA:12,1
DA:17,1
DA:22,1
DA:27,1
DA:32,1
DA:37,1
DA:42,1
DA:47,1
DA:53,1
DA:58,1
DA:63,1
DA:91,0
DA:92,0
DA:93,0
DA:94,0
DA:95,0
DA:96,0
DA:97,0
DA:98,0
DA:99,0
DA:100,0
DA:101,0
DA:102,0
DA:103,0
DA:104,0
DA:105,0
DA:106,0
DA:107,0
LF:34
LH:17
BRF:0
BRH:0
end_of_record
TN:
SF:src/constants/lifeActivitiesContent.js
FNF:0
FNH:0
DA:1,0
DA:60,0
DA:99,0
DA:142,0
DA:170,0
DA:171,0
DA:172,0
DA:173,0
LF:8
LH:0
BRF:0
BRH:0
end_of_record
TN:
SF:src/constants/parentInformationContent.js
FNF:0
FNH:0
DA:1,0
DA:44,0
DA:80,0
DA:116,0
DA:149,0
DA:188,0
DA:221,0
DA:245,0
DA:279,0
DA:280,0
DA:281,0
DA:282,0
DA:283,0
DA:284,0
DA:285,0
DA:286,0
LF:16
LH:0
BRF:0
BRH:0
end_of_record
TN:
SF:src/constants/programOverviewContent.js
FNF:0
FNH:0
DA:1,0
DA:19,0
LF:2
LH:0
BRF:0
BRH:0
end_of_record
TN:
SF:src/constants/tuitionsAndFeesContent.js
FNF:0
FNH:0
DA:1,0
DA:26,0
DA:72,0
DA:100,0
DA:139,0
DA:140,0
DA:141,0
DA:142,0
LF:8
LH:0
BRF:0
BRH:0
end_of_record
TN:
SF:src/constants/videos.js
FNF:0
FNH:0
DA:1,0
DA:9,0
LF:2
LH:0
BRF:0
BRH:0
end_of_record
TN:
SF:src/hooks/useApplicationForm.js
FN:11,(anonymous_1)
FN:18,(anonymous_2)
FN:64,(anonymous_3)
FN:78,(anonymous_4)
FN:97,(anonymous_5)
FN:121,(anonymous_6)
FN:150,(anonymous_7)
FN:160,(anonymous_8)
FN:206,(anonymous_9)
FN:214,(anonymous_10)
FN:225,(anonymous_11)
FN:231,(anonymous_12)
FNF:12
FNH:0
FNDA:0,(anonymous_1)
FNDA:0,(anonymous_2)
FNDA:0,(anonymous_3)
FNDA:0,(anonymous_4)
FNDA:0,(anonymous_5)
FNDA:0,(anonymous_6)
FNDA:0,(anonymous_7)
FNDA:0,(anonymous_8)
FNDA:0,(anonymous_9)
FNDA:0,(anonymous_10)
FNDA:0,(anonymous_11)
FNDA:0,(anonymous_12)
DA:5,0
DA:6,0
DA:7,0
DA:8,0
DA:9,0
DA:11,0
DA:12,0
DA:13,0
DA:14,0
DA:15,0
DA:16,0
DA:17,0
DA:18,0
DA:56,0
DA:61,0
DA:63,0
DA:65,0
DA:66,0
DA:68,0
DA:69,0
DA:70,0
DA:72,0
DA:73,0
DA:74,0
DA:76,0
DA:78,0
DA:82,0
DA:85,0
DA:87,0
DA:89,0
DA:90,0
DA:96,0
DA:99,0
DA:101,0
DA:103,0
DA:104,0
DA:105,0
DA:109,0
DA:111,0
DA:114,0
DA:115,0
DA:120,0
DA:122,0
DA:123,0
DA:124,0
DA:125,0
DA:126,0
DA:128,0
DA:129,0
DA:134,0
DA:137,0
DA:138,0
DA:143,0
DA:149,0
DA:151,0
DA:152,0
DA:153,0
DA:159,0
DA:161,0
DA:162,0
DA:163,0
DA:165,0
DA:166,0
DA:167,0
DA:168,0
DA:172,0
DA:175,0
DA:178,0
DA:179,0
DA:182,0
DA:183,0
DA:191,0
DA:192,0
DA:198,0
DA:200,0
DA:206,0
DA:207,0
DA:208,0
DA:209,0
DA:210,0
DA:213,0
DA:215,0
DA:216,0
DA:217,0
DA:219,0
DA:224,0
DA:226,0
DA:231,0
DA:232,0
DA:234,0
LF:90
LH:0
BRDA:66,0,0,0
BRDA:66,0,1,0
BRDA:70,1,0,0
BRDA:70,1,1,0
BRDA:72,2,0,0
BRDA:72,2,1,0
BRDA:73,3,0,0
BRDA:73,3,1,0
BRDA:89,4,0,0
BRDA:89,4,1,0
BRDA:99,5,0,0
BRDA:99,5,1,0
BRDA:99,6,0,0
BRDA:99,6,1,0
BRDA:101,7,0,0
BRDA:101,7,1,0
BRDA:104,8,0,0
BRDA:104,8,1,0
BRDA:122,9,0,0
BRDA:122,9,1,0
BRDA:122,10,0,0
BRDA:122,10,1,0
BRDA:128,11,0,0
BRDA:128,11,1,0
BRDA:152,12,0,0
BRDA:152,12,1,0
BRDA:165,13,0,0
BRDA:165,13,1,0
BRDA:167,14,0,0
BRDA:167,14,1,0
BRDA:182,15,0,0
BRDA:182,15,1,0
BRDA:191,16,0,0
BRDA:191,16,1,0
BRDA:215,17,0,0
BRDA:215,17,1,0
BRDA:226,18,0,0
BRDA:226,18,1,0
BRF:38
BRH:0
end_of_record
TN:
SF:src/hooks/useAutoplayOnView.js
FN:3,(anonymous_1)
FN:4,(anonymous_2)
FN:9,(anonymous_3)
FN:21,(anonymous_4)
FNF:4
FNH:0
FNDA:0,(anonymous_1)
FNDA:0,(anonymous_2)
FNDA:0,(anonymous_3)
FNDA:0,(anonymous_4)
DA:1,1
DA:3,1
DA:4,0
DA:5,0
DA:6,0
DA:8,0
DA:10,0
DA:11,0
DA:13,0
DA:19,0
DA:21,0
DA:25,1
LF:12
LH:3
BRDA:3,0,0,0
BRDA:6,1,0,0
BRDA:6,1,1,0
BRDA:10,2,0,0
BRDA:10,2,1,0
BRF:5
BRH:0
end_of_record
TN:
SF:src/hooks/useNavigationState.js
FN:3,(anonymous_1)
FN:11,(anonymous_2)
FN:12,(anonymous_3)
FN:16,(anonymous_4)
FN:19,(anonymous_5)
FN:20,(anonymous_6)
FN:23,(anonymous_7)
FN:27,(anonymous_8)
FN:28,(anonymous_9)
FN:100,(anonymous_10)
FN:116,(anonymous_11)
FN:123,(anonymous_12)
FN:129,(anonymous_13)
FNF:13
FNH:0
FNDA:0,(anonymous_1)
FNDA:0,(anonymous_2)
FNDA:0,(anonymous_3)
FNDA:0,(anonymous_4)
FNDA:0,(anonymous_5)
FNDA:0,(anonymous_6)
FNDA:0,(anonymous_7)
FNDA:0,(anonymous_8)
FNDA:0,(anonymous_9)
FNDA:0,(anonymous_10)
FNDA:0,(anonymous_11)
FNDA:0,(anonymous_12)
FNDA:0,(anonymous_13)
DA:1,1
DA:3,1
DA:4,0
DA:5,0
DA:6,0
DA:7,0
DA:8,0
DA:9,0
DA:11,0
DA:12,0
DA:13,0
DA:15,0
DA:16,0
DA:19,0
DA:20,0
DA:21,0
DA:22,0
DA:23,0
DA:27,0
DA:28,0
DA:29,0
DA:30,0
DA:32,0
DA:33,0
DA:34,0
DA:36,0
DA:41,0
DA:44,0
DA:50,0
DA:55,0
DA:60,0
DA:63,0
DA:68,0
DA:69,0
DA:73,0
DA:77,0
DA:85,0
DA:88,0
DA:91,0
DA:94,0
DA:97,0
DA:98,0
DA:99,0
DA:100,0
DA:101,0
DA:102,0
DA:103,0
DA:104,0
DA:105,0
DA:109,0
DA:115,0
DA:116,0
DA:117,0
DA:118,0
DA:119,0
DA:123,0
DA:124,0
DA:125,0
DA:129,0
DA:130,0
DA:131,0
DA:133,0
DA:136,0
DA:150,1
LF:64
LH:3
BRDA:32,0,0,0
BRDA:32,0,1,0
BRDA:38,1,0,0
BRDA:38,1,1,0
BRDA:68,2,0,0
BRDA:68,2,1,0
BRDA:98,3,0,0
BRDA:98,3,1,0
BRDA:130,4,0,0
BRDA:130,4,1,0
BRF:10
BRH:0
end_of_record
TN:
SF:src/lib/content/activities.js
FN:10,getAllActivities
FN:11,(anonymous_19)
FN:19,getActivityBySlug
FN:22,(anonymous_21)
FN:32,getActivityById
FN:35,(anonymous_23)
FN:45,getActivitiesByCategory
FN:47,(anonymous_25)
FN:56,getActivitiesByLevel
FN:58,(anonymous_27)
FN:67,searchActivities
FN:70,(anonymous_29)
FN:74,(anonymous_30)
FN:77,(anonymous_31)
FN:86,getActivitiesByFeature
FN:88,(anonymous_33)
FN:90,(anonymous_34)
FN:102,getRelatedActivities
FN:104,(anonymous_36)
FN:108,(anonymous_37)
FN:112,(anonymous_38)
FN:119,(anonymous_39)
FN:122,(anonymous_40)
FN:138,getActivityCategories
FN:146,getActivityLevels
FN:150,(anonymous_43)
FN:151,(anonymous_44)
FN:161,getActivityTimeSlots
FN:165,(anonymous_46)
FN:166,(anonymous_47)
FN:176,getActivityStats
FN:178,(anonymous_49)
FN:183,(anonymous_50)
FN:185,(anonymous_51)
FN:191,(anonymous_52)
FN:205,filterActivities
FN:207,(anonymous_54)
FN:212,(anonymous_55)
FN:217,(anonymous_56)
FN:221,(anonymous_57)
FN:229,(anonymous_58)
FN:232,(anonymous_59)
FN:245,getActivityPreviews
FN:247,(anonymous_61)
FN:248,(anonymous_62)
FN:269,getActivitiesByInstructor
FN:271,(anonymous_64)
FN:273,(anonymous_65)
FN:284,getPopularActivities
FN:286,(anonymous_67)
FN:287,(anonymous_68)
FNF:51
FNH:0
FNDA:0,getAllActivities
FNDA:0,(anonymous_19)
FNDA:0,getActivityBySlug
FNDA:0,(anonymous_21)
FNDA:0,getActivityById
FNDA:0,(anonymous_23)
FNDA:0,getActivitiesByCategory
FNDA:0,(anonymous_25)
FNDA:0,getActivitiesByLevel
FNDA:0,(anonymous_27)
FNDA:0,searchActivities
FNDA:0,(anonymous_29)
FNDA:0,(anonymous_30)
FNDA:0,(anonymous_31)
FNDA:0,getActivitiesByFeature
FNDA:0,(anonymous_33)
FNDA:0,(anonymous_34)
FNDA:0,getRelatedActivities
FNDA:0,(anonymous_36)
FNDA:0,(anonymous_37)
FNDA:0,(anonymous_38)
FNDA:0,(anonymous_39)
FNDA:0,(anonymous_40)
FNDA:0,getActivityCategories
FNDA:0,getActivityLevels
FNDA:0,(anonymous_43)
FNDA:0,(anonymous_44)
FNDA:0,getActivityTimeSlots
FNDA:0,(anonymous_46)
FNDA:0,(anonymous_47)
FNDA:0,getActivityStats
FNDA:0,(anonymous_49)
FNDA:0,(anonymous_50)
FNDA:0,(anonymous_51)
FNDA:0,(anonymous_52)
FNDA:0,filterActivities
FNDA:0,(anonymous_54)
FNDA:0,(anonymous_55)
FNDA:0,(anonymous_56)
FNDA:0,(anonymous_57)
FNDA:0,(anonymous_58)
FNDA:0,(anonymous_59)
FNDA:0,getActivityPreviews
FNDA:0,(anonymous_61)
FNDA:0,(anonymous_62)
FNDA:0,getActivitiesByInstructor
FNDA:0,(anonymous_64)
FNDA:0,(anonymous_65)
FNDA:0,getPopularActivities
FNDA:0,(anonymous_67)
FNDA:0,(anonymous_68)
DA:4,0
DA:10,0
DA:11,0
DA:19,0
DA:20,0
DA:22,0
DA:32,0
DA:33,0
DA:35,0
DA:45,0
DA:46,0
DA:47,0
DA:56,0
DA:57,0
DA:58,0
DA:67,0
DA:68,0
DA:69,0
DA:71,0
DA:75,0
DA:77,0
DA:86,0
DA:87,0
DA:89,0
DA:91,0
DA:102,0
DA:103,0
DA:105,0
DA:108,0
DA:112,0
DA:113,0
DA:114,0
DA:116,0
DA:117,0
DA:119,0
DA:120,0
DA:122,0
DA:123,0
DA:125,0
DA:126,0
DA:128,0
DA:131,0
DA:138,0
DA:139,0
DA:146,0
DA:147,0
DA:150,0
DA:151,0
DA:154,0
DA:161,0
DA:162,0
DA:165,0
DA:166,0
DA:169,0
DA:176,0
DA:177,0
DA:178,0
DA:181,0
DA:184,0
DA:185,0
DA:187,0
DA:191,0
DA:205,0
DA:206,0
DA:207,0
DA:210,0
DA:211,0
DA:212,0
DA:216,0
DA:217,0
DA:220,0
DA:221,0
DA:222,0
DA:226,0
DA:227,0
DA:228,0
DA:230,0
DA:233,0
DA:238,0
DA:245,0
DA:246,0
DA:247,0
DA:248,0
DA:269,0
DA:270,0
DA:272,0
DA:274,0
DA:284,0
DA:285,0
DA:286,0
DA:289,0
DA:290,0
DA:291,0
DA:294,0
LF:94
LH:0
BRDA:21,0,0,0
BRDA:21,0,1,0
BRDA:22,1,0,0
BRDA:22,1,1,0
BRDA:34,2,0,0
BRDA:34,2,1,0
BRDA:35,3,0,0
BRDA:35,3,1,0
BRDA:47,4,0,0
BRDA:47,4,1,0
BRDA:58,5,0,0
BRDA:58,5,1,0
BRDA:71,6,0,0
BRDA:71,6,1,0
BRDA:71,6,2,0
BRDA:71,6,3,0
BRDA:71,6,4,0
BRDA:89,7,0,0
BRDA:89,7,1,0
BRDA:102,8,0,0
BRDA:105,9,0,0
BRDA:105,9,1,0
BRDA:105,9,2,0
BRDA:105,9,3,0
BRDA:116,10,0,0
BRDA:116,10,1,0
BRDA:117,11,0,0
BRDA:117,11,1,0
BRDA:166,12,0,0
BRDA:166,12,1,0
BRDA:191,13,0,0
BRDA:191,13,1,0
BRDA:205,14,0,0
BRDA:210,15,0,0
BRDA:210,15,1,0
BRDA:216,16,0,0
BRDA:216,16,1,0
BRDA:220,17,0,0
BRDA:220,17,1,0
BRDA:226,18,0,0
BRDA:226,18,1,0
BRDA:230,19,0,0
BRDA:230,19,1,0
BRDA:230,19,2,0
BRDA:258,20,0,0
BRDA:258,20,1,0
BRDA:272,21,0,0
BRDA:272,21,1,0
BRDA:284,22,0,0
BRDA:289,23,0,0
BRDA:289,23,1,0
BRDA:290,24,0,0
BRDA:290,24,1,0
BRF:53
BRH:0
end_of_record
TN:
SF:src/lib/content/courses.js
FN:10,getAllCourses
FN:11,(anonymous_20)
FN:19,getCourseBySlug
FN:22,(anonymous_22)
FN:32,getCourseById
FN:35,(anonymous_24)
FN:45,getCoursesByCategory
FN:47,(anonymous_26)
FN:56,getCoursesByLevel
FN:58,(anonymous_28)
FN:67,getCoursesBySession
FN:69,(anonymous_30)
FN:78,searchCourses
FN:81,(anonymous_32)
FN:85,(anonymous_33)
FN:95,getRelatedCourses
FN:97,(anonymous_35)
FN:102,(anonymous_36)
FN:106,(anonymous_37)
FN:116,(anonymous_38)
FN:119,(anonymous_39)
FN:135,getCourseCategories
FN:143,getCourseLevels
FN:147,(anonymous_42)
FN:148,(anonymous_43)
FN:158,getCourseTags
FN:162,(anonymous_45)
FN:163,(anonymous_46)
FN:173,getCourseStats
FN:175,(anonymous_48)
FN:181,(anonymous_49)
FN:184,(anonymous_50)
FN:188,(anonymous_51)
FN:189,(anonymous_52)
FN:191,(anonymous_53)
FN:193,(anonymous_54)
FN:194,(anonymous_55)
FN:207,filterCourses
FN:208,(anonymous_57)
FN:212,(anonymous_58)
FN:217,(anonymous_59)
FN:222,(anonymous_60)
FN:228,(anonymous_61)
FN:229,(anonymous_62)
FN:236,(anonymous_63)
FN:239,(anonymous_64)
FN:250,getCourseFormOptions
FN:252,(anonymous_66)
FN:253,(anonymous_67)
FN:263,getCoursePreview
FN:265,(anonymous_69)
FN:266,(anonymous_70)
FN:288,getPopularCourses
FN:290,(anonymous_72)
FN:291,(anonymous_73)
FN:306,getFeaturedCourses
FN:310,(anonymous_75)
FN:313,(anonymous_76)
FNF:58
FNH:43
FNDA:4,getAllCourses
FNDA:24,(anonymous_20)
FNDA:5,getCourseBySlug
FNDA:12,(anonymous_22)
FNDA:2,getCourseById
FNDA:9,(anonymous_24)
FNDA:2,getCoursesByCategory
FNDA:12,(anonymous_26)
FNDA:1,getCoursesByLevel
FNDA:6,(anonymous_28)
FNDA:1,getCoursesBySession
FNDA:6,(anonymous_30)
FNDA:4,searchCourses
FNDA:24,(anonymous_32)
FNDA:109,(anonymous_33)
FNDA:2,getRelatedCourses
FNDA:12,(anonymous_35)
FNDA:20,(anonymous_36)
FNDA:6,(anonymous_37)
FNDA:30,(anonymous_38)
FNDA:30,(anonymous_39)
FNDA:1,getCourseCategories
FNDA:2,getCourseLevels
FNDA:12,(anonymous_42)
FNDA:12,(anonymous_43)
FNDA:0,getCourseTags
FNDA:0,(anonymous_45)
FNDA:0,(anonymous_46)
FNDA:1,getCourseStats
FNDA:6,(anonymous_48)
FNDA:6,(anonymous_49)
FNDA:6,(anonymous_50)
FNDA:6,(anonymous_51)
FNDA:6,(anonymous_52)
FNDA:6,(anonymous_53)
FNDA:4,(anonymous_54)
FNDA:24,(anonymous_55)
FNDA:4,filterCourses
FNDA:24,(anonymous_57)
FNDA:12,(anonymous_58)
FNDA:10,(anonymous_59)
FNDA:0,(anonymous_60)
FNDA:0,(anonymous_61)
FNDA:0,(anonymous_62)
FNDA:8,(anonymous_63)
FNDA:30,(anonymous_64)
FNDA:1,getCourseFormOptions
FNDA:6,(anonymous_66)
FNDA:6,(anonymous_67)
FNDA:0,getCoursePreview
FNDA:0,(anonymous_69)
FNDA:0,(anonymous_70)
FNDA:0,getPopularCourses
FNDA:0,(anonymous_72)
FNDA:0,(anonymous_73)
FNDA:0,getFeaturedCourses
FNDA:0,(anonymous_75)
FNDA:0,(anonymous_76)
DA:4,1
DA:10,4
DA:11,24
DA:19,5
DA:20,5
DA:22,12
DA:32,2
DA:33,2
DA:35,9
DA:45,2
DA:46,2
DA:47,12
DA:56,1
DA:57,1
DA:58,6
DA:67,1
DA:68,1
DA:69,6
DA:78,4
DA:79,4
DA:80,4
DA:82,24
DA:85,109
DA:95,2
DA:96,2
DA:98,12
DA:102,20
DA:106,2
DA:107,6
DA:108,6
DA:110,6
DA:111,6
DA:113,6
DA:114,6
DA:116,6
DA:117,30
DA:119,6
DA:120,30
DA:122,6
DA:123,6
DA:125,6
DA:128,2
DA:135,1
DA:136,1
DA:143,1
DA:144,2
DA:147,12
DA:148,12
DA:151,2
DA:158,0
DA:159,0
DA:162,0
DA:163,0
DA:166,0
DA:173,1
DA:174,1
DA:175,6
DA:178,1
DA:181,6
DA:184,6
DA:188,6
DA:189,6
DA:191,6
DA:194,24
DA:195,4
DA:207,4
DA:208,24
DA:210,4
DA:211,2
DA:212,12
DA:216,4
DA:217,10
DA:220,4
DA:221,0
DA:223,0
DA:227,4
DA:228,0
DA:229,0
DA:233,4
DA:234,2
DA:235,2
DA:237,8
DA:239,30
DA:243,4
DA:250,1
DA:251,1
DA:252,6
DA:253,6
DA:263,0
DA:264,0
DA:265,0
DA:266,0
DA:288,0
DA:289,0
DA:290,0
DA:293,0
DA:294,0
DA:295,0
DA:298,0
DA:306,0
DA:308,0
DA:311,0
DA:315,0
DA:316,0
DA:317,0
DA:320,0
LF:106
LH:79
BRDA:21,0,0,5
BRDA:21,0,1,1
BRDA:22,1,0,12
BRDA:22,1,1,4
BRDA:34,2,0,2
BRDA:34,2,1,1
BRDA:35,3,0,9
BRDA:35,3,1,1
BRDA:47,4,0,12
BRDA:47,4,1,5
BRDA:58,5,0,6
BRDA:58,5,1,2
BRDA:69,6,0,6
BRDA:69,6,1,2
BRDA:82,7,0,24
BRDA:82,7,1,24
BRDA:82,7,2,23
BRDA:82,7,3,22
BRDA:95,8,0,0
BRDA:98,9,0,12
BRDA:98,9,1,12
BRDA:98,9,2,10
BRDA:98,9,3,4
BRDA:98,9,4,4
BRDA:110,10,0,6
BRDA:110,10,1,0
BRDA:111,11,0,6
BRDA:111,11,1,0
BRDA:113,12,0,2
BRDA:113,12,1,4
BRDA:114,13,0,2
BRDA:114,13,1,4
BRDA:207,14,0,0
BRDA:210,15,0,2
BRDA:210,15,1,2
BRDA:216,16,0,2
BRDA:216,16,1,2
BRDA:220,17,0,0
BRDA:220,17,1,4
BRDA:223,18,0,0
BRDA:223,18,1,0
BRDA:227,19,0,0
BRDA:227,19,1,4
BRDA:227,20,0,4
BRDA:227,20,1,0
BRDA:233,21,0,2
BRDA:233,21,1,2
BRDA:237,22,0,8
BRDA:237,22,1,6
BRDA:237,22,2,6
BRDA:276,23,0,0
BRDA:276,23,1,0
BRDA:288,24,0,0
BRDA:293,25,0,0
BRDA:293,25,1,0
BRDA:293,26,0,0
BRDA:293,26,1,0
BRDA:294,27,0,0
BRDA:294,27,1,0
BRDA:294,28,0,0
BRDA:294,28,1,0
BRDA:306,29,0,0
BRDA:311,30,0,0
BRDA:311,30,1,0
BRDA:311,30,2,0
BRDA:315,31,0,0
BRDA:315,31,1,0
BRDA:315,32,0,0
BRDA:315,32,1,0
BRDA:316,33,0,0
BRDA:316,33,1,0
BRDA:316,34,0,0
BRDA:316,34,1,0
BRF:73
BRH:41
end_of_record
TN:
SF:src/lib/content/staff.js
FN:10,getAllStaff
FN:11,(anonymous_17)
FN:19,getStaffBySlug
FN:21,(anonymous_19)
FN:31,getStaffById
FN:33,(anonymous_21)
FN:42,getStaffByDepartment
FN:44,(anonymous_23)
FN:53,getStaffByPosition
FN:55,(anonymous_25)
FN:66,searchStaff
FN:69,(anonymous_27)
FN:74,(anonymous_28)
FN:77,(anonymous_29)
FN:86,getStaffByCourse
FN:88,(anonymous_31)
FN:99,getRelatedStaff
FN:101,(anonymous_33)
FN:105,(anonymous_34)
FN:109,(anonymous_35)
FN:116,(anonymous_36)
FN:119,(anonymous_37)
FN:135,getStaffDepartments
FN:143,getStaffExpertise
FN:147,(anonymous_40)
FN:148,(anonymous_41)
FN:158,getStaffPositions
FN:162,(anonymous_43)
FN:163,(anonymous_44)
FN:173,getStaffStats
FN:174,(anonymous_46)
FN:178,(anonymous_47)
FN:179,(anonymous_48)
FN:182,(anonymous_49)
FN:193,filterStaff
FN:194,(anonymous_51)
FN:198,(anonymous_52)
FN:203,(anonymous_53)
FN:209,(anonymous_54)
FN:210,(anonymous_55)
FN:217,(anonymous_56)
FN:221,(anonymous_57)
FN:228,(anonymous_58)
FN:238,getStaffPreviews
FN:240,(anonymous_60)
FN:241,(anonymous_61)
FNF:46
FNH:0
FNDA:0,getAllStaff
FNDA:0,(anonymous_17)
FNDA:0,getStaffBySlug
FNDA:0,(anonymous_19)
FNDA:0,getStaffById
FNDA:0,(anonymous_21)
FNDA:0,getStaffByDepartment
FNDA:0,(anonymous_23)
FNDA:0,getStaffByPosition
FNDA:0,(anonymous_25)
FNDA:0,searchStaff
FNDA:0,(anonymous_27)
FNDA:0,(anonymous_28)
FNDA:0,(anonymous_29)
FNDA:0,getStaffByCourse
FNDA:0,(anonymous_31)
FNDA:0,getRelatedStaff
FNDA:0,(anonymous_33)
FNDA:0,(anonymous_34)
FNDA:0,(anonymous_35)
FNDA:0,(anonymous_36)
FNDA:0,(anonymous_37)
FNDA:0,getStaffDepartments
FNDA:0,getStaffExpertise
FNDA:0,(anonymous_40)
FNDA:0,(anonymous_41)
FNDA:0,getStaffPositions
FNDA:0,(anonymous_43)
FNDA:0,(anonymous_44)
FNDA:0,getStaffStats
FNDA:0,(anonymous_46)
FNDA:0,(anonymous_47)
FNDA:0,(anonymous_48)
FNDA:0,(anonymous_49)
FNDA:0,filterStaff
FNDA:0,(anonymous_51)
FNDA:0,(anonymous_52)
FNDA:0,(anonymous_53)
FNDA:0,(anonymous_54)
FNDA:0,(anonymous_55)
FNDA:0,(anonymous_56)
FNDA:0,(anonymous_57)
FNDA:0,(anonymous_58)
FNDA:0,getStaffPreviews
FNDA:0,(anonymous_60)
FNDA:0,(anonymous_61)
DA:4,0
DA:10,0
DA:11,0
DA:19,0
DA:20,0
DA:21,0
DA:31,0
DA:32,0
DA:33,0
DA:42,0
DA:43,0
DA:44,0
DA:53,0
DA:54,0
DA:56,0
DA:66,0
DA:67,0
DA:68,0
DA:70,0
DA:75,0
DA:77,0
DA:86,0
DA:87,0
DA:89,0
DA:99,0
DA:100,0
DA:102,0
DA:105,0
DA:109,0
DA:110,0
DA:111,0
DA:113,0
DA:114,0
DA:116,0
DA:117,0
DA:119,0
DA:120,0
DA:122,0
DA:123,0
DA:125,0
DA:128,0
DA:135,0
DA:136,0
DA:143,0
DA:144,0
DA:147,0
DA:148,0
DA:151,0
DA:158,0
DA:159,0
DA:162,0
DA:163,0
DA:166,0
DA:173,0
DA:174,0
DA:176,0
DA:179,0
DA:180,0
DA:182,0
DA:193,0
DA:194,0
DA:196,0
DA:197,0
DA:198,0
DA:202,0
DA:203,0
DA:204,0
DA:208,0
DA:209,0
DA:210,0
DA:214,0
DA:215,0
DA:216,0
DA:218,0
DA:222,0
DA:227,0
DA:228,0
DA:231,0
DA:238,0
DA:239,0
DA:240,0
DA:241,0
LF:82
LH:0
BRDA:21,0,0,0
BRDA:21,0,1,0
BRDA:21,1,0,0
BRDA:21,1,1,0
BRDA:33,2,0,0
BRDA:33,2,1,0
BRDA:33,3,0,0
BRDA:33,3,1,0
BRDA:44,4,0,0
BRDA:44,4,1,0
BRDA:56,5,0,0
BRDA:56,5,1,0
BRDA:70,6,0,0
BRDA:70,6,1,0
BRDA:70,6,2,0
BRDA:70,6,3,0
BRDA:70,6,4,0
BRDA:70,6,5,0
BRDA:89,7,0,0
BRDA:89,7,1,0
BRDA:89,7,2,0
BRDA:99,8,0,0
BRDA:102,9,0,0
BRDA:102,9,1,0
BRDA:102,9,2,0
BRDA:102,9,3,0
BRDA:113,10,0,0
BRDA:113,10,1,0
BRDA:114,11,0,0
BRDA:114,11,1,0
BRDA:193,12,0,0
BRDA:196,13,0,0
BRDA:196,13,1,0
BRDA:202,14,0,0
BRDA:202,14,1,0
BRDA:208,15,0,0
BRDA:208,15,1,0
BRDA:208,16,0,0
BRDA:208,16,1,0
BRDA:214,17,0,0
BRDA:214,17,1,0
BRDA:218,18,0,0
BRDA:218,18,1,0
BRDA:218,18,2,0
BRDA:218,18,3,0
BRDA:227,19,0,0
BRDA:227,19,1,0
BRDA:249,20,0,0
BRDA:249,20,1,0
BRF:49
BRH:0
end_of_record
TN:
SF:src/lib/content/trips.js
FN:10,getAllTrips
FN:11,(anonymous_23)
FN:19,getTripBySlug
FN:21,(anonymous_25)
FN:30,getTripById
FN:32,(anonymous_27)
FN:41,getTripsByCategory
FN:43,(anonymous_29)
FN:52,getTripsByDuration
FN:54,(anonymous_31)
FN:63,searchTrips
FN:66,(anonymous_33)
FN:70,(anonymous_34)
FN:73,(anonymous_35)
FN:82,getTripsByHighlight
FN:84,(anonymous_37)
FN:86,(anonymous_38)
FN:98,getRelatedTrips
FN:100,(anonymous_40)
FN:104,(anonymous_41)
FN:108,(anonymous_42)
FN:115,(anonymous_43)
FN:116,(anonymous_44)
FN:130,getTripCategories
FN:138,getTripLocations
FN:142,(anonymous_47)
FN:143,(anonymous_48)
FN:153,getTripTransportModes
FN:157,(anonymous_50)
FN:158,(anonymous_51)
FN:168,getTripStats
FN:169,(anonymous_53)
FN:173,(anonymous_54)
FN:175,(anonymous_55)
FN:180,(anonymous_56)
FN:195,filterTrips
FN:196,(anonymous_58)
FN:199,(anonymous_59)
FN:203,(anonymous_60)
FN:207,(anonymous_61)
FN:215,(anonymous_62)
FN:218,(anonymous_63)
FN:231,getTripPreviews
FN:233,(anonymous_65)
FN:234,(anonymous_66)
FN:256,getTripsByEducationalFocus
FN:258,(anonymous_68)
FN:260,(anonymous_69)
FN:270,getUniversityTrips
FN:278,getCulturalTrips
FN:286,getEducationalTours
FN:294,getRecreationalTrips
FN:303,getPopularTrips
FN:305,(anonymous_75)
FN:306,(anonymous_76)
FNF:55
FNH:0
FNDA:0,getAllTrips
FNDA:0,(anonymous_23)
FNDA:0,getTripBySlug
FNDA:0,(anonymous_25)
FNDA:0,getTripById
FNDA:0,(anonymous_27)
FNDA:0,getTripsByCategory
FNDA:0,(anonymous_29)
FNDA:0,getTripsByDuration
FNDA:0,(anonymous_31)
FNDA:0,searchTrips
FNDA:0,(anonymous_33)
FNDA:0,(anonymous_34)
FNDA:0,(anonymous_35)
FNDA:0,getTripsByHighlight
FNDA:0,(anonymous_37)
FNDA:0,(anonymous_38)
FNDA:0,getRelatedTrips
FNDA:0,(anonymous_40)
FNDA:0,(anonymous_41)
FNDA:0,(anonymous_42)
FNDA:0,(anonymous_43)
FNDA:0,(anonymous_44)
FNDA:0,getTripCategories
FNDA:0,getTripLocations
FNDA:0,(anonymous_47)
FNDA:0,(anonymous_48)
FNDA:0,getTripTransportModes
FNDA:0,(anonymous_50)
FNDA:0,(anonymous_51)
FNDA:0,getTripStats
FNDA:0,(anonymous_53)
FNDA:0,(anonymous_54)
FNDA:0,(anonymous_55)
FNDA:0,(anonymous_56)
FNDA:0,filterTrips
FNDA:0,(anonymous_58)
FNDA:0,(anonymous_59)
FNDA:0,(anonymous_60)
FNDA:0,(anonymous_61)
FNDA:0,(anonymous_62)
FNDA:0,(anonymous_63)
FNDA:0,getTripPreviews
FNDA:0,(anonymous_65)
FNDA:0,(anonymous_66)
FNDA:0,getTripsByEducationalFocus
FNDA:0,(anonymous_68)
FNDA:0,(anonymous_69)
FNDA:0,getUniversityTrips
FNDA:0,getCulturalTrips
FNDA:0,getEducationalTours
FNDA:0,getRecreationalTrips
FNDA:0,getPopularTrips
FNDA:0,(anonymous_75)
FNDA:0,(anonymous_76)
DA:4,0
DA:10,0
DA:11,0
DA:19,0
DA:20,0
DA:21,0
DA:30,0
DA:31,0
DA:32,0
DA:41,0
DA:42,0
DA:43,0
DA:52,0
DA:53,0
DA:54,0
DA:63,0
DA:64,0
DA:65,0
DA:67,0
DA:71,0
DA:73,0
DA:82,0
DA:83,0
DA:85,0
DA:87,0
DA:98,0
DA:99,0
DA:101,0
DA:104,0
DA:108,0
DA:109,0
DA:110,0
DA:112,0
DA:113,0
DA:115,0
DA:116,0
DA:117,0
DA:118,0
DA:120,0
DA:123,0
DA:130,0
DA:131,0
DA:138,0
DA:139,0
DA:142,0
DA:143,0
DA:146,0
DA:153,0
DA:154,0
DA:157,0
DA:158,0
DA:161,0
DA:168,0
DA:169,0
DA:171,0
DA:174,0
DA:175,0
DA:177,0
DA:181,0
DA:182,0
DA:195,0
DA:196,0
DA:198,0
DA:199,0
DA:202,0
DA:203,0
DA:206,0
DA:207,0
DA:208,0
DA:212,0
DA:213,0
DA:214,0
DA:216,0
DA:219,0
DA:224,0
DA:231,0
DA:232,0
DA:233,0
DA:234,0
DA:256,0
DA:257,0
DA:259,0
DA:261,0
DA:270,0
DA:271,0
DA:278,0
DA:279,0
DA:286,0
DA:287,0
DA:294,0
DA:295,0
DA:303,0
DA:304,0
DA:305,0
DA:308,0
DA:309,0
DA:310,0
DA:311,0
DA:313,0
DA:314,0
DA:315,0
DA:318,0
LF:102
LH:0
BRDA:21,0,0,0
BRDA:21,0,1,0
BRDA:21,1,0,0
BRDA:21,1,1,0
BRDA:32,2,0,0
BRDA:32,2,1,0
BRDA:32,3,0,0
BRDA:32,3,1,0
BRDA:43,4,0,0
BRDA:43,4,1,0
BRDA:54,5,0,0
BRDA:54,5,1,0
BRDA:67,6,0,0
BRDA:67,6,1,0
BRDA:67,6,2,0
BRDA:67,6,3,0
BRDA:67,6,4,0
BRDA:85,7,0,0
BRDA:85,7,1,0
BRDA:98,8,0,0
BRDA:101,9,0,0
BRDA:101,9,1,0
BRDA:101,9,2,0
BRDA:101,9,3,0
BRDA:112,10,0,0
BRDA:112,10,1,0
BRDA:113,11,0,0
BRDA:113,11,1,0
BRDA:181,12,0,0
BRDA:181,12,1,0
BRDA:195,13,0,0
BRDA:198,14,0,0
BRDA:198,14,1,0
BRDA:202,15,0,0
BRDA:202,15,1,0
BRDA:206,16,0,0
BRDA:206,16,1,0
BRDA:212,17,0,0
BRDA:212,17,1,0
BRDA:216,18,0,0
BRDA:216,18,1,0
BRDA:216,18,2,0
BRDA:245,19,0,0
BRDA:245,19,1,0
BRDA:259,20,0,0
BRDA:259,20,1,0
BRDA:303,21,0,0
BRDA:308,22,0,0
BRDA:308,22,1,0
BRDA:309,23,0,0
BRDA:309,23,1,0
BRDA:310,24,0,0
BRDA:310,24,1,0
BRDA:311,25,0,0
BRDA:311,25,1,0
BRF:55
BRH:0
end_of_record
TN:
SF:src/lib/schemas/applicationFormSchema.js
FN:19,(anonymous_1)
FN:109,(anonymous_2)
FN:121,(anonymous_3)
FN:138,(anonymous_4)
FN:148,(anonymous_5)
FNF:5
FNH:5
FNDA:4,(anonymous_1)
FNDA:4,(anonymous_2)
FNDA:4,(anonymous_3)
FNDA:4,(anonymous_4)
FNDA:3,(anonymous_5)
DA:1,1
DA:2,1
DA:4,4
DA:19,4
DA:109,4
DA:122,4
DA:123,0
DA:131,0
DA:139,4
DA:140,0
DA:141,0
DA:149,3
DA:153,1
LF:13
LH:9
BRDA:122,0,0,4
BRDA:122,0,1,0
BRDA:122,1,0,4
BRDA:122,1,1,0
BRDA:139,2,0,4
BRDA:139,2,1,0
BRDA:139,3,0,4
BRDA:139,3,1,0
BRDA:149,4,0,1
BRDA:149,4,1,2
BRDA:150,5,0,3
BRDA:150,5,1,1
BRF:12
BRH:8
end_of_record
TN:
SF:src/lib/schemas/contentSchema.js
FN:210,validateAcademicPrograms
FN:224,validateLifeActivities
FN:238,validateDayTrips
FN:252,validateStaff
FN:267,validateContentItem
FN:297,generateSlug
FN:311,isValidSlug
FNF:7
FNH:7
FNDA:3,validateAcademicPrograms
FNDA:1,validateLifeActivities
FNDA:1,validateDayTrips
FNDA:1,validateStaff
FNDA:9,validateContentItem
FNDA:5,generateSlug
FNDA:23,isValidSlug
DA:4,1
DA:10,1
DA:24,1
DA:43,1
DA:63,1
DA:79,1
DA:86,1
DA:99,1
DA:115,1
DA:123,1
DA:137,1
DA:151,1
DA:158,1
DA:166,1
DA:172,1
DA:189,1
DA:210,3
DA:211,3
DA:212,3
DA:213,3
DA:215,0
DA:224,3
DA:225,1
DA:226,1
DA:227,0
DA:229,1
DA:238,3
DA:239,1
DA:240,1
DA:241,0
DA:243,1
DA:252,3
DA:253,1
DA:254,1
DA:255,0
DA:257,1
DA:267,9
DA:268,9
DA:275,9
DA:276,9
DA:277,1
DA:284,8
DA:285,8
DA:286,2
DA:288,6
DA:297,5
DA:298,5
DA:311,23
DA:312,23
LF:49
LH:45
BRDA:276,0,0,1
BRDA:276,0,1,8
BRF:2
BRH:2
end_of_record
TN:
SF:src/lib/utils/navigation.js
FN:9,generateBreadcrumbs
FN:10,(anonymous_7)
FN:23,createContentNavigation
FN:44,(anonymous_9)
FN:83,findRelatedContent
FN:85,(anonymous_11)
FN:89,(anonymous_12)
FN:93,(anonymous_13)
FN:107,(anonymous_14)
FN:113,(anonymous_15)
FN:122,(anonymous_16)
FN:138,getRelatedType
FN:156,getContentType
FN:169,getBreadcrumbLabel
FN:186,generateSitemapEntries
FN:188,(anonymous_21)
FN:189,(anonymous_22)
FN:202,createContentFilters
FN:204,(anonymous_24)
FN:207,(anonymous_25)
FN:209,(anonymous_26)
FN:223,generateContentSummary
FN:224,(anonymous_28)
FN:229,(anonymous_29)
FN:231,(anonymous_30)
FN:238,(anonymous_31)
FNF:26
FNH:0
FNDA:0,generateBreadcrumbs
FNDA:0,(anonymous_7)
FNDA:0,createContentNavigation
FNDA:0,(anonymous_9)
FNDA:0,findRelatedContent
FNDA:0,(anonymous_11)
FNDA:0,(anonymous_12)
FNDA:0,(anonymous_13)
FNDA:0,(anonymous_14)
FNDA:0,(anonymous_15)
FNDA:0,(anonymous_16)
FNDA:0,getRelatedType
FNDA:0,getContentType
FNDA:0,getBreadcrumbLabel
FNDA:0,generateSitemapEntries
FNDA:0,(anonymous_21)
FNDA:0,(anonymous_22)
FNDA:0,createContentFilters
FNDA:0,(anonymous_24)
FNDA:0,(anonymous_25)
FNDA:0,(anonymous_26)
FNDA:0,generateContentSummary
FNDA:0,(anonymous_28)
FNDA:0,(anonymous_29)
FNDA:0,(anonymous_30)
FNDA:0,(anonymous_31)
DA:9,0
DA:10,0
DA:23,0
DA:34,0
DA:37,0
DA:44,0
DA:46,0
DA:54,0
DA:62,0
DA:63,0
DA:64,0
DA:67,0
DA:84,0
DA:86,0
DA:89,0
DA:93,0
DA:94,0
DA:95,0
DA:98,0
DA:99,0
DA:102,0
DA:103,0
DA:106,0
DA:107,0
DA:108,0
DA:110,0
DA:112,0
DA:113,0
DA:114,0
DA:116,0
DA:119,0
DA:122,0
DA:139,0
DA:140,0
DA:142,0
DA:143,0
DA:145,0
DA:146,0
DA:148,0
DA:157,0
DA:158,0
DA:159,0
DA:160,0
DA:161,0
DA:170,0
DA:176,0
DA:186,0
DA:187,0
DA:188,0
DA:189,0
DA:202,0
DA:203,0
DA:204,0
DA:206,0
DA:207,0
DA:209,0
DA:211,0
DA:223,0
DA:224,0
DA:226,0
DA:230,0
DA:231,0
DA:233,0
DA:238,0
LF:64
LH:0
BRDA:12,0,0,0
BRDA:12,0,1,0
BRDA:25,1,0,0
BRDA:26,2,0,0
BRDA:29,3,0,0
BRDA:30,4,0,0
BRDA:31,5,0,0
BRDA:32,6,0,0
BRDA:33,7,0,0
BRDA:46,8,0,0
BRDA:46,8,1,0
BRDA:54,9,0,0
BRDA:54,9,1,0
BRDA:63,10,0,0
BRDA:63,10,1,0
BRDA:63,11,0,0
BRDA:63,11,1,0
BRDA:83,12,0,0
BRDA:83,13,0,0
BRDA:86,14,0,0
BRDA:86,14,1,0
BRDA:86,14,2,0
BRDA:86,14,3,0
BRDA:86,14,4,0
BRDA:86,14,5,0
BRDA:86,14,6,0
BRDA:98,15,0,0
BRDA:98,15,1,0
BRDA:99,16,0,0
BRDA:99,16,1,0
BRDA:102,17,0,0
BRDA:102,17,1,0
BRDA:103,18,0,0
BRDA:103,18,1,0
BRDA:106,19,0,0
BRDA:106,19,1,0
BRDA:106,20,0,0
BRDA:106,20,1,0
BRDA:112,21,0,0
BRDA:112,21,1,0
BRDA:112,22,0,0
BRDA:112,22,1,0
BRDA:139,23,0,0
BRDA:139,23,1,0
BRDA:139,24,0,0
BRDA:139,24,1,0
BRDA:142,25,0,0
BRDA:142,25,1,0
BRDA:145,26,0,0
BRDA:145,26,1,0
BRDA:157,27,0,0
BRDA:157,27,1,0
BRDA:158,28,0,0
BRDA:158,28,1,0
BRDA:159,29,0,0
BRDA:159,29,1,0
BRDA:160,30,0,0
BRDA:160,30,1,0
BRDA:176,31,0,0
BRDA:176,31,1,0
BRDA:209,32,0,0
BRDA:209,32,1,0
BRF:62
BRH:0
end_of_record
